#
# A fatal error has been detected by the Java Runtime Environment:
#
#  EXCEPTION_ACCESS_VIOLATION (0xc0000005) at pc=0x00007ffdf16823b0, pid=6280, tid=20872
#
# JRE version: Java(TM) SE Runtime Environment (14.0.2+12) (build 14.0.2+12-46)
# Java VM: Java HotSpot(TM) 64-Bit Server VM (14.0.2+12-46, mixed mode, sharing, tiered, compressed oops, g1 gc, windows-amd64)
# Problematic frame:
# C  [ig9icd64.dll+0xc23b0]
#
# No core dump will be written. Minidumps are not enabled by default on client versions of Windows
#
# If you would like to submit a bug report, please visit:
#   https://bugreport.java.com/bugreport/crash.jsp
# The crash happened outside the Java Virtual Machine in native code.
# See problematic frame for where to report the bug.
#

---------------  S U M M A R Y ------------

Command Line: -Dfile.encoding=windows-1252 -Duser.country=US -Duser.language=en -Duser.variant Main

Host: Intel(R) Core(TM) i7-7500U CPU @ 2.70GHz, 4 cores, 15G,  Windows 10 , 64 bit Build 19041 (10.0.19041.546)
Time: Sun Nov 29 15:24:37 2020 US Mountain Standard Time elapsed time: 0 seconds (0d 0h 0m 0s)

---------------  T H R E A D  ---------------

Current thread (0x0000025ebeb9c800):  JavaThread "main" [_thread_in_native, id=20872, stack(0x000000974a500000,0x000000974a600000)]

Stack: [0x000000974a500000,0x000000974a600000],  sp=0x000000974a5fe3f0,  free space=1016k
Native frames: (J=compiled Java code, j=interpreted, Vv=VM code, C=native code)
C  [ig9icd64.dll+0xc23b0]

Java frames: (J=compiled Java code, j=interpreted, Vv=VM code)
j  org.lwjgl.opengl.GL11C.nglTexImage2D(IIIIIIIIJ)V+0
j  org.lwjgl.opengl.GL11C.glTexImage2D(IIIIIIIILjava/nio/ByteBuffer;)V+17
j  org.lwjgl.opengl.GL11.glTexImage2D(IIIIIIIILjava/nio/ByteBuffer;)V+14
j  renderer.Texture.<init>(Ljava/lang/String;)V+132
j  jade.LevelEditorScene.init()V+49
j  jade.Window.changeScene(I)V+41
j  jade.Window.init()V+162
j  jade.Window.run()V+15
j  Main.main([Ljava/lang/String;)V+5
v  ~StubRoutines::call_stub

siginfo: EXCEPTION_ACCESS_VIOLATION (0xc0000005), reading address 0x0000025eee176000


Register to memory mapping:

RIP=0x00007ffdf16823b0 ig9icd64.dll
RAX=0x000000000000000e is an unknown value
RBX=0x000000974a5fe4e0 is pointing into the stack for thread: 0x0000025ebeb9c800
RCX=0x0 is NULL
RDX=0x0000025eee175ff4 points into unknown readable memory: 00 00 00 00
RSP=0x000000974a5fe3f0 is pointing into the stack for thread: 0x0000025ebeb9c800
RBP=0x0 is NULL
RSI=0x0000025ee86b6d80 points into unknown readable memory: 19 19 19 19 19 19 19 19
RDI=0x0000025ee86b7480 points into unknown readable memory: 00 00 00 00 00 00 00 00
R8 =0x0000000000000062 is an unknown value
R9 =0x0 is NULL
R10=0x0000000000000006 is an unknown value
R11=0x0000025ee4d76224 points into unknown readable memory: 00 00 00 00
R12=0x0 is NULL
R13=0x000000974a5fe670 is pointing into the stack for thread: 0x0000025ebeb9c800
R14=0x0000000000000762 is an unknown value
R15=0x0000000000000001 is an unknown value


Registers:
RAX=0x000000000000000e, RBX=0x000000974a5fe4e0, RCX=0x0000000000000000, RDX=0x0000025eee175ff4
RSP=0x000000974a5fe3f0, RBP=0x0000000000000000, RSI=0x0000025ee86b6d80, RDI=0x0000025ee86b7480
R8 =0x0000000000000062, R9 =0x0000000000000000, R10=0x0000000000000006, R11=0x0000025ee4d76224
R12=0x0000000000000000, R13=0x000000974a5fe670, R14=0x0000000000000762, R15=0x0000000000000001
RIP=0x00007ffdf16823b0, EFLAGS=0x0000000000010206

Top of Stack: (sp=0x000000974a5fe3f0)
0x000000974a5fe3f0:   0000000000000000 0000000000000000
0x000000974a5fe400:   0000000000000000 0000000000000000
0x000000974a5fe410:   0000025eee1758f4 00007ffdf1a33f70
0x000000974a5fe420:   0000027600000276 0000000200000031
0x000000974a5fe430:   000000974a5fe5d0 0000000000000001
0x000000974a5fe440:   0000000000000000 00007ffdf1a367ff
0x000000974a5fe450:   000000974a5fe550 000000974a5fe630
0x000000974a5fe460:   0000025ee8590000 00007ffdf1a34ee0
0x000000974a5fe470:   00007ffdf15f002a 00007ffd00000001
0x000000974a5fe480:   0000025eee053040 0000000100000000
0x000000974a5fe490:   40001ec040000240 0000000000000000
0x000000974a5fe4a0:   0000025ee8590000 0000000000000000
0x000000974a5fe4b0:   0000000000000000 00007ffdf15e5518
0x000000974a5fe4c0:   0000025ee4e8a290 0000000000000000
0x000000974a5fe4d0:   00000000e4d0bd00 0000000000000000
0x000000974a5fe4e0:   00007ffdf1fc8e70 0000025ee4d5d540 

Instructions: (pc=0x00007ffdf16823b0)
0x00007ffdf16822b0:   82 cf 01 00 00 44 8b cf 41 83 e1 0f 74 41 f3 0f
0x00007ffdf16822c0:   6f 12 b8 10 00 00 00 66 0f 6f 0d 71 03 8f 00 41
0x00007ffdf16822d0:   2b c1 44 8b c8 b8 0f 00 00 00 41 2a c1 49 03 d1
0x00007ffdf16822e0:   0f be c0 66 0f 6e c0 66 0f 60 c0 66 0f 61 c0 66
0x00007ffdf16822f0:   0f 70 c0 00 66 0f 64 c8 66 0f f7 d1 49 03 f9 41
0x00007ffdf1682300:   8b c1 44 8b d1 4c 2b c0 0f 29 74 24 10 4d 8b c8
0x00007ffdf1682310:   0f 29 3c 24 49 c1 e9 07 f6 c2 0f 0f 84 af 00 00
0x00007ffdf1682320:   00 4d 85 c9 74 6b 66 66 0f 1f 84 00 00 00 00 00
0x00007ffdf1682330:   f3 0f 6f 3a 41 ff c2 f3 0f 6f 72 10 41 8b c2 f3
0x00007ffdf1682340:   0f 6f 6a 20 f3 0f 6f 62 30 f3 0f 6f 5a 40 f3 0f
0x00007ffdf1682350:   6f 52 50 f3 0f 6f 4a 60 f3 0f 6f 42 70 66 0f e7
0x00007ffdf1682360:   3f 66 0f e7 77 10 66 0f e7 6f 20 66 0f e7 67 30
0x00007ffdf1682370:   66 0f e7 5f 40 66 0f e7 57 50 66 0f e7 4f 60 66
0x00007ffdf1682380:   0f e7 47 70 48 83 ef 80 48 83 ea 80 49 3b c1 72
0x00007ffdf1682390:   9f 41 83 e0 7f 0f 84 e0 00 00 00 45 8b d0 44 8b
0x00007ffdf16823a0:   c9 49 c1 ea 04 4d 85 d2 0f 84 cd 00 00 00 66 90
0x00007ffdf16823b0:   f3 0f 6f 02 41 ff c1 48 83 c2 10 41 8b c1 66 0f
0x00007ffdf16823c0:   e7 07 48 83 c7 10 49 3b c2 72 e5 e9 ab 00 00 00
0x00007ffdf16823d0:   4d 85 c9 74 6c 66 66 66 0f 1f 84 00 00 00 00 00
0x00007ffdf16823e0:   66 0f 6f 3a 41 ff c2 66 0f 6f 72 10 66 0f 6f 6a
0x00007ffdf16823f0:   20 66 0f 6f 62 30 66 0f 6f 5a 40 66 0f 6f 52 50
0x00007ffdf1682400:   66 0f 6f 4a 60 66 0f 6f 42 70 48 83 ea 80 66 0f
0x00007ffdf1682410:   e7 3f 66 0f e7 77 10 66 0f e7 6f 20 66 0f e7 67
0x00007ffdf1682420:   30 66 0f e7 5f 40 66 0f e7 57 50 66 0f e7 4f 60
0x00007ffdf1682430:   66 0f e7 47 70 48 83 ef 80 41 8b c2 49 3b c1 72
0x00007ffdf1682440:   9f 41 83 e0 7f 74 34 45 8b d0 44 8b c9 49 c1 ea
0x00007ffdf1682450:   04 4d 85 d2 74 25 66 66 0f 1f 84 00 00 00 00 00
0x00007ffdf1682460:   66 0f 6f 02 41 ff c1 66 0f e7 07 48 83 c7 10 41
0x00007ffdf1682470:   8b c1 48 83 c2 10 49 3b c2 72 e5 0f 28 74 24 10
0x00007ffdf1682480:   0f 28 3c 24 41 83 e0 0f 74 49 45 8b d0 44 8b c9
0x00007ffdf1682490:   49 c1 ea 02 4d 85 d2 74 1e 0f 1f 80 00 00 00 00
0x00007ffdf16824a0:   8b 02 41 ff c1 89 07 48 83 c2 04 48 83 c7 04 41 


Stack slot to memory mapping:
stack at sp + 0 slots: 0x0 is NULL
stack at sp + 1 slots: 0x0 is NULL
stack at sp + 2 slots: 0x0 is NULL
stack at sp + 3 slots: 0x0 is NULL
stack at sp + 4 slots: 0x0000025eee1758f4 points into unknown readable memory: 19 19 19 19
stack at sp + 5 slots: 0x00007ffdf1a33f70 ig9icd64.dll
stack at sp + 6 slots: 0x0000027600000276 is an unknown value
stack at sp + 7 slots: 0x0000000200000031 is an unknown value


---------------  P R O C E S S  ---------------

Threads class SMR info:
_java_thread_list=0x0000025ee48d3130, length=11, elements={
0x0000025ebeb9c800, 0x0000025ee3ec2800, 0x0000025ee3ec6000, 0x0000025ee3ee6800,
0x0000025ee3ee7800, 0x0000025ee3ee8800, 0x0000025ee3eea800, 0x0000025ee3ef6000,
0x0000025ee478a000, 0x0000025ee48c8000, 0x0000025ee48d3800
}

Java Threads: ( => current thread )
=>0x0000025ebeb9c800 JavaThread "main" [_thread_in_native, id=20872, stack(0x000000974a500000,0x000000974a600000)]
  0x0000025ee3ec2800 JavaThread "Reference Handler" daemon [_thread_blocked, id=5400, stack(0x000000974ac00000,0x000000974ad00000)]
  0x0000025ee3ec6000 JavaThread "Finalizer" daemon [_thread_blocked, id=23448, stack(0x000000974ad00000,0x000000974ae00000)]
  0x0000025ee3ee6800 JavaThread "Signal Dispatcher" daemon [_thread_blocked, id=9820, stack(0x000000974ae00000,0x000000974af00000)]
  0x0000025ee3ee7800 JavaThread "Attach Listener" daemon [_thread_blocked, id=9656, stack(0x000000974af00000,0x000000974b000000)]
  0x0000025ee3ee8800 JavaThread "Service Thread" daemon [_thread_blocked, id=23204, stack(0x000000974b000000,0x000000974b100000)]
  0x0000025ee3eea800 JavaThread "C2 CompilerThread0" daemon [_thread_blocked, id=10080, stack(0x000000974b100000,0x000000974b200000)]
  0x0000025ee3ef6000 JavaThread "C1 CompilerThread0" daemon [_thread_blocked, id=11752, stack(0x000000974b200000,0x000000974b300000)]
  0x0000025ee478a000 JavaThread "Sweeper thread" daemon [_thread_blocked, id=16392, stack(0x000000974b300000,0x000000974b400000)]
  0x0000025ee48c8000 JavaThread "Notification Thread" daemon [_thread_blocked, id=17824, stack(0x000000974b400000,0x000000974b500000)]
  0x0000025ee48d3800 JavaThread "Common-Cleaner" daemon [_thread_blocked, id=16532, stack(0x000000974b600000,0x000000974b700000)]

Other Threads:
  0x0000025ee3ec2000 VMThread "VM Thread" [stack: 0x000000974ab00000,0x000000974ac00000] [id=7584]
  0x0000025ee48d2000 WatcherThread [stack: 0x000000974b500000,0x000000974b600000] [id=23028]
  0x0000025ebec07800 GCTaskThread "GC Thread#0" [stack: 0x000000974a600000,0x000000974a700000] [id=11528]
  0x0000025ee50dc800 GCTaskThread "GC Thread#1" [stack: 0x000000974bc00000,0x000000974bd00000] [id=20004]
  0x0000025ee50a8800 GCTaskThread "GC Thread#2" [stack: 0x000000974bd00000,0x000000974be00000] [id=11544]
  0x0000025ee48cf800 GCTaskThread "GC Thread#3" [stack: 0x000000974be00000,0x000000974bf00000] [id=4000]
  0x0000025ebec2a000 ConcurrentGCThread "G1 Main Marker" [stack: 0x000000974a700000,0x000000974a800000] [id=16320]
  0x0000025ebec2b800 ConcurrentGCThread "G1 Conc#0" [stack: 0x000000974a800000,0x000000974a900000] [id=3740]
  0x0000025ee3db2000 ConcurrentGCThread "G1 Refine#0" [stack: 0x000000974a900000,0x000000974aa00000] [id=20416]
  0x0000025ee3db3000 ConcurrentGCThread "G1 Young RemSet Sampling" [stack: 0x000000974aa00000,0x000000974ab00000] [id=20892]

Threads with active compile tasks:

VM state:not at safepoint (normal execution)

VM Mutex/Monitor currently owned by a thread: None

Heap address: 0x0000000702000000, size: 4064 MB, Compressed Oops mode: Zero based, Oop shift amount: 3
Narrow klass base: 0x0000000800000000, Narrow klass shift: 3
Compressed class space size: 1073741824 Address: 0x0000000800b30000

Heap:
 garbage-first heap   total 260096K, used 6760K [0x0000000702000000, 0x0000000800000000)
  region size 1024K, 8 young (8192K), 2 survivors (2048K)
 Metaspace       used 5687K, capacity 8745K, committed 9088K, reserved 1058816K
  class space    used 279K, capacity 601K, committed 640K, reserved 1048576K
Heap Regions: E=young(eden), S=young(survivor), O=old, HS=humongous(starts), HC=humongous(continues), CS=collection set, F=free, OA=open archive, CA=closed archive, TAMS=top-at-mark-start (previous, next)
|   0|0x0000000702000000, 0x0000000702000000, 0x0000000702100000|  0%| F|  |TAMS 0x0000000702000000, 0x0000000702000000| Untracked 
|   1|0x0000000702100000, 0x0000000702100000, 0x0000000702200000|  0%| F|  |TAMS 0x0000000702100000, 0x0000000702100000| Untracked 
|   2|0x0000000702200000, 0x0000000702200000, 0x0000000702300000|  0%| F|  |TAMS 0x0000000702200000, 0x0000000702200000| Untracked 
|   3|0x0000000702300000, 0x0000000702300000, 0x0000000702400000|  0%| F|  |TAMS 0x0000000702300000, 0x0000000702300000| Untracked 
|   4|0x0000000702400000, 0x0000000702400000, 0x0000000702500000|  0%| F|  |TAMS 0x0000000702400000, 0x0000000702400000| Untracked 
|   5|0x0000000702500000, 0x0000000702500000, 0x0000000702600000|  0%| F|  |TAMS 0x0000000702500000, 0x0000000702500000| Untracked 
|   6|0x0000000702600000, 0x0000000702600000, 0x0000000702700000|  0%| F|  |TAMS 0x0000000702600000, 0x0000000702600000| Untracked 
|   7|0x0000000702700000, 0x0000000702700000, 0x0000000702800000|  0%| F|  |TAMS 0x0000000702700000, 0x0000000702700000| Untracked 
|   8|0x0000000702800000, 0x0000000702800000, 0x0000000702900000|  0%| F|  |TAMS 0x0000000702800000, 0x0000000702800000| Untracked 
|   9|0x0000000702900000, 0x0000000702900000, 0x0000000702a00000|  0%| F|  |TAMS 0x0000000702900000, 0x0000000702900000| Untracked 
|  10|0x0000000702a00000, 0x0000000702a00000, 0x0000000702b00000|  0%| F|  |TAMS 0x0000000702a00000, 0x0000000702a00000| Untracked 
|  11|0x0000000702b00000, 0x0000000702b00000, 0x0000000702c00000|  0%| F|  |TAMS 0x0000000702b00000, 0x0000000702b00000| Untracked 
|  12|0x0000000702c00000, 0x0000000702c00000, 0x0000000702d00000|  0%| F|  |TAMS 0x0000000702c00000, 0x0000000702c00000| Untracked 
|  13|0x0000000702d00000, 0x0000000702d00000, 0x0000000702e00000|  0%| F|  |TAMS 0x0000000702d00000, 0x0000000702d00000| Untracked 
|  14|0x0000000702e00000, 0x0000000702e00000, 0x0000000702f00000|  0%| F|  |TAMS 0x0000000702e00000, 0x0000000702e00000| Untracked 
|  15|0x0000000702f00000, 0x0000000702f00000, 0x0000000703000000|  0%| F|  |TAMS 0x0000000702f00000, 0x0000000702f00000| Untracked 
|  16|0x0000000703000000, 0x0000000703000000, 0x0000000703100000|  0%| F|  |TAMS 0x0000000703000000, 0x0000000703000000| Untracked 
|  17|0x0000000703100000, 0x0000000703100000, 0x0000000703200000|  0%| F|  |TAMS 0x0000000703100000, 0x0000000703100000| Untracked 
|  18|0x0000000703200000, 0x0000000703200000, 0x0000000703300000|  0%| F|  |TAMS 0x0000000703200000, 0x0000000703200000| Untracked 
|  19|0x0000000703300000, 0x0000000703300000, 0x0000000703400000|  0%| F|  |TAMS 0x0000000703300000, 0x0000000703300000| Untracked 
|  20|0x0000000703400000, 0x0000000703400000, 0x0000000703500000|  0%| F|  |TAMS 0x0000000703400000, 0x0000000703400000| Untracked 
|  21|0x0000000703500000, 0x0000000703500000, 0x0000000703600000|  0%| F|  |TAMS 0x0000000703500000, 0x0000000703500000| Untracked 
|  22|0x0000000703600000, 0x0000000703600000, 0x0000000703700000|  0%| F|  |TAMS 0x0000000703600000, 0x0000000703600000| Untracked 
|  23|0x0000000703700000, 0x0000000703700000, 0x0000000703800000|  0%| F|  |TAMS 0x0000000703700000, 0x0000000703700000| Untracked 
|  24|0x0000000703800000, 0x0000000703800000, 0x0000000703900000|  0%| F|  |TAMS 0x0000000703800000, 0x0000000703800000| Untracked 
|  25|0x0000000703900000, 0x0000000703900000, 0x0000000703a00000|  0%| F|  |TAMS 0x0000000703900000, 0x0000000703900000| Untracked 
|  26|0x0000000703a00000, 0x0000000703a00000, 0x0000000703b00000|  0%| F|  |TAMS 0x0000000703a00000, 0x0000000703a00000| Untracked 
|  27|0x0000000703b00000, 0x0000000703b00000, 0x0000000703c00000|  0%| F|  |TAMS 0x0000000703b00000, 0x0000000703b00000| Untracked 
|  28|0x0000000703c00000, 0x0000000703c00000, 0x0000000703d00000|  0%| F|  |TAMS 0x0000000703c00000, 0x0000000703c00000| Untracked 
|  29|0x0000000703d00000, 0x0000000703d00000, 0x0000000703e00000|  0%| F|  |TAMS 0x0000000703d00000, 0x0000000703d00000| Untracked 
|  30|0x0000000703e00000, 0x0000000703e00000, 0x0000000703f00000|  0%| F|  |TAMS 0x0000000703e00000, 0x0000000703e00000| Untracked 
|  31|0x0000000703f00000, 0x0000000703f00000, 0x0000000704000000|  0%| F|  |TAMS 0x0000000703f00000, 0x0000000703f00000| Untracked 
|  32|0x0000000704000000, 0x0000000704000000, 0x0000000704100000|  0%| F|  |TAMS 0x0000000704000000, 0x0000000704000000| Untracked 
|  33|0x0000000704100000, 0x0000000704100000, 0x0000000704200000|  0%| F|  |TAMS 0x0000000704100000, 0x0000000704100000| Untracked 
|  34|0x0000000704200000, 0x0000000704200000, 0x0000000704300000|  0%| F|  |TAMS 0x0000000704200000, 0x0000000704200000| Untracked 
|  35|0x0000000704300000, 0x0000000704300000, 0x0000000704400000|  0%| F|  |TAMS 0x0000000704300000, 0x0000000704300000| Untracked 
|  36|0x0000000704400000, 0x0000000704400000, 0x0000000704500000|  0%| F|  |TAMS 0x0000000704400000, 0x0000000704400000| Untracked 
|  37|0x0000000704500000, 0x0000000704500000, 0x0000000704600000|  0%| F|  |TAMS 0x0000000704500000, 0x0000000704500000| Untracked 
|  38|0x0000000704600000, 0x0000000704600000, 0x0000000704700000|  0%| F|  |TAMS 0x0000000704600000, 0x0000000704600000| Untracked 
|  39|0x0000000704700000, 0x0000000704700000, 0x0000000704800000|  0%| F|  |TAMS 0x0000000704700000, 0x0000000704700000| Untracked 
|  40|0x0000000704800000, 0x0000000704800000, 0x0000000704900000|  0%| F|  |TAMS 0x0000000704800000, 0x0000000704800000| Untracked 
|  41|0x0000000704900000, 0x0000000704900000, 0x0000000704a00000|  0%| F|  |TAMS 0x0000000704900000, 0x0000000704900000| Untracked 
|  42|0x0000000704a00000, 0x0000000704a00000, 0x0000000704b00000|  0%| F|  |TAMS 0x0000000704a00000, 0x0000000704a00000| Untracked 
|  43|0x0000000704b00000, 0x0000000704b00000, 0x0000000704c00000|  0%| F|  |TAMS 0x0000000704b00000, 0x0000000704b00000| Untracked 
|  44|0x0000000704c00000, 0x0000000704c00000, 0x0000000704d00000|  0%| F|  |TAMS 0x0000000704c00000, 0x0000000704c00000| Untracked 
|  45|0x0000000704d00000, 0x0000000704d00000, 0x0000000704e00000|  0%| F|  |TAMS 0x0000000704d00000, 0x0000000704d00000| Untracked 
|  46|0x0000000704e00000, 0x0000000704e00000, 0x0000000704f00000|  0%| F|  |TAMS 0x0000000704e00000, 0x0000000704e00000| Untracked 
|  47|0x0000000704f00000, 0x0000000704f00000, 0x0000000705000000|  0%| F|  |TAMS 0x0000000704f00000, 0x0000000704f00000| Untracked 
|  48|0x0000000705000000, 0x0000000705000000, 0x0000000705100000|  0%| F|  |TAMS 0x0000000705000000, 0x0000000705000000| Untracked 
|  49|0x0000000705100000, 0x0000000705100000, 0x0000000705200000|  0%| F|  |TAMS 0x0000000705100000, 0x0000000705100000| Untracked 
|  50|0x0000000705200000, 0x0000000705200000, 0x0000000705300000|  0%| F|  |TAMS 0x0000000705200000, 0x0000000705200000| Untracked 
|  51|0x0000000705300000, 0x0000000705300000, 0x0000000705400000|  0%| F|  |TAMS 0x0000000705300000, 0x0000000705300000| Untracked 
|  52|0x0000000705400000, 0x0000000705400000, 0x0000000705500000|  0%| F|  |TAMS 0x0000000705400000, 0x0000000705400000| Untracked 
|  53|0x0000000705500000, 0x0000000705500000, 0x0000000705600000|  0%| F|  |TAMS 0x0000000705500000, 0x0000000705500000| Untracked 
|  54|0x0000000705600000, 0x0000000705600000, 0x0000000705700000|  0%| F|  |TAMS 0x0000000705600000, 0x0000000705600000| Untracked 
|  55|0x0000000705700000, 0x0000000705700000, 0x0000000705800000|  0%| F|  |TAMS 0x0000000705700000, 0x0000000705700000| Untracked 
|  56|0x0000000705800000, 0x0000000705800000, 0x0000000705900000|  0%| F|  |TAMS 0x0000000705800000, 0x0000000705800000| Untracked 
|  57|0x0000000705900000, 0x0000000705900000, 0x0000000705a00000|  0%| F|  |TAMS 0x0000000705900000, 0x0000000705900000| Untracked 
|  58|0x0000000705a00000, 0x0000000705a00000, 0x0000000705b00000|  0%| F|  |TAMS 0x0000000705a00000, 0x0000000705a00000| Untracked 
|  59|0x0000000705b00000, 0x0000000705b00000, 0x0000000705c00000|  0%| F|  |TAMS 0x0000000705b00000, 0x0000000705b00000| Untracked 
|  60|0x0000000705c00000, 0x0000000705c00000, 0x0000000705d00000|  0%| F|  |TAMS 0x0000000705c00000, 0x0000000705c00000| Untracked 
|  61|0x0000000705d00000, 0x0000000705d00000, 0x0000000705e00000|  0%| F|  |TAMS 0x0000000705d00000, 0x0000000705d00000| Untracked 
|  62|0x0000000705e00000, 0x0000000705e00000, 0x0000000705f00000|  0%| F|  |TAMS 0x0000000705e00000, 0x0000000705e00000| Untracked 
|  63|0x0000000705f00000, 0x0000000705f00000, 0x0000000706000000|  0%| F|  |TAMS 0x0000000705f00000, 0x0000000705f00000| Untracked 
|  64|0x0000000706000000, 0x0000000706000000, 0x0000000706100000|  0%| F|  |TAMS 0x0000000706000000, 0x0000000706000000| Untracked 
|  65|0x0000000706100000, 0x0000000706100000, 0x0000000706200000|  0%| F|  |TAMS 0x0000000706100000, 0x0000000706100000| Untracked 
|  66|0x0000000706200000, 0x0000000706200000, 0x0000000706300000|  0%| F|  |TAMS 0x0000000706200000, 0x0000000706200000| Untracked 
|  67|0x0000000706300000, 0x0000000706300000, 0x0000000706400000|  0%| F|  |TAMS 0x0000000706300000, 0x0000000706300000| Untracked 
|  68|0x0000000706400000, 0x0000000706400000, 0x0000000706500000|  0%| F|  |TAMS 0x0000000706400000, 0x0000000706400000| Untracked 
|  69|0x0000000706500000, 0x0000000706500000, 0x0000000706600000|  0%| F|  |TAMS 0x0000000706500000, 0x0000000706500000| Untracked 
|  70|0x0000000706600000, 0x0000000706600000, 0x0000000706700000|  0%| F|  |TAMS 0x0000000706600000, 0x0000000706600000| Untracked 
|  71|0x0000000706700000, 0x0000000706700000, 0x0000000706800000|  0%| F|  |TAMS 0x0000000706700000, 0x0000000706700000| Untracked 
|  72|0x0000000706800000, 0x0000000706800000, 0x0000000706900000|  0%| F|  |TAMS 0x0000000706800000, 0x0000000706800000| Untracked 
|  73|0x0000000706900000, 0x0000000706900000, 0x0000000706a00000|  0%| F|  |TAMS 0x0000000706900000, 0x0000000706900000| Untracked 
|  74|0x0000000706a00000, 0x0000000706a00000, 0x0000000706b00000|  0%| F|  |TAMS 0x0000000706a00000, 0x0000000706a00000| Untracked 
|  75|0x0000000706b00000, 0x0000000706b00000, 0x0000000706c00000|  0%| F|  |TAMS 0x0000000706b00000, 0x0000000706b00000| Untracked 
|  76|0x0000000706c00000, 0x0000000706c00000, 0x0000000706d00000|  0%| F|  |TAMS 0x0000000706c00000, 0x0000000706c00000| Untracked 
|  77|0x0000000706d00000, 0x0000000706d00000, 0x0000000706e00000|  0%| F|  |TAMS 0x0000000706d00000, 0x0000000706d00000| Untracked 
|  78|0x0000000706e00000, 0x0000000706e00000, 0x0000000706f00000|  0%| F|  |TAMS 0x0000000706e00000, 0x0000000706e00000| Untracked 
|  79|0x0000000706f00000, 0x0000000706f00000, 0x0000000707000000|  0%| F|  |TAMS 0x0000000706f00000, 0x0000000706f00000| Untracked 
|  80|0x0000000707000000, 0x0000000707000000, 0x0000000707100000|  0%| F|  |TAMS 0x0000000707000000, 0x0000000707000000| Untracked 
|  81|0x0000000707100000, 0x0000000707100000, 0x0000000707200000|  0%| F|  |TAMS 0x0000000707100000, 0x0000000707100000| Untracked 
|  82|0x0000000707200000, 0x0000000707200000, 0x0000000707300000|  0%| F|  |TAMS 0x0000000707200000, 0x0000000707200000| Untracked 
|  83|0x0000000707300000, 0x0000000707300000, 0x0000000707400000|  0%| F|  |TAMS 0x0000000707300000, 0x0000000707300000| Untracked 
|  84|0x0000000707400000, 0x0000000707400000, 0x0000000707500000|  0%| F|  |TAMS 0x0000000707400000, 0x0000000707400000| Untracked 
|  85|0x0000000707500000, 0x0000000707500000, 0x0000000707600000|  0%| F|  |TAMS 0x0000000707500000, 0x0000000707500000| Untracked 
|  86|0x0000000707600000, 0x0000000707600000, 0x0000000707700000|  0%| F|  |TAMS 0x0000000707600000, 0x0000000707600000| Untracked 
|  87|0x0000000707700000, 0x0000000707700000, 0x0000000707800000|  0%| F|  |TAMS 0x0000000707700000, 0x0000000707700000| Untracked 
|  88|0x0000000707800000, 0x0000000707800000, 0x0000000707900000|  0%| F|  |TAMS 0x0000000707800000, 0x0000000707800000| Untracked 
|  89|0x0000000707900000, 0x0000000707900000, 0x0000000707a00000|  0%| F|  |TAMS 0x0000000707900000, 0x0000000707900000| Untracked 
|  90|0x0000000707a00000, 0x0000000707a00000, 0x0000000707b00000|  0%| F|  |TAMS 0x0000000707a00000, 0x0000000707a00000| Untracked 
|  91|0x0000000707b00000, 0x0000000707b00000, 0x0000000707c00000|  0%| F|  |TAMS 0x0000000707b00000, 0x0000000707b00000| Untracked 
|  92|0x0000000707c00000, 0x0000000707c00000, 0x0000000707d00000|  0%| F|  |TAMS 0x0000000707c00000, 0x0000000707c00000| Untracked 
|  93|0x0000000707d00000, 0x0000000707d00000, 0x0000000707e00000|  0%| F|  |TAMS 0x0000000707d00000, 0x0000000707d00000| Untracked 
|  94|0x0000000707e00000, 0x0000000707e00000, 0x0000000707f00000|  0%| F|  |TAMS 0x0000000707e00000, 0x0000000707e00000| Untracked 
|  95|0x0000000707f00000, 0x0000000707f00000, 0x0000000708000000|  0%| F|  |TAMS 0x0000000707f00000, 0x0000000707f00000| Untracked 
|  96|0x0000000708000000, 0x0000000708000000, 0x0000000708100000|  0%| F|  |TAMS 0x0000000708000000, 0x0000000708000000| Untracked 
|  97|0x0000000708100000, 0x0000000708100000, 0x0000000708200000|  0%| F|  |TAMS 0x0000000708100000, 0x0000000708100000| Untracked 
|  98|0x0000000708200000, 0x0000000708200000, 0x0000000708300000|  0%| F|  |TAMS 0x0000000708200000, 0x0000000708200000| Untracked 
|  99|0x0000000708300000, 0x0000000708300000, 0x0000000708400000|  0%| F|  |TAMS 0x0000000708300000, 0x0000000708300000| Untracked 
| 100|0x0000000708400000, 0x0000000708400000, 0x0000000708500000|  0%| F|  |TAMS 0x0000000708400000, 0x0000000708400000| Untracked 
| 101|0x0000000708500000, 0x0000000708500000, 0x0000000708600000|  0%| F|  |TAMS 0x0000000708500000, 0x0000000708500000| Untracked 
| 102|0x0000000708600000, 0x0000000708600000, 0x0000000708700000|  0%| F|  |TAMS 0x0000000708600000, 0x0000000708600000| Untracked 
| 103|0x0000000708700000, 0x0000000708700000, 0x0000000708800000|  0%| F|  |TAMS 0x0000000708700000, 0x0000000708700000| Untracked 
| 104|0x0000000708800000, 0x0000000708800000, 0x0000000708900000|  0%| F|  |TAMS 0x0000000708800000, 0x0000000708800000| Untracked 
| 105|0x0000000708900000, 0x0000000708900000, 0x0000000708a00000|  0%| F|  |TAMS 0x0000000708900000, 0x0000000708900000| Untracked 
| 106|0x0000000708a00000, 0x0000000708a00000, 0x0000000708b00000|  0%| F|  |TAMS 0x0000000708a00000, 0x0000000708a00000| Untracked 
| 107|0x0000000708b00000, 0x0000000708b00000, 0x0000000708c00000|  0%| F|  |TAMS 0x0000000708b00000, 0x0000000708b00000| Untracked 
| 108|0x0000000708c00000, 0x0000000708c00000, 0x0000000708d00000|  0%| F|  |TAMS 0x0000000708c00000, 0x0000000708c00000| Untracked 
| 109|0x0000000708d00000, 0x0000000708d00000, 0x0000000708e00000|  0%| F|  |TAMS 0x0000000708d00000, 0x0000000708d00000| Untracked 
| 110|0x0000000708e00000, 0x0000000708e00000, 0x0000000708f00000|  0%| F|  |TAMS 0x0000000708e00000, 0x0000000708e00000| Untracked 
| 111|0x0000000708f00000, 0x0000000708f00000, 0x0000000709000000|  0%| F|  |TAMS 0x0000000708f00000, 0x0000000708f00000| Untracked 
| 112|0x0000000709000000, 0x0000000709000000, 0x0000000709100000|  0%| F|  |TAMS 0x0000000709000000, 0x0000000709000000| Untracked 
| 113|0x0000000709100000, 0x0000000709100000, 0x0000000709200000|  0%| F|  |TAMS 0x0000000709100000, 0x0000000709100000| Untracked 
| 114|0x0000000709200000, 0x0000000709200000, 0x0000000709300000|  0%| F|  |TAMS 0x0000000709200000, 0x0000000709200000| Untracked 
| 115|0x0000000709300000, 0x0000000709300000, 0x0000000709400000|  0%| F|  |TAMS 0x0000000709300000, 0x0000000709300000| Untracked 
| 116|0x0000000709400000, 0x0000000709400000, 0x0000000709500000|  0%| F|  |TAMS 0x0000000709400000, 0x0000000709400000| Untracked 
| 117|0x0000000709500000, 0x0000000709500000, 0x0000000709600000|  0%| F|  |TAMS 0x0000000709500000, 0x0000000709500000| Untracked 
| 118|0x0000000709600000, 0x0000000709600000, 0x0000000709700000|  0%| F|  |TAMS 0x0000000709600000, 0x0000000709600000| Untracked 
| 119|0x0000000709700000, 0x0000000709700000, 0x0000000709800000|  0%| F|  |TAMS 0x0000000709700000, 0x0000000709700000| Untracked 
| 120|0x0000000709800000, 0x0000000709800000, 0x0000000709900000|  0%| F|  |TAMS 0x0000000709800000, 0x0000000709800000| Untracked 
| 121|0x0000000709900000, 0x0000000709900000, 0x0000000709a00000|  0%| F|  |TAMS 0x0000000709900000, 0x0000000709900000| Untracked 
| 122|0x0000000709a00000, 0x0000000709a00000, 0x0000000709b00000|  0%| F|  |TAMS 0x0000000709a00000, 0x0000000709a00000| Untracked 
| 123|0x0000000709b00000, 0x0000000709b00000, 0x0000000709c00000|  0%| F|  |TAMS 0x0000000709b00000, 0x0000000709b00000| Untracked 
| 124|0x0000000709c00000, 0x0000000709c00000, 0x0000000709d00000|  0%| F|  |TAMS 0x0000000709c00000, 0x0000000709c00000| Untracked 
| 125|0x0000000709d00000, 0x0000000709d00000, 0x0000000709e00000|  0%| F|  |TAMS 0x0000000709d00000, 0x0000000709d00000| Untracked 
| 126|0x0000000709e00000, 0x0000000709e00000, 0x0000000709f00000|  0%| F|  |TAMS 0x0000000709e00000, 0x0000000709e00000| Untracked 
| 127|0x0000000709f00000, 0x0000000709f00000, 0x000000070a000000|  0%| F|  |TAMS 0x0000000709f00000, 0x0000000709f00000| Untracked 
| 128|0x000000070a000000, 0x000000070a000000, 0x000000070a100000|  0%| F|  |TAMS 0x000000070a000000, 0x000000070a000000| Untracked 
| 129|0x000000070a100000, 0x000000070a100000, 0x000000070a200000|  0%| F|  |TAMS 0x000000070a100000, 0x000000070a100000| Untracked 
| 130|0x000000070a200000, 0x000000070a200000, 0x000000070a300000|  0%| F|  |TAMS 0x000000070a200000, 0x000000070a200000| Untracked 
| 131|0x000000070a300000, 0x000000070a300000, 0x000000070a400000|  0%| F|  |TAMS 0x000000070a300000, 0x000000070a300000| Untracked 
| 132|0x000000070a400000, 0x000000070a400000, 0x000000070a500000|  0%| F|  |TAMS 0x000000070a400000, 0x000000070a400000| Untracked 
| 133|0x000000070a500000, 0x000000070a500000, 0x000000070a600000|  0%| F|  |TAMS 0x000000070a500000, 0x000000070a500000| Untracked 
| 134|0x000000070a600000, 0x000000070a600000, 0x000000070a700000|  0%| F|  |TAMS 0x000000070a600000, 0x000000070a600000| Untracked 
| 135|0x000000070a700000, 0x000000070a700000, 0x000000070a800000|  0%| F|  |TAMS 0x000000070a700000, 0x000000070a700000| Untracked 
| 136|0x000000070a800000, 0x000000070a800000, 0x000000070a900000|  0%| F|  |TAMS 0x000000070a800000, 0x000000070a800000| Untracked 
| 137|0x000000070a900000, 0x000000070a900000, 0x000000070aa00000|  0%| F|  |TAMS 0x000000070a900000, 0x000000070a900000| Untracked 
| 138|0x000000070aa00000, 0x000000070aa00000, 0x000000070ab00000|  0%| F|  |TAMS 0x000000070aa00000, 0x000000070aa00000| Untracked 
| 139|0x000000070ab00000, 0x000000070ab00000, 0x000000070ac00000|  0%| F|  |TAMS 0x000000070ab00000, 0x000000070ab00000| Untracked 
| 140|0x000000070ac00000, 0x000000070ac00000, 0x000000070ad00000|  0%| F|  |TAMS 0x000000070ac00000, 0x000000070ac00000| Untracked 
| 141|0x000000070ad00000, 0x000000070ad00000, 0x000000070ae00000|  0%| F|  |TAMS 0x000000070ad00000, 0x000000070ad00000| Untracked 
| 142|0x000000070ae00000, 0x000000070ae00000, 0x000000070af00000|  0%| F|  |TAMS 0x000000070ae00000, 0x000000070ae00000| Untracked 
| 143|0x000000070af00000, 0x000000070af00000, 0x000000070b000000|  0%| F|  |TAMS 0x000000070af00000, 0x000000070af00000| Untracked 
| 144|0x000000070b000000, 0x000000070b000000, 0x000000070b100000|  0%| F|  |TAMS 0x000000070b000000, 0x000000070b000000| Untracked 
| 145|0x000000070b100000, 0x000000070b100000, 0x000000070b200000|  0%| F|  |TAMS 0x000000070b100000, 0x000000070b100000| Untracked 
| 146|0x000000070b200000, 0x000000070b200000, 0x000000070b300000|  0%| F|  |TAMS 0x000000070b200000, 0x000000070b200000| Untracked 
| 147|0x000000070b300000, 0x000000070b300000, 0x000000070b400000|  0%| F|  |TAMS 0x000000070b300000, 0x000000070b300000| Untracked 
| 148|0x000000070b400000, 0x000000070b400000, 0x000000070b500000|  0%| F|  |TAMS 0x000000070b400000, 0x000000070b400000| Untracked 
| 149|0x000000070b500000, 0x000000070b500000, 0x000000070b600000|  0%| F|  |TAMS 0x000000070b500000, 0x000000070b500000| Untracked 
| 150|0x000000070b600000, 0x000000070b600000, 0x000000070b700000|  0%| F|  |TAMS 0x000000070b600000, 0x000000070b600000| Untracked 
| 151|0x000000070b700000, 0x000000070b700000, 0x000000070b800000|  0%| F|  |TAMS 0x000000070b700000, 0x000000070b700000| Untracked 
| 152|0x000000070b800000, 0x000000070b800000, 0x000000070b900000|  0%| F|  |TAMS 0x000000070b800000, 0x000000070b800000| Untracked 
| 153|0x000000070b900000, 0x000000070b900000, 0x000000070ba00000|  0%| F|  |TAMS 0x000000070b900000, 0x000000070b900000| Untracked 
| 154|0x000000070ba00000, 0x000000070ba00000, 0x000000070bb00000|  0%| F|  |TAMS 0x000000070ba00000, 0x000000070ba00000| Untracked 
| 155|0x000000070bb00000, 0x000000070bb00000, 0x000000070bc00000|  0%| F|  |TAMS 0x000000070bb00000, 0x000000070bb00000| Untracked 
| 156|0x000000070bc00000, 0x000000070bc00000, 0x000000070bd00000|  0%| F|  |TAMS 0x000000070bc00000, 0x000000070bc00000| Untracked 
| 157|0x000000070bd00000, 0x000000070bd00000, 0x000000070be00000|  0%| F|  |TAMS 0x000000070bd00000, 0x000000070bd00000| Untracked 
| 158|0x000000070be00000, 0x000000070be00000, 0x000000070bf00000|  0%| F|  |TAMS 0x000000070be00000, 0x000000070be00000| Untracked 
| 159|0x000000070bf00000, 0x000000070bf00000, 0x000000070c000000|  0%| F|  |TAMS 0x000000070bf00000, 0x000000070bf00000| Untracked 
| 160|0x000000070c000000, 0x000000070c000000, 0x000000070c100000|  0%| F|  |TAMS 0x000000070c000000, 0x000000070c000000| Untracked 
| 161|0x000000070c100000, 0x000000070c100000, 0x000000070c200000|  0%| F|  |TAMS 0x000000070c100000, 0x000000070c100000| Untracked 
| 162|0x000000070c200000, 0x000000070c200000, 0x000000070c300000|  0%| F|  |TAMS 0x000000070c200000, 0x000000070c200000| Untracked 
| 163|0x000000070c300000, 0x000000070c300000, 0x000000070c400000|  0%| F|  |TAMS 0x000000070c300000, 0x000000070c300000| Untracked 
| 164|0x000000070c400000, 0x000000070c400000, 0x000000070c500000|  0%| F|  |TAMS 0x000000070c400000, 0x000000070c400000| Untracked 
| 165|0x000000070c500000, 0x000000070c500000, 0x000000070c600000|  0%| F|  |TAMS 0x000000070c500000, 0x000000070c500000| Untracked 
| 166|0x000000070c600000, 0x000000070c600000, 0x000000070c700000|  0%| F|  |TAMS 0x000000070c600000, 0x000000070c600000| Untracked 
| 167|0x000000070c700000, 0x000000070c700000, 0x000000070c800000|  0%| F|  |TAMS 0x000000070c700000, 0x000000070c700000| Untracked 
| 168|0x000000070c800000, 0x000000070c800000, 0x000000070c900000|  0%| F|  |TAMS 0x000000070c800000, 0x000000070c800000| Untracked 
| 169|0x000000070c900000, 0x000000070c900000, 0x000000070ca00000|  0%| F|  |TAMS 0x000000070c900000, 0x000000070c900000| Untracked 
| 170|0x000000070ca00000, 0x000000070ca00000, 0x000000070cb00000|  0%| F|  |TAMS 0x000000070ca00000, 0x000000070ca00000| Untracked 
| 171|0x000000070cb00000, 0x000000070cb00000, 0x000000070cc00000|  0%| F|  |TAMS 0x000000070cb00000, 0x000000070cb00000| Untracked 
| 172|0x000000070cc00000, 0x000000070cc00000, 0x000000070cd00000|  0%| F|  |TAMS 0x000000070cc00000, 0x000000070cc00000| Untracked 
| 173|0x000000070cd00000, 0x000000070cd00000, 0x000000070ce00000|  0%| F|  |TAMS 0x000000070cd00000, 0x000000070cd00000| Untracked 
| 174|0x000000070ce00000, 0x000000070ce00000, 0x000000070cf00000|  0%| F|  |TAMS 0x000000070ce00000, 0x000000070ce00000| Untracked 
| 175|0x000000070cf00000, 0x000000070cf00000, 0x000000070d000000|  0%| F|  |TAMS 0x000000070cf00000, 0x000000070cf00000| Untracked 
| 176|0x000000070d000000, 0x000000070d000000, 0x000000070d100000|  0%| F|  |TAMS 0x000000070d000000, 0x000000070d000000| Untracked 
| 177|0x000000070d100000, 0x000000070d100000, 0x000000070d200000|  0%| F|  |TAMS 0x000000070d100000, 0x000000070d100000| Untracked 
| 178|0x000000070d200000, 0x000000070d200000, 0x000000070d300000|  0%| F|  |TAMS 0x000000070d200000, 0x000000070d200000| Untracked 
| 179|0x000000070d300000, 0x000000070d300000, 0x000000070d400000|  0%| F|  |TAMS 0x000000070d300000, 0x000000070d300000| Untracked 
| 180|0x000000070d400000, 0x000000070d400000, 0x000000070d500000|  0%| F|  |TAMS 0x000000070d400000, 0x000000070d400000| Untracked 
| 181|0x000000070d500000, 0x000000070d500000, 0x000000070d600000|  0%| F|  |TAMS 0x000000070d500000, 0x000000070d500000| Untracked 
| 182|0x000000070d600000, 0x000000070d600000, 0x000000070d700000|  0%| F|  |TAMS 0x000000070d600000, 0x000000070d600000| Untracked 
| 183|0x000000070d700000, 0x000000070d700000, 0x000000070d800000|  0%| F|  |TAMS 0x000000070d700000, 0x000000070d700000| Untracked 
| 184|0x000000070d800000, 0x000000070d800000, 0x000000070d900000|  0%| F|  |TAMS 0x000000070d800000, 0x000000070d800000| Untracked 
| 185|0x000000070d900000, 0x000000070d900000, 0x000000070da00000|  0%| F|  |TAMS 0x000000070d900000, 0x000000070d900000| Untracked 
| 186|0x000000070da00000, 0x000000070da00000, 0x000000070db00000|  0%| F|  |TAMS 0x000000070da00000, 0x000000070da00000| Untracked 
| 187|0x000000070db00000, 0x000000070db00000, 0x000000070dc00000|  0%| F|  |TAMS 0x000000070db00000, 0x000000070db00000| Untracked 
| 188|0x000000070dc00000, 0x000000070dc00000, 0x000000070dd00000|  0%| F|  |TAMS 0x000000070dc00000, 0x000000070dc00000| Untracked 
| 189|0x000000070dd00000, 0x000000070dd00000, 0x000000070de00000|  0%| F|  |TAMS 0x000000070dd00000, 0x000000070dd00000| Untracked 
| 190|0x000000070de00000, 0x000000070de00000, 0x000000070df00000|  0%| F|  |TAMS 0x000000070de00000, 0x000000070de00000| Untracked 
| 191|0x000000070df00000, 0x000000070df00000, 0x000000070e000000|  0%| F|  |TAMS 0x000000070df00000, 0x000000070df00000| Untracked 
| 192|0x000000070e000000, 0x000000070e000000, 0x000000070e100000|  0%| F|  |TAMS 0x000000070e000000, 0x000000070e000000| Untracked 
| 193|0x000000070e100000, 0x000000070e100000, 0x000000070e200000|  0%| F|  |TAMS 0x000000070e100000, 0x000000070e100000| Untracked 
| 194|0x000000070e200000, 0x000000070e200000, 0x000000070e300000|  0%| F|  |TAMS 0x000000070e200000, 0x000000070e200000| Untracked 
| 195|0x000000070e300000, 0x000000070e300000, 0x000000070e400000|  0%| F|  |TAMS 0x000000070e300000, 0x000000070e300000| Untracked 
| 196|0x000000070e400000, 0x000000070e400000, 0x000000070e500000|  0%| F|  |TAMS 0x000000070e400000, 0x000000070e400000| Untracked 
| 197|0x000000070e500000, 0x000000070e500000, 0x000000070e600000|  0%| F|  |TAMS 0x000000070e500000, 0x000000070e500000| Untracked 
| 198|0x000000070e600000, 0x000000070e600000, 0x000000070e700000|  0%| F|  |TAMS 0x000000070e600000, 0x000000070e600000| Untracked 
| 199|0x000000070e700000, 0x000000070e700000, 0x000000070e800000|  0%| F|  |TAMS 0x000000070e700000, 0x000000070e700000| Untracked 
| 200|0x000000070e800000, 0x000000070e800000, 0x000000070e900000|  0%| F|  |TAMS 0x000000070e800000, 0x000000070e800000| Untracked 
| 201|0x000000070e900000, 0x000000070e900000, 0x000000070ea00000|  0%| F|  |TAMS 0x000000070e900000, 0x000000070e900000| Untracked 
| 202|0x000000070ea00000, 0x000000070ea00000, 0x000000070eb00000|  0%| F|  |TAMS 0x000000070ea00000, 0x000000070ea00000| Untracked 
| 203|0x000000070eb00000, 0x000000070eb00000, 0x000000070ec00000|  0%| F|  |TAMS 0x000000070eb00000, 0x000000070eb00000| Untracked 
| 204|0x000000070ec00000, 0x000000070ec00000, 0x000000070ed00000|  0%| F|  |TAMS 0x000000070ec00000, 0x000000070ec00000| Untracked 
| 205|0x000000070ed00000, 0x000000070ed00000, 0x000000070ee00000|  0%| F|  |TAMS 0x000000070ed00000, 0x000000070ed00000| Untracked 
| 206|0x000000070ee00000, 0x000000070ee00000, 0x000000070ef00000|  0%| F|  |TAMS 0x000000070ee00000, 0x000000070ee00000| Untracked 
| 207|0x000000070ef00000, 0x000000070ef00000, 0x000000070f000000|  0%| F|  |TAMS 0x000000070ef00000, 0x000000070ef00000| Untracked 
| 208|0x000000070f000000, 0x000000070f000000, 0x000000070f100000|  0%| F|  |TAMS 0x000000070f000000, 0x000000070f000000| Untracked 
| 209|0x000000070f100000, 0x000000070f100000, 0x000000070f200000|  0%| F|  |TAMS 0x000000070f100000, 0x000000070f100000| Untracked 
| 210|0x000000070f200000, 0x000000070f200000, 0x000000070f300000|  0%| F|  |TAMS 0x000000070f200000, 0x000000070f200000| Untracked 
| 211|0x000000070f300000, 0x000000070f300000, 0x000000070f400000|  0%| F|  |TAMS 0x000000070f300000, 0x000000070f300000| Untracked 
| 212|0x000000070f400000, 0x000000070f400000, 0x000000070f500000|  0%| F|  |TAMS 0x000000070f400000, 0x000000070f400000| Untracked 
| 213|0x000000070f500000, 0x000000070f500000, 0x000000070f600000|  0%| F|  |TAMS 0x000000070f500000, 0x000000070f500000| Untracked 
| 214|0x000000070f600000, 0x000000070f600000, 0x000000070f700000|  0%| F|  |TAMS 0x000000070f600000, 0x000000070f600000| Untracked 
| 215|0x000000070f700000, 0x000000070f700000, 0x000000070f800000|  0%| F|  |TAMS 0x000000070f700000, 0x000000070f700000| Untracked 
| 216|0x000000070f800000, 0x000000070f800000, 0x000000070f900000|  0%| F|  |TAMS 0x000000070f800000, 0x000000070f800000| Untracked 
| 217|0x000000070f900000, 0x000000070f900000, 0x000000070fa00000|  0%| F|  |TAMS 0x000000070f900000, 0x000000070f900000| Untracked 
| 218|0x000000070fa00000, 0x000000070fa00000, 0x000000070fb00000|  0%| F|  |TAMS 0x000000070fa00000, 0x000000070fa00000| Untracked 
| 219|0x000000070fb00000, 0x000000070fb00000, 0x000000070fc00000|  0%| F|  |TAMS 0x000000070fb00000, 0x000000070fb00000| Untracked 
| 220|0x000000070fc00000, 0x000000070fc00000, 0x000000070fd00000|  0%| F|  |TAMS 0x000000070fc00000, 0x000000070fc00000| Untracked 
| 221|0x000000070fd00000, 0x000000070fd00000, 0x000000070fe00000|  0%| F|  |TAMS 0x000000070fd00000, 0x000000070fd00000| Untracked 
| 222|0x000000070fe00000, 0x000000070fe00000, 0x000000070ff00000|  0%| F|  |TAMS 0x000000070fe00000, 0x000000070fe00000| Untracked 
| 223|0x000000070ff00000, 0x000000070ff00000, 0x0000000710000000|  0%| F|  |TAMS 0x000000070ff00000, 0x000000070ff00000| Untracked 
| 224|0x0000000710000000, 0x0000000710000000, 0x0000000710100000|  0%| F|  |TAMS 0x0000000710000000, 0x0000000710000000| Untracked 
| 225|0x0000000710100000, 0x0000000710100000, 0x0000000710200000|  0%| F|  |TAMS 0x0000000710100000, 0x0000000710100000| Untracked 
| 226|0x0000000710200000, 0x0000000710200000, 0x0000000710300000|  0%| F|  |TAMS 0x0000000710200000, 0x0000000710200000| Untracked 
| 227|0x0000000710300000, 0x0000000710300000, 0x0000000710400000|  0%| F|  |TAMS 0x0000000710300000, 0x0000000710300000| Untracked 
| 228|0x0000000710400000, 0x0000000710400000, 0x0000000710500000|  0%| F|  |TAMS 0x0000000710400000, 0x0000000710400000| Untracked 
| 229|0x0000000710500000, 0x0000000710500000, 0x0000000710600000|  0%| F|  |TAMS 0x0000000710500000, 0x0000000710500000| Untracked 
| 230|0x0000000710600000, 0x0000000710600000, 0x0000000710700000|  0%| F|  |TAMS 0x0000000710600000, 0x0000000710600000| Untracked 
| 231|0x0000000710700000, 0x0000000710700000, 0x0000000710800000|  0%| F|  |TAMS 0x0000000710700000, 0x0000000710700000| Untracked 
| 232|0x0000000710800000, 0x0000000710800000, 0x0000000710900000|  0%| F|  |TAMS 0x0000000710800000, 0x0000000710800000| Untracked 
| 233|0x0000000710900000, 0x0000000710900000, 0x0000000710a00000|  0%| F|  |TAMS 0x0000000710900000, 0x0000000710900000| Untracked 
| 234|0x0000000710a00000, 0x0000000710a00000, 0x0000000710b00000|  0%| F|  |TAMS 0x0000000710a00000, 0x0000000710a00000| Untracked 
| 235|0x0000000710b00000, 0x0000000710b00000, 0x0000000710c00000|  0%| F|  |TAMS 0x0000000710b00000, 0x0000000710b00000| Untracked 
| 236|0x0000000710c00000, 0x0000000710c00000, 0x0000000710d00000|  0%| F|  |TAMS 0x0000000710c00000, 0x0000000710c00000| Untracked 
| 237|0x0000000710d00000, 0x0000000710d00000, 0x0000000710e00000|  0%| F|  |TAMS 0x0000000710d00000, 0x0000000710d00000| Untracked 
| 238|0x0000000710e00000, 0x0000000710e00000, 0x0000000710f00000|  0%| F|  |TAMS 0x0000000710e00000, 0x0000000710e00000| Untracked 
| 239|0x0000000710f00000, 0x0000000710f9a290, 0x0000000711000000| 60%| S|CS|TAMS 0x0000000710f00000, 0x0000000710f00000| Complete 
| 240|0x0000000711000000, 0x0000000711100000, 0x0000000711100000|100%| S|CS|TAMS 0x0000000711000000, 0x0000000711000000| Complete 
| 241|0x0000000711100000, 0x0000000711100000, 0x0000000711200000|  0%| F|  |TAMS 0x0000000711100000, 0x0000000711100000| Untracked 
| 242|0x0000000711200000, 0x0000000711200000, 0x0000000711300000|  0%| F|  |TAMS 0x0000000711200000, 0x0000000711200000| Untracked 
| 243|0x0000000711300000, 0x0000000711300000, 0x0000000711400000|  0%| F|  |TAMS 0x0000000711300000, 0x0000000711300000| Untracked 
| 244|0x0000000711400000, 0x0000000711400000, 0x0000000711500000|  0%| F|  |TAMS 0x0000000711400000, 0x0000000711400000| Untracked 
| 245|0x0000000711500000, 0x0000000711500000, 0x0000000711600000|  0%| F|  |TAMS 0x0000000711500000, 0x0000000711500000| Untracked 
| 246|0x0000000711600000, 0x0000000711600000, 0x0000000711700000|  0%| F|  |TAMS 0x0000000711600000, 0x0000000711600000| Untracked 
| 247|0x0000000711700000, 0x0000000711700000, 0x0000000711800000|  0%| F|  |TAMS 0x0000000711700000, 0x0000000711700000| Untracked 
| 248|0x0000000711800000, 0x00000007118ac730, 0x0000000711900000| 67%| E|  |TAMS 0x0000000711800000, 0x0000000711800000| Complete 
| 249|0x0000000711900000, 0x0000000711a00000, 0x0000000711a00000|100%| E|CS|TAMS 0x0000000711900000, 0x0000000711900000| Complete 
| 250|0x0000000711a00000, 0x0000000711b00000, 0x0000000711b00000|100%| E|CS|TAMS 0x0000000711a00000, 0x0000000711a00000| Complete 
| 251|0x0000000711b00000, 0x0000000711c00000, 0x0000000711c00000|100%| E|CS|TAMS 0x0000000711b00000, 0x0000000711b00000| Complete 
| 252|0x0000000711c00000, 0x0000000711d00000, 0x0000000711d00000|100%| E|CS|TAMS 0x0000000711c00000, 0x0000000711c00000| Complete 
| 253|0x0000000711d00000, 0x0000000711e00000, 0x0000000711e00000|100%| E|CS|TAMS 0x0000000711d00000, 0x0000000711d00000| Complete 

Card table byte_map: [0x0000025ed8940000,0x0000025ed9130000] _byte_map_base: 0x0000025ed5130000

Marking Bits (Prev, Next): (CMBitMap*) 0x0000025ebec09598, (CMBitMap*) 0x0000025ebec095d8
 Prev Bits: [0x0000025ed9920000, 0x0000025edd8a0000)
 Next Bits: [0x0000025edd8a0000, 0x0000025ee1820000)

Polling page: 0x0000025ec8b00000

Metaspace:

Usage:
  Non-class:      7.95 MB capacity,     5.28 MB ( 66%) used,     2.66 MB ( 33%) free+waste,     8.94 KB ( <1%) overhead. 
      Class:    601.00 KB capacity,   279.98 KB ( 47%) used,   317.33 KB ( 53%) free+waste,     3.69 KB ( <1%) overhead. 
       Both:      8.54 MB capacity,     5.55 MB ( 65%) used,     2.97 MB ( 35%) free+waste,    12.63 KB ( <1%) overhead. 

Virtual space:
  Non-class space:       10.00 MB reserved,       8.25 MB ( 83%) committed 
      Class space:        1.00 GB reserved,     640.00 KB ( <1%) committed 
             Both:        1.01 GB reserved,       8.88 MB ( <1%) committed 

Chunk freelists:
   Non-Class:  112.00 KB
       Class:  7.00 KB
        Both:  119.00 KB

MaxMetaspaceSize: 17179869184.00 GB
CompressedClassSpaceSize: 1.00 GB

CodeHeap 'non-profiled nmethods': size=120000Kb used=230Kb max_used=230Kb free=119769Kb
 bounds [0x0000025ed05f0000, 0x0000025ed0860000, 0x0000025ed7b20000]
CodeHeap 'profiled nmethods': size=120000Kb used=1238Kb max_used=1238Kb free=118761Kb
 bounds [0x0000025ec90c0000, 0x0000025ec9330000, 0x0000025ed05f0000]
CodeHeap 'non-nmethods': size=5760Kb used=1597Kb max_used=1610Kb free=4162Kb
 bounds [0x0000025ec8b20000, 0x0000025ec8d90000, 0x0000025ec90c0000]
 total_blobs=1721 nmethods=738 adapters=896
 compilation: enabled
              stopped_count=0, restarted_count=0
 full_count=0

Compilation events (20 events):
Event: 0.934 Thread 0x0000025ee3ef6000  728       3       java.io.FilterInputStream::read (11 bytes)
Event: 0.934 Thread 0x0000025ee3ef6000 nmethod 728 0x0000025ec91f2290 code [0x0000025ec91f2440, 0x0000025ec91f2628]
Event: 0.934 Thread 0x0000025ee3ef6000  729       3       sun.nio.ch.Util::isBufferTooLarge (15 bytes)
Event: 0.934 Thread 0x0000025ee3ef6000 nmethod 729 0x0000025ec91f2710 code [0x0000025ec91f28a0, 0x0000025ec91f29f8]
Event: 0.935 Thread 0x0000025ee3ef6000  730       3       java.nio.HeapByteBuffer::ix (7 bytes)
Event: 0.935 Thread 0x0000025ee3ef6000 nmethod 730 0x0000025ec91f2a90 code [0x0000025ec91f2c20, 0x0000025ec91f2d38]
Event: 0.935 Thread 0x0000025ee3ef6000  731       3       java.nio.ByteBuffer::flip (7 bytes)
Event: 0.935 Thread 0x0000025ee3ef6000 nmethod 731 0x0000025ec91f2e10 code [0x0000025ec91f2fa0, 0x0000025ec91f3138]
Event: 0.935 Thread 0x0000025ee3ef6000  732       3       java.nio.Buffer::flip (20 bytes)
Event: 0.935 Thread 0x0000025ee3ef6000 nmethod 732 0x0000025ec91f3210 code [0x0000025ec91f33a0, 0x0000025ec91f34d8]
Event: 0.935 Thread 0x0000025ee3ef6000  733       3       jdk.internal.misc.Unsafe::checkNativeAddress (28 bytes)
Event: 0.935 Thread 0x0000025ee3ef6000 nmethod 733 0x0000025ec91f3590 code [0x0000025ec91f3720, 0x0000025ec91f3858]
Event: 0.935 Thread 0x0000025ee3ef6000  735       3       sun.nio.ch.FileChannelImpl::ensureOpen (16 bytes)
Event: 0.935 Thread 0x0000025ee3ef6000 nmethod 735 0x0000025ec91f3910 code [0x0000025ec91f3ac0, 0x0000025ec91f3d48]
Event: 0.935 Thread 0x0000025ee3ef6000  736       3       jdk.internal.misc.Unsafe::checkOffset (32 bytes)
Event: 0.935 Thread 0x0000025ee3ef6000 nmethod 736 0x0000025ec91f3e90 code [0x0000025ec91f4040, 0x0000025ec91f42e8]
Event: 0.935 Thread 0x0000025ee3ef6000  737   !   3       sun.nio.ch.NativeThreadSet::add (155 bytes)
Event: 0.936 Thread 0x0000025ee3ef6000 nmethod 737 0x0000025ec91f4410 code [0x0000025ec91f45e0, 0x0000025ec91f4d08]
Event: 0.937 Thread 0x0000025ee3ef6000  738       3       jdk.internal.module.SystemModuleFinders$SystemModuleReader::findImageLocation (42 bytes)
Event: 0.938 Thread 0x0000025ee3ef6000 nmethod 738 0x0000025ec91f4f90 code [0x0000025ec91f51a0, 0x0000025ec91f5898]

GC Heap History (2 events):
Event: 0.766 GC heap before
{Heap before GC invocations=0 (full 0):
 garbage-first heap   total 260096K, used 12288K [0x0000000702000000, 0x0000000800000000)
  region size 1024K, 13 young (13312K), 0 survivors (0K)
 Metaspace       used 4088K, capacity 7198K, committed 7552K, reserved 1056768K
  class space    used 224K, capacity 533K, committed 640K, reserved 1048576K
}
Event: 0.772 GC heap after
{Heap after GC invocations=1 (full 0):
 garbage-first heap   total 260096K, used 1640K [0x0000000702000000, 0x0000000800000000)
  region size 1024K, 2 young (2048K), 2 survivors (2048K)
 Metaspace       used 4088K, capacity 7198K, committed 7552K, reserved 1056768K
  class space    used 224K, capacity 533K, committed 640K, reserved 1048576K
}

Deoptimization events (20 events):
Event: 0.081 Thread 0x0000025ebeb9c800 Uncommon trap: trap_request=0xffffff45 fr.pc=0x0000025ed05f4874 relative=0x0000000000000214
Event: 0.081 Thread 0x0000025ebeb9c800 Uncommon trap: reason=unstable_if action=reinterpret pc=0x0000025ed05f4874 method=java.lang.String.hashCode()I @ 42 c2
Event: 0.081 Thread 0x0000025ebeb9c800 DEOPT PACKING pc=0x0000025ed05f4874 sp=0x000000974a5fdf80
Event: 0.081 Thread 0x0000025ebeb9c800 DEOPT UNPACKING pc=0x0000025ec8b6912f sp=0x000000974a5fdf18 mode 2
Event: 0.158 Thread 0x0000025ebeb9c800 DEOPT PACKING pc=0x0000025ec90fdbf4 sp=0x000000974a5fdf60
Event: 0.158 Thread 0x0000025ebeb9c800 DEOPT UNPACKING pc=0x0000025ec8b6964e sp=0x000000974a5fd3b8 mode 0
Event: 0.158 Thread 0x0000025ebeb9c800 DEOPT PACKING pc=0x0000025ec91007b2 sp=0x000000974a5fde70
Event: 0.158 Thread 0x0000025ebeb9c800 DEOPT UNPACKING pc=0x0000025ec8b6964e sp=0x000000974a5fd2d8 mode 0
Event: 0.160 Thread 0x0000025ebeb9c800 Uncommon trap: trap_request=0xffffff45 fr.pc=0x0000025ed05f9210 relative=0x0000000000000070
Event: 0.160 Thread 0x0000025ebeb9c800 Uncommon trap: reason=unstable_if action=reinterpret pc=0x0000025ed05f9210 method=java.io.WinNTFileSystem.isSlash(C)Z @ 9 c2
Event: 0.160 Thread 0x0000025ebeb9c800 DEOPT PACKING pc=0x0000025ed05f9210 sp=0x000000974a5fdfa0
Event: 0.160 Thread 0x0000025ebeb9c800 DEOPT UNPACKING pc=0x0000025ec8b6912f sp=0x000000974a5fdf28 mode 2
Event: 0.613 Thread 0x0000025ebeb9c800 Uncommon trap: trap_request=0xffffff54 fr.pc=0x0000025ed061c310 relative=0x0000000000000070
Event: 0.613 Thread 0x0000025ebeb9c800 Uncommon trap: reason=speculate_null_assert action=make_not_entrant pc=0x0000025ed061c310 method=sun.misc.Unsafe.putLong(Ljava/lang/Object;JJ)V @ 7 c2
Event: 0.613 Thread 0x0000025ebeb9c800 DEOPT PACKING pc=0x0000025ed061c310 sp=0x000000974a5fecc0
Event: 0.613 Thread 0x0000025ebeb9c800 DEOPT UNPACKING pc=0x0000025ec8b6912f sp=0x000000974a5fec38 mode 2
Event: 0.931 Thread 0x0000025ebeb9c800 Uncommon trap: trap_request=0xffffffde fr.pc=0x0000025ed06286fc relative=0x00000000000004dc
Event: 0.931 Thread 0x0000025ebeb9c800 Uncommon trap: reason=class_check action=maybe_recompile pc=0x0000025ed06286fc method=java.util.HashMap.getNode(ILjava/lang/Object;)Ljava/util/HashMap$Node; @ 126 c2
Event: 0.931 Thread 0x0000025ebeb9c800 DEOPT PACKING pc=0x0000025ed06286fc sp=0x000000974a5fced0
Event: 0.931 Thread 0x0000025ebeb9c800 DEOPT UNPACKING pc=0x0000025ec8b6912f sp=0x000000974a5fcde8 mode 2

Classes unloaded (0 events):
No events

Classes redefined (0 events):
No events

Internal exceptions (15 events):
Event: 0.196 Thread 0x0000025ebeb9c800 Exception <a 'java/lang/NoSuchMethodError'{0x0000000711afaab0}: 'void java.lang.invoke.DelegatingMethodHandle$Holder.delegate(java.lang.Object, java.lang.Object, int, java.lang.Object)'> (0x0000000711afaab0) 
thrown [./open/src/hotspot/share/interpreter/linkResolver.cpp, line 766]
Event: 0.197 Thread 0x0000025ebeb9c800 Exception <a 'java/lang/NoSuchMethodError'{0x0000000711901e80}: 'java.lang.Object java.lang.invoke.DirectMethodHandle$Holder.invokeStaticInit(java.lang.Object, java.lang.Object, java.lang.Object)'> (0x0000000711901e80) 
thrown [./open/src/hotspot/share/interpreter/linkResolver.cpp, line 766]
Event: 0.223 Thread 0x0000025ebeb9c800 Exception <a 'sun/nio/fs/WindowsException'{0x0000000711972618}> (0x0000000711972618) 
thrown [./open/src/hotspot/share/prims/jni.cpp, line 599]
Event: 0.223 Thread 0x0000025ebeb9c800 Exception <a 'sun/nio/fs/WindowsException'{0x0000000711972b68}> (0x0000000711972b68) 
thrown [./open/src/hotspot/share/prims/jni.cpp, line 599]
Event: 0.252 Thread 0x0000025ebeb9c800 Exception <a 'sun/nio/fs/WindowsException'{0x00000007118f6d50}> (0x00000007118f6d50) 
thrown [./open/src/hotspot/share/prims/jni.cpp, line 599]
Event: 0.253 Thread 0x0000025ebeb9c800 Exception <a 'sun/nio/fs/WindowsException'{0x00000007118f70b0}> (0x00000007118f70b0) 
thrown [./open/src/hotspot/share/prims/jni.cpp, line 599]
Event: 0.489 Thread 0x0000025ebeb9c800 Exception <a 'java/lang/NoSuchMethodError'{0x00000007117846a8}: 'void java.lang.invoke.DirectMethodHandle$Holder.invokeStaticInit(java.lang.Object, long, double, double)'> (0x00000007117846a8) 
thrown [./open/src/hotspot/share/interpreter/linkResolver.cpp, line 766]
Event: 0.491 Thread 0x0000025ebeb9c800 Exception <a 'java/lang/NoSuchMethodError'{0x0000000711799a20}: 'void java.lang.invoke.DirectMethodHandle$Holder.invokeStaticInit(java.lang.Object, long, int, int, int)'> (0x0000000711799a20) 
thrown [./open/src/hotspot/share/interpreter/linkResolver.cpp, line 766]
Event: 0.496 Thread 0x0000025ebeb9c800 Exception <a 'java/lang/NoSuchMethodError'{0x00000007117be648}: 'void java.lang.invoke.DirectMethodHandle$Holder.invokeStaticInit(java.lang.Object, long, int, int, int, int)'> (0x00000007117be648) 
thrown [./open/src/hotspot/share/interpreter/linkResolver.cpp, line 766]
Event: 0.548 Thread 0x0000025ebeb9c800 Exception <a 'sun/nio/fs/WindowsException'{0x00000007116196c8}> (0x00000007116196c8) 
thrown [./open/src/hotspot/share/prims/jni.cpp, line 599]
Event: 0.548 Thread 0x0000025ebeb9c800 Exception <a 'sun/nio/fs/WindowsException'{0x0000000711619a68}> (0x0000000711619a68) 
thrown [./open/src/hotspot/share/prims/jni.cpp, line 599]
Event: 0.555 Thread 0x0000025ebeb9c800 Exception <a 'sun/nio/fs/WindowsException'{0x000000071163b090}> (0x000000071163b090) 
thrown [./open/src/hotspot/share/prims/jni.cpp, line 599]
Event: 0.555 Thread 0x0000025ebeb9c800 Exception <a 'sun/nio/fs/WindowsException'{0x000000071163b360}> (0x000000071163b360) 
thrown [./open/src/hotspot/share/prims/jni.cpp, line 599]
Event: 0.936 Thread 0x0000025ebeb9c800 Exception <a 'sun/nio/fs/WindowsException'{0x0000000711899838}> (0x0000000711899838) 
thrown [./open/src/hotspot/share/prims/jni.cpp, line 599]
Event: 0.936 Thread 0x0000025ebeb9c800 Exception <a 'sun/nio/fs/WindowsException'{0x0000000711899bb8}> (0x0000000711899bb8) 
thrown [./open/src/hotspot/share/prims/jni.cpp, line 599]

Events (20 events):
Event: 0.776 Executing VM operation: HandshakeOneThread
Event: 0.776 Executing VM operation: HandshakeOneThread done
Event: 0.776 Executing VM operation: HandshakeOneThread
Event: 0.776 Executing VM operation: HandshakeOneThread done
Event: 0.777 Executing VM operation: HandshakeOneThread
Event: 0.777 Executing VM operation: HandshakeOneThread done
Event: 0.777 Executing VM operation: HandshakeOneThread
Event: 0.777 Executing VM operation: HandshakeOneThread done
Event: 0.777 Executing VM operation: HandshakeOneThread
Event: 0.777 Executing VM operation: HandshakeOneThread done
Event: 0.777 Executing VM operation: HandshakeOneThread
Event: 0.777 Executing VM operation: HandshakeOneThread done
Event: 0.854 loading class jdk/internal/reflect/UnsafeQualifiedLongFieldAccessorImpl
Event: 0.854 loading class jdk/internal/reflect/UnsafeQualifiedFieldAccessorImpl
Event: 0.854 loading class jdk/internal/reflect/UnsafeQualifiedFieldAccessorImpl done
Event: 0.854 loading class jdk/internal/reflect/UnsafeQualifiedLongFieldAccessorImpl done
Event: 0.869 Loaded shared library C:\Java\jdk-14.0.2\bin\verify.dll
Event: 0.903 loading class java/util/regex/Pattern$GroupCurly
Event: 0.903 loading class java/util/regex/Pattern$GroupCurly done
Event: 0.937 Loaded shared library C:\Users\Alex\AppData\Local\Temp\lwjglAlex\3.2.3-build-13\lwjgl_stb.dll


Dynamic libraries:
0x00007ff628800000 - 0x00007ff62880f000 	C:\Java\jdk-14.0.2\bin\java.exe
0x00007ffe4a8b0000 - 0x00007ffe4aaa6000 	C:\WINDOWS\SYSTEM32\ntdll.dll
0x00007ffe4a270000 - 0x00007ffe4a32d000 	C:\WINDOWS\System32\KERNEL32.DLL
0x00007ffe48150000 - 0x00007ffe48418000 	C:\WINDOWS\System32\KERNELBASE.dll
0x00007ffe48810000 - 0x00007ffe48910000 	C:\WINDOWS\System32\ucrtbase.dll
0x00007ffe3ebd0000 - 0x00007ffe3ebe5000 	C:\Java\jdk-14.0.2\bin\VCRUNTIME140.dll
0x00007ffe3aec0000 - 0x00007ffe3aed8000 	C:\Java\jdk-14.0.2\bin\jli.dll
0x00007ffe4a330000 - 0x00007ffe4a3dc000 	C:\WINDOWS\System32\ADVAPI32.dll
0x00007ffe49650000 - 0x00007ffe496ee000 	C:\WINDOWS\System32\msvcrt.dll
0x00007ffe4a1d0000 - 0x00007ffe4a26b000 	C:\WINDOWS\System32\sechost.dll
0x00007ffe499a0000 - 0x00007ffe49ac4000 	C:\WINDOWS\System32\RPCRT4.dll
0x00007ffe48970000 - 0x00007ffe48b10000 	C:\WINDOWS\System32\USER32.dll
0x00007ffe48020000 - 0x00007ffe48042000 	C:\WINDOWS\System32\win32u.dll
0x00007ffe3c4c0000 - 0x00007ffe3c75b000 	C:\WINDOWS\WinSxS\amd64_microsoft.windows.common-controls_6595b64144ccf1df_6.0.19041.488_none_ca04af081b815d21\COMCTL32.dll
0x00007ffe498d0000 - 0x00007ffe498fa000 	C:\WINDOWS\System32\GDI32.dll
0x00007ffe48420000 - 0x00007ffe48529000 	C:\WINDOWS\System32\gdi32full.dll
0x00007ffe480b0000 - 0x00007ffe4814d000 	C:\WINDOWS\System32\msvcp_win.dll
0x00007ffe40520000 - 0x00007ffe4052a000 	C:\WINDOWS\SYSTEM32\VERSION.dll
0x00007ffe49420000 - 0x00007ffe49450000 	C:\WINDOWS\System32\IMM32.DLL
0x00007ffe20330000 - 0x00007ffe203cb000 	C:\Java\jdk-14.0.2\bin\msvcp140.dll
0x00007ffded090000 - 0x00007ffdedbae000 	C:\Java\jdk-14.0.2\bin\server\jvm.dll
0x00007ffe49640000 - 0x00007ffe49648000 	C:\WINDOWS\System32\PSAPI.DLL
0x00007ffe3bb40000 - 0x00007ffe3bb67000 	C:\WINDOWS\SYSTEM32\WINMM.dll
0x00007ffe2fb80000 - 0x00007ffe2fb89000 	C:\WINDOWS\SYSTEM32\WSOCK32.dll
0x00007ffe496f0000 - 0x00007ffe4975b000 	C:\WINDOWS\System32\ws2_32.DLL
0x00007ffe46880000 - 0x00007ffe46892000 	C:\WINDOWS\SYSTEM32\kernel.appcore.dll
0x00007ffe42770000 - 0x00007ffe4277a000 	C:\Java\jdk-14.0.2\bin\jimage.dll
0x00007ffe45c30000 - 0x00007ffe45e14000 	C:\WINDOWS\SYSTEM32\DBGHELP.DLL
0x00007ffe2e620000 - 0x00007ffe2e64c000 	C:\WINDOWS\SYSTEM32\dbgcore.DLL
0x00007ffe48580000 - 0x00007ffe485ff000 	C:\WINDOWS\System32\bcryptPrimitives.dll
0x00007ffe3a110000 - 0x00007ffe3a135000 	C:\Java\jdk-14.0.2\bin\java.dll
0x00007ffe3a990000 - 0x00007ffe3a9a6000 	C:\Java\jdk-14.0.2\bin\zip.dll
0x00007ffe48cd0000 - 0x00007ffe49411000 	C:\WINDOWS\System32\SHELL32.dll
0x00007ffe460e0000 - 0x00007ffe46875000 	C:\WINDOWS\SYSTEM32\windows.storage.dll
0x00007ffe49ad0000 - 0x00007ffe49e25000 	C:\WINDOWS\System32\combase.dll
0x00007ffe47920000 - 0x00007ffe4794c000 	C:\WINDOWS\SYSTEM32\Wldp.dll
0x00007ffe48b70000 - 0x00007ffe48c1e000 	C:\WINDOWS\System32\SHCORE.dll
0x00007ffe4a040000 - 0x00007ffe4a095000 	C:\WINDOWS\System32\shlwapi.dll
0x00007ffe47f20000 - 0x00007ffe47f46000 	C:\WINDOWS\SYSTEM32\profapi.dll
0x00007ffe3a740000 - 0x00007ffe3a759000 	C:\Java\jdk-14.0.2\bin\net.dll
0x00007ffe405a0000 - 0x00007ffe406a0000 	C:\WINDOWS\SYSTEM32\WINHTTP.dll
0x00007ffe476b0000 - 0x00007ffe4771a000 	C:\WINDOWS\system32\mswsock.dll
0x00007ffe3a1a0000 - 0x00007ffe3a1b2000 	C:\Java\jdk-14.0.2\bin\nio.dll
0x00007ffe3a380000 - 0x00007ffe3a3e4000 	C:\Users\Alex\AppData\Local\Temp\lwjglAlex\3.2.3-build-13\lwjgl.dll
0x00007ffe3a290000 - 0x00007ffe3a2f2000 	C:\Users\Alex\AppData\Local\Temp\lwjglAlex\3.2.3-build-13\glfw.dll
0x00007ffe454e0000 - 0x00007ffe4557e000 	C:\WINDOWS\system32\uxtheme.dll
0x00007ffe3a240000 - 0x00007ffe3a285000 	C:\WINDOWS\SYSTEM32\dinput8.dll
0x00007ffe3a220000 - 0x00007ffe3a231000 	C:\WINDOWS\SYSTEM32\xinput1_4.dll
0x00007ffe48530000 - 0x00007ffe4857e000 	C:\WINDOWS\System32\cfgmgr32.dll
0x00007ffe47da0000 - 0x00007ffe47dcc000 	C:\WINDOWS\SYSTEM32\DEVOBJ.dll
0x00007ffe458a0000 - 0x00007ffe458cf000 	C:\WINDOWS\SYSTEM32\dwmapi.dll
0x00007ffe3b830000 - 0x00007ffe3b982000 	C:\WINDOWS\SYSTEM32\inputhost.dll
0x00007ffe49450000 - 0x00007ffe4951d000 	C:\WINDOWS\System32\OLEAUT32.dll
0x00007ffe43ce0000 - 0x00007ffe43dd2000 	C:\WINDOWS\SYSTEM32\CoreMessaging.dll
0x00007ffe45f70000 - 0x00007ffe46067000 	C:\WINDOWS\SYSTEM32\PROPSYS.dll
0x00007ffe43a10000 - 0x00007ffe43b66000 	C:\WINDOWS\SYSTEM32\wintypes.dll
0x00007ffe44940000 - 0x00007ffe44c9e000 	C:\WINDOWS\SYSTEM32\CoreUIComponents.dll
0x00007ffe46cf0000 - 0x00007ffe46d23000 	C:\WINDOWS\SYSTEM32\ntmarta.dll
0x00007ffe49520000 - 0x00007ffe49635000 	C:\WINDOWS\System32\MSCTF.dll
0x00007ffe468a0000 - 0x00007ffe468ad000 	C:\WINDOWS\SYSTEM32\HID.DLL
0x00007ffe4a400000 - 0x00007ffe4a867000 	C:\WINDOWS\System32\SETUPAPI.DLL
0x00007ffe47ff0000 - 0x00007ffe48017000 	C:\WINDOWS\System32\bcrypt.dll
0x00007ffe48050000 - 0x00007ffe480b0000 	C:\WINDOWS\System32\WINTRUST.dll
0x00007ffe48600000 - 0x00007ffe4875d000 	C:\WINDOWS\System32\CRYPT32.dll
0x00007ffe47b70000 - 0x00007ffe47b82000 	C:\WINDOWS\SYSTEM32\MSASN1.dll
0x00007ffe2e080000 - 0x00007ffe2e1a5000 	C:\WINDOWS\SYSTEM32\opengl32.dll
0x00007ffe2d390000 - 0x00007ffe2d3bc000 	C:\WINDOWS\SYSTEM32\GLU32.dll
0x00007ffe48c20000 - 0x00007ffe48cc9000 	C:\WINDOWS\System32\clbcatq.dll
0x00007ffdf15c0000 - 0x00007ffdf247f000 	C:\WINDOWS\System32\DriverStore\FileRepository\k127153.inf_amd64_3f3936d8dec668b8\ig9icd64.dll
0x00007ffe459d0000 - 0x00007ffe459e4000 	C:\WINDOWS\SYSTEM32\WTSAPI32.dll
0x00007ffe46900000 - 0x00007ffe469f3000 	C:\WINDOWS\SYSTEM32\dxgi.dll
0x00007ffe35ca0000 - 0x00007ffe35cdb000 	C:\WINDOWS\SYSTEM32\dxcore.dll
0x00007ffe31690000 - 0x00007ffe33425000 	C:\WINDOWS\System32\DriverStore\FileRepository\k127153.inf_amd64_3f3936d8dec668b8\igc64.dll
0x00007ffe47ac0000 - 0x00007ffe47b0b000 	C:\WINDOWS\SYSTEM32\powrprof.dll
0x00007ffe47aa0000 - 0x00007ffe47ab2000 	C:\WINDOWS\SYSTEM32\UMPDC.dll
0x00007ffe39b60000 - 0x00007ffe39c5c000 	C:\WINDOWS\SYSTEM32\textinputframework.dll
0x00007ffe39d70000 - 0x00007ffe39dd6000 	C:\WINDOWS\system32\Oleacc.dll
0x00007ffe2cdb0000 - 0x00007ffe2ce09000 	C:\Users\Alex\AppData\Local\Temp\lwjglAlex\3.2.3-build-13\lwjgl_opengl.dll
0x00007ffe3b300000 - 0x00007ffe3b310000 	C:\Java\jdk-14.0.2\bin\verify.dll
0x00007ffe2cd30000 - 0x00007ffe2cda7000 	C:\Users\Alex\AppData\Local\Temp\lwjglAlex\3.2.3-build-13\lwjgl_stb.dll

dbghelp: loaded successfully - version: 4.0.5 - missing functions: none
symbol engine: initialized successfully - sym options: 0x614 - pdb path: .;C:\Java\jdk-14.0.2\bin;C:\WINDOWS\SYSTEM32;C:\WINDOWS\WinSxS\amd64_microsoft.windows.common-controls_6595b64144ccf1df_6.0.19041.488_none_ca04af081b815d21;C:\Java\jdk-14.0.2\bin\server;C:\Users\Alex\AppData\Local\Temp\lwjglAlex\3.2.3-build-13;C:\WINDOWS\System32\DriverStore\FileRepository\k127153.inf_amd64_3f3936d8dec668b8

VM Arguments:
jvm_args: -Dfile.encoding=windows-1252 -Duser.country=US -Duser.language=en -Duser.variant 
java_command: Main
java_class_path (initial): C:\iz_only_gaem\game\build\classes\java\main;C:\iz_only_gaem\game\build\resources\main;C:\Users\Alex\.gradle\caches\modules-2\files-2.1\org.lwjgl\lwjgl-assimp\3.2.3\f62aa07a20afbdd3097efc296c4841e0d29700eb\lwjgl-assimp-3.2.3.jar;C:\Users\Alex\.gradle\caches\modules-2\files-2.1\org.lwjgl\lwjgl-assimp\3.2.3\4e60aeb75f0343c4a9ede4ef8b6b32ca702a00a3\lwjgl-assimp-3.2.3-natives-windows.jar;C:\Users\Alex\.gradle\caches\modules-2\files-2.1\org.lwjgl\lwjgl-glfw\3.2.3\5e520d5c290c8b012545a8d34fa5db5ab051ea53\lwjgl-glfw-3.2.3.jar;C:\Users\Alex\.gradle\caches\modules-2\files-2.1\org.lwjgl\lwjgl-glfw\3.2.3\b4d8a3477cdc2edcf7a5f1e822926be846223f54\lwjgl-glfw-3.2.3-natives-windows.jar;C:\Users\Alex\.gradle\caches\modules-2\files-2.1\org.lwjgl\lwjgl-nfd\3.2.3\c44fee1043c022cf6614a28872d44cf114ca7737\lwjgl-nfd-3.2.3.jar;C:\Users\Alex\.gradle\caches\modules-2\files-2.1\org.lwjgl\lwjgl-nfd\3.2.3\32782f5f5c57769efb82af864e70b819c77bc891\lwjgl-nfd-3.2.3-natives-windows.jar;C:\Users\Alex\.gradle\caches\modules-2\files-2.1\org.lwjgl\lwjgl-openal\3.2.3\106742e805803ab9eab8e343f0fb31a3d263903c\lwjgl-openal-3.2.3.jar;C:\Users\Alex\.gradle\caches\modules-2\files-2.1\org.lwjgl\lwjgl-openal\3.2.3\ec898e8ce11b5886f4f532a1536283ef2817758d\lwjgl-openal-3.2.3-natives-windows.jar;C:\Users\Alex\.gradle\caches\modules-2\files-2.1\org.lwjgl\lwjgl-opengl\3.2.3\bdd534a323d0c8f54969b95e424b6ac8984f7d6e\lwjgl-opengl-3.2.3.jar;C:\Users\Alex\.gradle\caches\modules-2\files-2.1\org.lwjgl\lwjgl-opengl\3.2.3\e81cfc73ec8708e5e791ed770e4ec3edfc1bbab1\lwjgl-opengl-3.2.3-natives-windows.jar;C:\Users\Alex\.gradle\caches\modules-2\files-2.1\org.lwjgl\lwjgl-stb\3.2.3\40eccaa4fa86fc815f2e17946a392fb5fdcc286a\lwjgl-stb-3.2.3.jar;C:\Users\Alex\.gradle\caches\modules-2\files-2.1\org.lwjgl\lwjgl-stb\3.2.3\817b21ec286f0ba3dcedb56a3bd275e6a9345be9\lwjgl-stb-3.2.3-natives-windows.jar;C:\Users\Alex\.gradle\caches\modules-2\files-2.1\org.lwjgl\lwjgl\3.2.3\17a59ba0fe8d474ec9dbe0d5db40d2cfe59c4c08\lwjg
Launcher Type: SUN_STANDARD

[Global flags]
     intx CICompilerCount                          = 3                                         {product} {ergonomic}
     uint ConcGCThreads                            = 1                                         {product} {ergonomic}
     uint G1ConcRefinementThreads                  = 4                                         {product} {ergonomic}
   size_t G1HeapRegionSize                         = 1048576                                   {product} {ergonomic}
    uintx GCDrainStackTargetSize                   = 64                                        {product} {ergonomic}
   size_t InitialHeapSize                          = 266338304                                 {product} {ergonomic}
   size_t MarkStackSize                            = 4194304                                   {product} {ergonomic}
   size_t MaxHeapSize                              = 4261412864                                {product} {ergonomic}
   size_t MaxNewSize                               = 2556428288                                {product} {ergonomic}
   size_t MinHeapDeltaBytes                        = 1048576                                   {product} {ergonomic}
   size_t MinHeapSize                              = 8388608                                   {product} {ergonomic}
    uintx NonNMethodCodeHeapSize                   = 5832780                                {pd product} {ergonomic}
    uintx NonProfiledCodeHeapSize                  = 122912730                              {pd product} {ergonomic}
    uintx ProfiledCodeHeapSize                     = 122912730                              {pd product} {ergonomic}
    uintx ReservedCodeCacheSize                    = 251658240                              {pd product} {ergonomic}
     bool SegmentedCodeCache                       = true                                      {product} {ergonomic}
   size_t SoftMaxHeapSize                          = 4261412864                             {manageable} {ergonomic}
     bool UseCompressedClassPointers               = true                                 {lp64_product} {ergonomic}
     bool UseCompressedOops                        = true                                 {lp64_product} {ergonomic}
     bool UseG1GC                                  = true                                      {product} {ergonomic}
     bool UseLargePagesIndividualAllocation        = false                                  {pd product} {ergonomic}

Logging:
Log output configuration:
 #0: stdout all=warning uptime,level,tags
 #1: stderr all=off uptime,level,tags

Environment Variables:
PATH=C:\Windows\system32;C:\Windows;C:\Windows\System32\Wbem;C:\Windows\System32\WindowsPowerShell\v1.0\;C:\Program Files (x86)\NVIDIA Corporation\PhysX\Common;C:\WINDOWS\system32;C:\WINDOWS;C:\WINDOWS\System32\Wbem;C:\WINDOWS\System32\WindowsPowerShell\v1.0\;C:\Program Files (x86)\Quest Software\vWorkspace Client\pntsc.exe;C:\WINDOWS\System32\OpenSSH\;C:\Program Files\NVIDIA Corporation\NVIDIA NvDLISR;C:\Program Files (x86)\Intel\Intel(R) Management Engine Components\DAL;C:\Program Files\Intel\Intel(R) Management Engine Components\DAL;C:\Program Files\Git\cmd;C:\Program Files\nodejs\;C:\\Program Files\MongoDB\Server\4.2\bin\;C:\Program Files\Intel\WiFi\bin\;C:\Program Files\Common Files\Intel\WirelessCommon\;C:\WINDOWS\system32;C:\WINDOWS;C:\WINDOWS\System32\Wbem;C:\WINDOWS\System32\WindowsPowerShell\v1.0\;C:\WINDOWS\System32\OpenSSH\;C:\Gradle\gradle-6.6.1\bin;;C:\Program Files\Docker\Docker\resources\bin;C:\ProgramData\DockerDesktop\version-bin;C:\Users\Alex\AppData\Local\Programs\Python\Python38\Scripts\;C:\Users\Alex\AppData\Local\Programs\Python\Python38\;C:\Users\Alex\AppData\Local\Microsoft\WindowsApps;C:\Program Files\heroku\bin;C:\Users\Alex\AppData\Roaming\npm;C:\Program Files\MySQL\MySQL Server 8.0\bin;C:\Users\Alex\AppData\Local\Programs\Microsoft VS Code\bin;C:\Java\jdk-14.0.2\bin;;C:\Program Files\JetBrains\IntelliJ IDEA Community Edition 2020.2.3\bin;
USERNAME=Alex
OS=Windows_NT
PROCESSOR_IDENTIFIER=Intel64 Family 6 Model 142 Stepping 9, GenuineIntel



---------------  S Y S T E M  ---------------

OS: Windows 10 , 64 bit Build 19041 (10.0.19041.546)
OS uptime: 3 days 22:31 hours
HyperV virtualization detected

CPU:total 4 (initial active 4) (2 cores per cpu, 2 threads per core) family 6 model 142 stepping 9, cmov, cx8, fxsr, mmx, sse, sse2, sse3, ssse3, sse4.1, sse4.2, popcnt, avx, avx2, aes, clmul, erms, 3dnowpref, lzcnt, ht, tsc, tscinvbit, bmi1, bmi2, adx, fma

Memory: 4k page, system-wide physical 16253M (9255M free)
TotalPageFile size 18685M (AvailPageFile size 7588M)
current process WorkingSet (physical memory assigned to process): 120M, peak: 120M
current process commit charge ("private bytes"): 364M, peak: 364M

vm_info: Java HotSpot(TM) 64-Bit Server VM (14.0.2+12-46) for windows-amd64 JRE (14.0.2+12-46), built on Jul  9 2020 00:35:52 by "mach5one" with MS VC++ 15.9 (VS2017)

END.
