#
# A fatal error has been detected by the Java Runtime Environment:
#
#  EXCEPTION_ACCESS_VIOLATION (0xc0000005) at pc=0x00007ffdec292460, pid=23312, tid=5556
#
# JRE version: Java(TM) SE Runtime Environment (14.0.2+12) (build 14.0.2+12-46)
# Java VM: Java HotSpot(TM) 64-Bit Server VM (14.0.2+12-46, mixed mode, sharing, tiered, compressed oops, g1 gc, windows-amd64)
# Problematic frame:
# C  [ig9icd64.dll+0xc2460]
#
# No core dump will be written. Minidumps are not enabled by default on client versions of Windows
#
# If you would like to submit a bug report, please visit:
#   https://bugreport.java.com/bugreport/crash.jsp
# The crash happened outside the Java Virtual Machine in native code.
# See problematic frame for where to report the bug.
#

---------------  S U M M A R Y ------------

Command Line: -Dfile.encoding=windows-1252 -Duser.country=US -Duser.language=en -Duser.variant Main

Host: Intel(R) Core(TM) i7-7500U CPU @ 2.70GHz, 4 cores, 15G,  Windows 10 , 64 bit Build 19041 (10.0.19041.546)
Time: Sun Nov 29 15:11:33 2020 US Mountain Standard Time elapsed time: 1 seconds (0d 0h 0m 1s)

---------------  T H R E A D  ---------------

Current thread (0x00000227a064a000):  JavaThread "main" [_thread_in_native, id=5556, stack(0x0000006333e00000,0x0000006333f00000)]

Stack: [0x0000006333e00000,0x0000006333f00000],  sp=0x0000006333efe7d0,  free space=1017k
Native frames: (J=compiled Java code, j=interpreted, Vv=VM code, C=native code)
C  [ig9icd64.dll+0xc2460]

Java frames: (J=compiled Java code, j=interpreted, Vv=VM code)
j  org.lwjgl.opengl.GL11C.nglTexImage2D(IIIIIIIIJ)V+0
j  org.lwjgl.opengl.GL11C.glTexImage2D(IIIIIIIILjava/nio/ByteBuffer;)V+17
j  org.lwjgl.opengl.GL11.glTexImage2D(IIIIIIIILjava/nio/ByteBuffer;)V+14
j  renderer.Texture.<init>(Ljava/lang/String;)V+132
j  jade.LevelEditorScene.init()V+45
j  jade.Window.changeScene(I)V+41
j  jade.Window.init()V+162
j  jade.Window.run()V+15
j  Main.main([Ljava/lang/String;)V+5
v  ~StubRoutines::call_stub

siginfo: EXCEPTION_ACCESS_VIOLATION (0xc0000005), reading address 0x00000227cfd39000


Register to memory mapping:

RIP=0x00007ffdec292460 ig9icd64.dll
RAX=0x0000000000000013 is an unknown value
RBX=0x0000006333efe8c0 is pointing into the stack for thread: 0x00000227a064a000
RCX=0x0 is NULL
RDX=0x00000227cfd39000 is an unknown value
RSP=0x0000006333efe7d0 is pointing into the stack for thread: 0x00000227a064a000
RBP=0x000000000000009d is an unknown value
RSI=0x00000227ca2a7000 points into unknown readable memory: 19 19 19 19 19 19 19 19
RDI=0x00000227ca2a7980 points into unknown readable memory: 00 00 00 00 00 00 00 00
R8 =0x0000000000000058 is an unknown value
R9 =0x0 is NULL
R10=0x0000000000000005 is an unknown value
R11=0x00000227c6a37564 points into unknown readable memory: 00 00 00 00
R12=0x0 is NULL
R13=0x0000006333efea50 is pointing into the stack for thread: 0x00000227a064a000
R14=0x00000000000009d8 is an unknown value
R15=0x0000000000000001 is an unknown value


Registers:
RAX=0x0000000000000013, RBX=0x0000006333efe8c0, RCX=0x0000000000000000, RDX=0x00000227cfd39000
RSP=0x0000006333efe7d0, RBP=0x000000000000009d, RSI=0x00000227ca2a7000, RDI=0x00000227ca2a7980
R8 =0x0000000000000058, R9 =0x0000000000000000, R10=0x0000000000000005, R11=0x00000227c6a37564
R12=0x0000000000000000, R13=0x0000006333efea50, R14=0x00000000000009d8, R15=0x0000000000000001
RIP=0x00007ffdec292460, EFLAGS=0x0000000000010206

Top of Stack: (sp=0x0000006333efe7d0)
0x0000006333efe7d0:   0000000000000000 0000000000000000
0x0000006333efe7e0:   0000000000000000 0000000000000000
0x0000006333efe7f0:   00000227cfd38680 00007ffdec643f70
0x0000006333efe800:   0000027600000276 0000000200000031
0x0000006333efe810:   0000006333efe9b0 0000000000000001
0x0000006333efe820:   0000000000000000 00007ffdec6467ff
0x0000006333efe830:   0000006333efe930 0000006333efea10
0x0000006333efe840:   00000227ca180000 00007ffdec644ee0
0x0000006333efe850:   00007ffdec200049 00007ffd00000001
0x0000006333efe860:   00000227cfc16040 0000000100000000
0x0000006333efe870:   40001ec040000240 0000000000000000
0x0000006333efe880:   00000227ca180000 0000000000000000
0x0000006333efe890:   0000000000000000 00007ffdec1f5518
0x0000006333efe8a0:   00000227c6b74790 0000000000000000
0x0000006333efe8b0:   00000000c67ceb00 0000000000000000
0x0000006333efe8c0:   00007ffdecbd8e70 00000227c6a1e880 

Instructions: (pc=0x00007ffdec292460)
0x00007ffdec292360:   3f 66 0f e7 77 10 66 0f e7 6f 20 66 0f e7 67 30
0x00007ffdec292370:   66 0f e7 5f 40 66 0f e7 57 50 66 0f e7 4f 60 66
0x00007ffdec292380:   0f e7 47 70 48 83 ef 80 48 83 ea 80 49 3b c1 72
0x00007ffdec292390:   9f 41 83 e0 7f 0f 84 e0 00 00 00 45 8b d0 44 8b
0x00007ffdec2923a0:   c9 49 c1 ea 04 4d 85 d2 0f 84 cd 00 00 00 66 90
0x00007ffdec2923b0:   f3 0f 6f 02 41 ff c1 48 83 c2 10 41 8b c1 66 0f
0x00007ffdec2923c0:   e7 07 48 83 c7 10 49 3b c2 72 e5 e9 ab 00 00 00
0x00007ffdec2923d0:   4d 85 c9 74 6c 66 66 66 0f 1f 84 00 00 00 00 00
0x00007ffdec2923e0:   66 0f 6f 3a 41 ff c2 66 0f 6f 72 10 66 0f 6f 6a
0x00007ffdec2923f0:   20 66 0f 6f 62 30 66 0f 6f 5a 40 66 0f 6f 52 50
0x00007ffdec292400:   66 0f 6f 4a 60 66 0f 6f 42 70 48 83 ea 80 66 0f
0x00007ffdec292410:   e7 3f 66 0f e7 77 10 66 0f e7 6f 20 66 0f e7 67
0x00007ffdec292420:   30 66 0f e7 5f 40 66 0f e7 57 50 66 0f e7 4f 60
0x00007ffdec292430:   66 0f e7 47 70 48 83 ef 80 41 8b c2 49 3b c1 72
0x00007ffdec292440:   9f 41 83 e0 7f 74 34 45 8b d0 44 8b c9 49 c1 ea
0x00007ffdec292450:   04 4d 85 d2 74 25 66 66 0f 1f 84 00 00 00 00 00
0x00007ffdec292460:   66 0f 6f 02 41 ff c1 66 0f e7 07 48 83 c7 10 41
0x00007ffdec292470:   8b c1 48 83 c2 10 49 3b c2 72 e5 0f 28 74 24 10
0x00007ffdec292480:   0f 28 3c 24 41 83 e0 0f 74 49 45 8b d0 44 8b c9
0x00007ffdec292490:   49 c1 ea 02 4d 85 d2 74 1e 0f 1f 80 00 00 00 00
0x00007ffdec2924a0:   8b 02 41 ff c1 89 07 48 83 c2 04 48 83 c7 04 41
0x00007ffdec2924b0:   8b c1 49 3b c2 72 e9 41 83 e0 03 76 16 48 2b d7
0x00007ffdec2924c0:   0f b6 04 3a ff c1 88 07 48 8d 7f 01 8b c1 49 3b
0x00007ffdec2924d0:   c0 72 ed 48 83 c4 20 5f c3 cc cc cc cc cc cc cc
0x00007ffdec2924e0:   8b 01 83 c0 f2 83 f8 1a 77 7f 4c 8d 05 0f db f3
0x00007ffdec2924f0:   ff 48 98 41 0f b6 84 00 90 25 0c 00 41 8b 94 80
0x00007ffdec292500:   6c 25 0c 00 49 03 d0 ff e2 c7 01 23 00 00 00 b8
0x00007ffdec292510:   01 00 00 00 c3 c7 01 24 00 00 00 b8 02 00 00 00
0x00007ffdec292520:   c3 c7 01 1b 00 00 00 b8 01 00 00 00 c3 c7 01 1c
0x00007ffdec292530:   00 00 00 b8 02 00 00 00 c3 c7 01 13 00 00 00 b8
0x00007ffdec292540:   01 00 00 00 c3 c7 01 14 00 00 00 b8 02 00 00 00
0x00007ffdec292550:   c3 c7 01 0a 00 00 00 b8 01 00 00 00 c3 c7 01 0b 


Stack slot to memory mapping:
stack at sp + 0 slots: 0x0 is NULL
stack at sp + 1 slots: 0x0 is NULL
stack at sp + 2 slots: 0x0 is NULL
stack at sp + 3 slots: 0x0 is NULL
stack at sp + 4 slots: 0x00000227cfd38680 points into unknown readable memory: 19 19 19 19 19 19 19 19
stack at sp + 5 slots: 0x00007ffdec643f70 ig9icd64.dll
stack at sp + 6 slots: 0x0000027600000276 is an unknown value
stack at sp + 7 slots: 0x0000000200000031 is an unknown value


---------------  P R O C E S S  ---------------

Threads class SMR info:
_java_thread_list=0x00000227c6590070, length=11, elements={
0x00000227a064a000, 0x00000227c5ba3800, 0x00000227c5ba5800, 0x00000227c5bc8800,
0x00000227c5bcb800, 0x00000227c5bcc800, 0x00000227c646a800, 0x00000227c5bd9000,
0x00000227c5bda000, 0x00000227c659c800, 0x00000227c65a1800
}

Java Threads: ( => current thread )
=>0x00000227a064a000 JavaThread "main" [_thread_in_native, id=5556, stack(0x0000006333e00000,0x0000006333f00000)]
  0x00000227c5ba3800 JavaThread "Reference Handler" daemon [_thread_blocked, id=22436, stack(0x0000006334500000,0x0000006334600000)]
  0x00000227c5ba5800 JavaThread "Finalizer" daemon [_thread_blocked, id=23020, stack(0x0000006334600000,0x0000006334700000)]
  0x00000227c5bc8800 JavaThread "Signal Dispatcher" daemon [_thread_blocked, id=21276, stack(0x0000006334700000,0x0000006334800000)]
  0x00000227c5bcb800 JavaThread "Attach Listener" daemon [_thread_blocked, id=11732, stack(0x0000006334800000,0x0000006334900000)]
  0x00000227c5bcc800 JavaThread "Service Thread" daemon [_thread_blocked, id=22876, stack(0x0000006334900000,0x0000006334a00000)]
  0x00000227c646a800 JavaThread "C2 CompilerThread0" daemon [_thread_blocked, id=8896, stack(0x0000006334a00000,0x0000006334b00000)]
  0x00000227c5bd9000 JavaThread "C1 CompilerThread0" daemon [_thread_blocked, id=22896, stack(0x0000006334b00000,0x0000006334c00000)]
  0x00000227c5bda000 JavaThread "Sweeper thread" daemon [_thread_blocked, id=23520, stack(0x0000006334c00000,0x0000006334d00000)]
  0x00000227c659c800 JavaThread "Notification Thread" daemon [_thread_blocked, id=8628, stack(0x0000006334d00000,0x0000006334e00000)]
  0x00000227c65a1800 JavaThread "Common-Cleaner" daemon [_thread_blocked, id=1888, stack(0x0000006334f00000,0x0000006335000000)]

Other Threads:
  0x00000227c5b9e800 VMThread "VM Thread" [stack: 0x0000006334400000,0x0000006334500000] [id=11584]
  0x00000227c65a0000 WatcherThread [stack: 0x0000006334e00000,0x0000006334f00000] [id=23116]
  0x00000227a2893000 GCTaskThread "GC Thread#0" [stack: 0x0000006333f00000,0x0000006334000000] [id=17328]
  0x00000227ceb08000 GCTaskThread "GC Thread#1" [stack: 0x0000006335500000,0x0000006335600000] [id=20284]
  0x00000227c7052800 GCTaskThread "GC Thread#2" [stack: 0x0000006335600000,0x0000006335700000] [id=3224]
  0x00000227c7053800 GCTaskThread "GC Thread#3" [stack: 0x0000006335700000,0x0000006335800000] [id=11228]
  0x00000227a28b5800 ConcurrentGCThread "G1 Main Marker" [stack: 0x0000006334000000,0x0000006334100000] [id=20872]
  0x00000227a28b7000 ConcurrentGCThread "G1 Conc#0" [stack: 0x0000006334100000,0x0000006334200000] [id=23228]
  0x00000227c5a8c800 ConcurrentGCThread "G1 Refine#0" [stack: 0x0000006334200000,0x0000006334300000] [id=18032]
  0x00000227c5a8f000 ConcurrentGCThread "G1 Young RemSet Sampling" [stack: 0x0000006334300000,0x0000006334400000] [id=10924]

Threads with active compile tasks:

VM state:not at safepoint (normal execution)

VM Mutex/Monitor currently owned by a thread: None

Heap address: 0x0000000702000000, size: 4064 MB, Compressed Oops mode: Zero based, Oop shift amount: 3
Narrow klass base: 0x0000000800000000, Narrow klass shift: 3
Compressed class space size: 1073741824 Address: 0x0000000800b30000

Heap:
 garbage-first heap   total 260096K, used 6763K [0x0000000702000000, 0x0000000800000000)
  region size 1024K, 8 young (8192K), 2 survivors (2048K)
 Metaspace       used 5685K, capacity 8745K, committed 9088K, reserved 1058816K
  class space    used 279K, capacity 601K, committed 640K, reserved 1048576K
Heap Regions: E=young(eden), S=young(survivor), O=old, HS=humongous(starts), HC=humongous(continues), CS=collection set, F=free, OA=open archive, CA=closed archive, TAMS=top-at-mark-start (previous, next)
|   0|0x0000000702000000, 0x0000000702000000, 0x0000000702100000|  0%| F|  |TAMS 0x0000000702000000, 0x0000000702000000| Untracked 
|   1|0x0000000702100000, 0x0000000702100000, 0x0000000702200000|  0%| F|  |TAMS 0x0000000702100000, 0x0000000702100000| Untracked 
|   2|0x0000000702200000, 0x0000000702200000, 0x0000000702300000|  0%| F|  |TAMS 0x0000000702200000, 0x0000000702200000| Untracked 
|   3|0x0000000702300000, 0x0000000702300000, 0x0000000702400000|  0%| F|  |TAMS 0x0000000702300000, 0x0000000702300000| Untracked 
|   4|0x0000000702400000, 0x0000000702400000, 0x0000000702500000|  0%| F|  |TAMS 0x0000000702400000, 0x0000000702400000| Untracked 
|   5|0x0000000702500000, 0x0000000702500000, 0x0000000702600000|  0%| F|  |TAMS 0x0000000702500000, 0x0000000702500000| Untracked 
|   6|0x0000000702600000, 0x0000000702600000, 0x0000000702700000|  0%| F|  |TAMS 0x0000000702600000, 0x0000000702600000| Untracked 
|   7|0x0000000702700000, 0x0000000702700000, 0x0000000702800000|  0%| F|  |TAMS 0x0000000702700000, 0x0000000702700000| Untracked 
|   8|0x0000000702800000, 0x0000000702800000, 0x0000000702900000|  0%| F|  |TAMS 0x0000000702800000, 0x0000000702800000| Untracked 
|   9|0x0000000702900000, 0x0000000702900000, 0x0000000702a00000|  0%| F|  |TAMS 0x0000000702900000, 0x0000000702900000| Untracked 
|  10|0x0000000702a00000, 0x0000000702a00000, 0x0000000702b00000|  0%| F|  |TAMS 0x0000000702a00000, 0x0000000702a00000| Untracked 
|  11|0x0000000702b00000, 0x0000000702b00000, 0x0000000702c00000|  0%| F|  |TAMS 0x0000000702b00000, 0x0000000702b00000| Untracked 
|  12|0x0000000702c00000, 0x0000000702c00000, 0x0000000702d00000|  0%| F|  |TAMS 0x0000000702c00000, 0x0000000702c00000| Untracked 
|  13|0x0000000702d00000, 0x0000000702d00000, 0x0000000702e00000|  0%| F|  |TAMS 0x0000000702d00000, 0x0000000702d00000| Untracked 
|  14|0x0000000702e00000, 0x0000000702e00000, 0x0000000702f00000|  0%| F|  |TAMS 0x0000000702e00000, 0x0000000702e00000| Untracked 
|  15|0x0000000702f00000, 0x0000000702f00000, 0x0000000703000000|  0%| F|  |TAMS 0x0000000702f00000, 0x0000000702f00000| Untracked 
|  16|0x0000000703000000, 0x0000000703000000, 0x0000000703100000|  0%| F|  |TAMS 0x0000000703000000, 0x0000000703000000| Untracked 
|  17|0x0000000703100000, 0x0000000703100000, 0x0000000703200000|  0%| F|  |TAMS 0x0000000703100000, 0x0000000703100000| Untracked 
|  18|0x0000000703200000, 0x0000000703200000, 0x0000000703300000|  0%| F|  |TAMS 0x0000000703200000, 0x0000000703200000| Untracked 
|  19|0x0000000703300000, 0x0000000703300000, 0x0000000703400000|  0%| F|  |TAMS 0x0000000703300000, 0x0000000703300000| Untracked 
|  20|0x0000000703400000, 0x0000000703400000, 0x0000000703500000|  0%| F|  |TAMS 0x0000000703400000, 0x0000000703400000| Untracked 
|  21|0x0000000703500000, 0x0000000703500000, 0x0000000703600000|  0%| F|  |TAMS 0x0000000703500000, 0x0000000703500000| Untracked 
|  22|0x0000000703600000, 0x0000000703600000, 0x0000000703700000|  0%| F|  |TAMS 0x0000000703600000, 0x0000000703600000| Untracked 
|  23|0x0000000703700000, 0x0000000703700000, 0x0000000703800000|  0%| F|  |TAMS 0x0000000703700000, 0x0000000703700000| Untracked 
|  24|0x0000000703800000, 0x0000000703800000, 0x0000000703900000|  0%| F|  |TAMS 0x0000000703800000, 0x0000000703800000| Untracked 
|  25|0x0000000703900000, 0x0000000703900000, 0x0000000703a00000|  0%| F|  |TAMS 0x0000000703900000, 0x0000000703900000| Untracked 
|  26|0x0000000703a00000, 0x0000000703a00000, 0x0000000703b00000|  0%| F|  |TAMS 0x0000000703a00000, 0x0000000703a00000| Untracked 
|  27|0x0000000703b00000, 0x0000000703b00000, 0x0000000703c00000|  0%| F|  |TAMS 0x0000000703b00000, 0x0000000703b00000| Untracked 
|  28|0x0000000703c00000, 0x0000000703c00000, 0x0000000703d00000|  0%| F|  |TAMS 0x0000000703c00000, 0x0000000703c00000| Untracked 
|  29|0x0000000703d00000, 0x0000000703d00000, 0x0000000703e00000|  0%| F|  |TAMS 0x0000000703d00000, 0x0000000703d00000| Untracked 
|  30|0x0000000703e00000, 0x0000000703e00000, 0x0000000703f00000|  0%| F|  |TAMS 0x0000000703e00000, 0x0000000703e00000| Untracked 
|  31|0x0000000703f00000, 0x0000000703f00000, 0x0000000704000000|  0%| F|  |TAMS 0x0000000703f00000, 0x0000000703f00000| Untracked 
|  32|0x0000000704000000, 0x0000000704000000, 0x0000000704100000|  0%| F|  |TAMS 0x0000000704000000, 0x0000000704000000| Untracked 
|  33|0x0000000704100000, 0x0000000704100000, 0x0000000704200000|  0%| F|  |TAMS 0x0000000704100000, 0x0000000704100000| Untracked 
|  34|0x0000000704200000, 0x0000000704200000, 0x0000000704300000|  0%| F|  |TAMS 0x0000000704200000, 0x0000000704200000| Untracked 
|  35|0x0000000704300000, 0x0000000704300000, 0x0000000704400000|  0%| F|  |TAMS 0x0000000704300000, 0x0000000704300000| Untracked 
|  36|0x0000000704400000, 0x0000000704400000, 0x0000000704500000|  0%| F|  |TAMS 0x0000000704400000, 0x0000000704400000| Untracked 
|  37|0x0000000704500000, 0x0000000704500000, 0x0000000704600000|  0%| F|  |TAMS 0x0000000704500000, 0x0000000704500000| Untracked 
|  38|0x0000000704600000, 0x0000000704600000, 0x0000000704700000|  0%| F|  |TAMS 0x0000000704600000, 0x0000000704600000| Untracked 
|  39|0x0000000704700000, 0x0000000704700000, 0x0000000704800000|  0%| F|  |TAMS 0x0000000704700000, 0x0000000704700000| Untracked 
|  40|0x0000000704800000, 0x0000000704800000, 0x0000000704900000|  0%| F|  |TAMS 0x0000000704800000, 0x0000000704800000| Untracked 
|  41|0x0000000704900000, 0x0000000704900000, 0x0000000704a00000|  0%| F|  |TAMS 0x0000000704900000, 0x0000000704900000| Untracked 
|  42|0x0000000704a00000, 0x0000000704a00000, 0x0000000704b00000|  0%| F|  |TAMS 0x0000000704a00000, 0x0000000704a00000| Untracked 
|  43|0x0000000704b00000, 0x0000000704b00000, 0x0000000704c00000|  0%| F|  |TAMS 0x0000000704b00000, 0x0000000704b00000| Untracked 
|  44|0x0000000704c00000, 0x0000000704c00000, 0x0000000704d00000|  0%| F|  |TAMS 0x0000000704c00000, 0x0000000704c00000| Untracked 
|  45|0x0000000704d00000, 0x0000000704d00000, 0x0000000704e00000|  0%| F|  |TAMS 0x0000000704d00000, 0x0000000704d00000| Untracked 
|  46|0x0000000704e00000, 0x0000000704e00000, 0x0000000704f00000|  0%| F|  |TAMS 0x0000000704e00000, 0x0000000704e00000| Untracked 
|  47|0x0000000704f00000, 0x0000000704f00000, 0x0000000705000000|  0%| F|  |TAMS 0x0000000704f00000, 0x0000000704f00000| Untracked 
|  48|0x0000000705000000, 0x0000000705000000, 0x0000000705100000|  0%| F|  |TAMS 0x0000000705000000, 0x0000000705000000| Untracked 
|  49|0x0000000705100000, 0x0000000705100000, 0x0000000705200000|  0%| F|  |TAMS 0x0000000705100000, 0x0000000705100000| Untracked 
|  50|0x0000000705200000, 0x0000000705200000, 0x0000000705300000|  0%| F|  |TAMS 0x0000000705200000, 0x0000000705200000| Untracked 
|  51|0x0000000705300000, 0x0000000705300000, 0x0000000705400000|  0%| F|  |TAMS 0x0000000705300000, 0x0000000705300000| Untracked 
|  52|0x0000000705400000, 0x0000000705400000, 0x0000000705500000|  0%| F|  |TAMS 0x0000000705400000, 0x0000000705400000| Untracked 
|  53|0x0000000705500000, 0x0000000705500000, 0x0000000705600000|  0%| F|  |TAMS 0x0000000705500000, 0x0000000705500000| Untracked 
|  54|0x0000000705600000, 0x0000000705600000, 0x0000000705700000|  0%| F|  |TAMS 0x0000000705600000, 0x0000000705600000| Untracked 
|  55|0x0000000705700000, 0x0000000705700000, 0x0000000705800000|  0%| F|  |TAMS 0x0000000705700000, 0x0000000705700000| Untracked 
|  56|0x0000000705800000, 0x0000000705800000, 0x0000000705900000|  0%| F|  |TAMS 0x0000000705800000, 0x0000000705800000| Untracked 
|  57|0x0000000705900000, 0x0000000705900000, 0x0000000705a00000|  0%| F|  |TAMS 0x0000000705900000, 0x0000000705900000| Untracked 
|  58|0x0000000705a00000, 0x0000000705a00000, 0x0000000705b00000|  0%| F|  |TAMS 0x0000000705a00000, 0x0000000705a00000| Untracked 
|  59|0x0000000705b00000, 0x0000000705b00000, 0x0000000705c00000|  0%| F|  |TAMS 0x0000000705b00000, 0x0000000705b00000| Untracked 
|  60|0x0000000705c00000, 0x0000000705c00000, 0x0000000705d00000|  0%| F|  |TAMS 0x0000000705c00000, 0x0000000705c00000| Untracked 
|  61|0x0000000705d00000, 0x0000000705d00000, 0x0000000705e00000|  0%| F|  |TAMS 0x0000000705d00000, 0x0000000705d00000| Untracked 
|  62|0x0000000705e00000, 0x0000000705e00000, 0x0000000705f00000|  0%| F|  |TAMS 0x0000000705e00000, 0x0000000705e00000| Untracked 
|  63|0x0000000705f00000, 0x0000000705f00000, 0x0000000706000000|  0%| F|  |TAMS 0x0000000705f00000, 0x0000000705f00000| Untracked 
|  64|0x0000000706000000, 0x0000000706000000, 0x0000000706100000|  0%| F|  |TAMS 0x0000000706000000, 0x0000000706000000| Untracked 
|  65|0x0000000706100000, 0x0000000706100000, 0x0000000706200000|  0%| F|  |TAMS 0x0000000706100000, 0x0000000706100000| Untracked 
|  66|0x0000000706200000, 0x0000000706200000, 0x0000000706300000|  0%| F|  |TAMS 0x0000000706200000, 0x0000000706200000| Untracked 
|  67|0x0000000706300000, 0x0000000706300000, 0x0000000706400000|  0%| F|  |TAMS 0x0000000706300000, 0x0000000706300000| Untracked 
|  68|0x0000000706400000, 0x0000000706400000, 0x0000000706500000|  0%| F|  |TAMS 0x0000000706400000, 0x0000000706400000| Untracked 
|  69|0x0000000706500000, 0x0000000706500000, 0x0000000706600000|  0%| F|  |TAMS 0x0000000706500000, 0x0000000706500000| Untracked 
|  70|0x0000000706600000, 0x0000000706600000, 0x0000000706700000|  0%| F|  |TAMS 0x0000000706600000, 0x0000000706600000| Untracked 
|  71|0x0000000706700000, 0x0000000706700000, 0x0000000706800000|  0%| F|  |TAMS 0x0000000706700000, 0x0000000706700000| Untracked 
|  72|0x0000000706800000, 0x0000000706800000, 0x0000000706900000|  0%| F|  |TAMS 0x0000000706800000, 0x0000000706800000| Untracked 
|  73|0x0000000706900000, 0x0000000706900000, 0x0000000706a00000|  0%| F|  |TAMS 0x0000000706900000, 0x0000000706900000| Untracked 
|  74|0x0000000706a00000, 0x0000000706a00000, 0x0000000706b00000|  0%| F|  |TAMS 0x0000000706a00000, 0x0000000706a00000| Untracked 
|  75|0x0000000706b00000, 0x0000000706b00000, 0x0000000706c00000|  0%| F|  |TAMS 0x0000000706b00000, 0x0000000706b00000| Untracked 
|  76|0x0000000706c00000, 0x0000000706c00000, 0x0000000706d00000|  0%| F|  |TAMS 0x0000000706c00000, 0x0000000706c00000| Untracked 
|  77|0x0000000706d00000, 0x0000000706d00000, 0x0000000706e00000|  0%| F|  |TAMS 0x0000000706d00000, 0x0000000706d00000| Untracked 
|  78|0x0000000706e00000, 0x0000000706e00000, 0x0000000706f00000|  0%| F|  |TAMS 0x0000000706e00000, 0x0000000706e00000| Untracked 
|  79|0x0000000706f00000, 0x0000000706f00000, 0x0000000707000000|  0%| F|  |TAMS 0x0000000706f00000, 0x0000000706f00000| Untracked 
|  80|0x0000000707000000, 0x0000000707000000, 0x0000000707100000|  0%| F|  |TAMS 0x0000000707000000, 0x0000000707000000| Untracked 
|  81|0x0000000707100000, 0x0000000707100000, 0x0000000707200000|  0%| F|  |TAMS 0x0000000707100000, 0x0000000707100000| Untracked 
|  82|0x0000000707200000, 0x0000000707200000, 0x0000000707300000|  0%| F|  |TAMS 0x0000000707200000, 0x0000000707200000| Untracked 
|  83|0x0000000707300000, 0x0000000707300000, 0x0000000707400000|  0%| F|  |TAMS 0x0000000707300000, 0x0000000707300000| Untracked 
|  84|0x0000000707400000, 0x0000000707400000, 0x0000000707500000|  0%| F|  |TAMS 0x0000000707400000, 0x0000000707400000| Untracked 
|  85|0x0000000707500000, 0x0000000707500000, 0x0000000707600000|  0%| F|  |TAMS 0x0000000707500000, 0x0000000707500000| Untracked 
|  86|0x0000000707600000, 0x0000000707600000, 0x0000000707700000|  0%| F|  |TAMS 0x0000000707600000, 0x0000000707600000| Untracked 
|  87|0x0000000707700000, 0x0000000707700000, 0x0000000707800000|  0%| F|  |TAMS 0x0000000707700000, 0x0000000707700000| Untracked 
|  88|0x0000000707800000, 0x0000000707800000, 0x0000000707900000|  0%| F|  |TAMS 0x0000000707800000, 0x0000000707800000| Untracked 
|  89|0x0000000707900000, 0x0000000707900000, 0x0000000707a00000|  0%| F|  |TAMS 0x0000000707900000, 0x0000000707900000| Untracked 
|  90|0x0000000707a00000, 0x0000000707a00000, 0x0000000707b00000|  0%| F|  |TAMS 0x0000000707a00000, 0x0000000707a00000| Untracked 
|  91|0x0000000707b00000, 0x0000000707b00000, 0x0000000707c00000|  0%| F|  |TAMS 0x0000000707b00000, 0x0000000707b00000| Untracked 
|  92|0x0000000707c00000, 0x0000000707c00000, 0x0000000707d00000|  0%| F|  |TAMS 0x0000000707c00000, 0x0000000707c00000| Untracked 
|  93|0x0000000707d00000, 0x0000000707d00000, 0x0000000707e00000|  0%| F|  |TAMS 0x0000000707d00000, 0x0000000707d00000| Untracked 
|  94|0x0000000707e00000, 0x0000000707e00000, 0x0000000707f00000|  0%| F|  |TAMS 0x0000000707e00000, 0x0000000707e00000| Untracked 
|  95|0x0000000707f00000, 0x0000000707f00000, 0x0000000708000000|  0%| F|  |TAMS 0x0000000707f00000, 0x0000000707f00000| Untracked 
|  96|0x0000000708000000, 0x0000000708000000, 0x0000000708100000|  0%| F|  |TAMS 0x0000000708000000, 0x0000000708000000| Untracked 
|  97|0x0000000708100000, 0x0000000708100000, 0x0000000708200000|  0%| F|  |TAMS 0x0000000708100000, 0x0000000708100000| Untracked 
|  98|0x0000000708200000, 0x0000000708200000, 0x0000000708300000|  0%| F|  |TAMS 0x0000000708200000, 0x0000000708200000| Untracked 
|  99|0x0000000708300000, 0x0000000708300000, 0x0000000708400000|  0%| F|  |TAMS 0x0000000708300000, 0x0000000708300000| Untracked 
| 100|0x0000000708400000, 0x0000000708400000, 0x0000000708500000|  0%| F|  |TAMS 0x0000000708400000, 0x0000000708400000| Untracked 
| 101|0x0000000708500000, 0x0000000708500000, 0x0000000708600000|  0%| F|  |TAMS 0x0000000708500000, 0x0000000708500000| Untracked 
| 102|0x0000000708600000, 0x0000000708600000, 0x0000000708700000|  0%| F|  |TAMS 0x0000000708600000, 0x0000000708600000| Untracked 
| 103|0x0000000708700000, 0x0000000708700000, 0x0000000708800000|  0%| F|  |TAMS 0x0000000708700000, 0x0000000708700000| Untracked 
| 104|0x0000000708800000, 0x0000000708800000, 0x0000000708900000|  0%| F|  |TAMS 0x0000000708800000, 0x0000000708800000| Untracked 
| 105|0x0000000708900000, 0x0000000708900000, 0x0000000708a00000|  0%| F|  |TAMS 0x0000000708900000, 0x0000000708900000| Untracked 
| 106|0x0000000708a00000, 0x0000000708a00000, 0x0000000708b00000|  0%| F|  |TAMS 0x0000000708a00000, 0x0000000708a00000| Untracked 
| 107|0x0000000708b00000, 0x0000000708b00000, 0x0000000708c00000|  0%| F|  |TAMS 0x0000000708b00000, 0x0000000708b00000| Untracked 
| 108|0x0000000708c00000, 0x0000000708c00000, 0x0000000708d00000|  0%| F|  |TAMS 0x0000000708c00000, 0x0000000708c00000| Untracked 
| 109|0x0000000708d00000, 0x0000000708d00000, 0x0000000708e00000|  0%| F|  |TAMS 0x0000000708d00000, 0x0000000708d00000| Untracked 
| 110|0x0000000708e00000, 0x0000000708e00000, 0x0000000708f00000|  0%| F|  |TAMS 0x0000000708e00000, 0x0000000708e00000| Untracked 
| 111|0x0000000708f00000, 0x0000000708f00000, 0x0000000709000000|  0%| F|  |TAMS 0x0000000708f00000, 0x0000000708f00000| Untracked 
| 112|0x0000000709000000, 0x0000000709000000, 0x0000000709100000|  0%| F|  |TAMS 0x0000000709000000, 0x0000000709000000| Untracked 
| 113|0x0000000709100000, 0x0000000709100000, 0x0000000709200000|  0%| F|  |TAMS 0x0000000709100000, 0x0000000709100000| Untracked 
| 114|0x0000000709200000, 0x0000000709200000, 0x0000000709300000|  0%| F|  |TAMS 0x0000000709200000, 0x0000000709200000| Untracked 
| 115|0x0000000709300000, 0x0000000709300000, 0x0000000709400000|  0%| F|  |TAMS 0x0000000709300000, 0x0000000709300000| Untracked 
| 116|0x0000000709400000, 0x0000000709400000, 0x0000000709500000|  0%| F|  |TAMS 0x0000000709400000, 0x0000000709400000| Untracked 
| 117|0x0000000709500000, 0x0000000709500000, 0x0000000709600000|  0%| F|  |TAMS 0x0000000709500000, 0x0000000709500000| Untracked 
| 118|0x0000000709600000, 0x0000000709600000, 0x0000000709700000|  0%| F|  |TAMS 0x0000000709600000, 0x0000000709600000| Untracked 
| 119|0x0000000709700000, 0x0000000709700000, 0x0000000709800000|  0%| F|  |TAMS 0x0000000709700000, 0x0000000709700000| Untracked 
| 120|0x0000000709800000, 0x0000000709800000, 0x0000000709900000|  0%| F|  |TAMS 0x0000000709800000, 0x0000000709800000| Untracked 
| 121|0x0000000709900000, 0x0000000709900000, 0x0000000709a00000|  0%| F|  |TAMS 0x0000000709900000, 0x0000000709900000| Untracked 
| 122|0x0000000709a00000, 0x0000000709a00000, 0x0000000709b00000|  0%| F|  |TAMS 0x0000000709a00000, 0x0000000709a00000| Untracked 
| 123|0x0000000709b00000, 0x0000000709b00000, 0x0000000709c00000|  0%| F|  |TAMS 0x0000000709b00000, 0x0000000709b00000| Untracked 
| 124|0x0000000709c00000, 0x0000000709c00000, 0x0000000709d00000|  0%| F|  |TAMS 0x0000000709c00000, 0x0000000709c00000| Untracked 
| 125|0x0000000709d00000, 0x0000000709d00000, 0x0000000709e00000|  0%| F|  |TAMS 0x0000000709d00000, 0x0000000709d00000| Untracked 
| 126|0x0000000709e00000, 0x0000000709e00000, 0x0000000709f00000|  0%| F|  |TAMS 0x0000000709e00000, 0x0000000709e00000| Untracked 
| 127|0x0000000709f00000, 0x0000000709f00000, 0x000000070a000000|  0%| F|  |TAMS 0x0000000709f00000, 0x0000000709f00000| Untracked 
| 128|0x000000070a000000, 0x000000070a000000, 0x000000070a100000|  0%| F|  |TAMS 0x000000070a000000, 0x000000070a000000| Untracked 
| 129|0x000000070a100000, 0x000000070a100000, 0x000000070a200000|  0%| F|  |TAMS 0x000000070a100000, 0x000000070a100000| Untracked 
| 130|0x000000070a200000, 0x000000070a200000, 0x000000070a300000|  0%| F|  |TAMS 0x000000070a200000, 0x000000070a200000| Untracked 
| 131|0x000000070a300000, 0x000000070a300000, 0x000000070a400000|  0%| F|  |TAMS 0x000000070a300000, 0x000000070a300000| Untracked 
| 132|0x000000070a400000, 0x000000070a400000, 0x000000070a500000|  0%| F|  |TAMS 0x000000070a400000, 0x000000070a400000| Untracked 
| 133|0x000000070a500000, 0x000000070a500000, 0x000000070a600000|  0%| F|  |TAMS 0x000000070a500000, 0x000000070a500000| Untracked 
| 134|0x000000070a600000, 0x000000070a600000, 0x000000070a700000|  0%| F|  |TAMS 0x000000070a600000, 0x000000070a600000| Untracked 
| 135|0x000000070a700000, 0x000000070a700000, 0x000000070a800000|  0%| F|  |TAMS 0x000000070a700000, 0x000000070a700000| Untracked 
| 136|0x000000070a800000, 0x000000070a800000, 0x000000070a900000|  0%| F|  |TAMS 0x000000070a800000, 0x000000070a800000| Untracked 
| 137|0x000000070a900000, 0x000000070a900000, 0x000000070aa00000|  0%| F|  |TAMS 0x000000070a900000, 0x000000070a900000| Untracked 
| 138|0x000000070aa00000, 0x000000070aa00000, 0x000000070ab00000|  0%| F|  |TAMS 0x000000070aa00000, 0x000000070aa00000| Untracked 
| 139|0x000000070ab00000, 0x000000070ab00000, 0x000000070ac00000|  0%| F|  |TAMS 0x000000070ab00000, 0x000000070ab00000| Untracked 
| 140|0x000000070ac00000, 0x000000070ac00000, 0x000000070ad00000|  0%| F|  |TAMS 0x000000070ac00000, 0x000000070ac00000| Untracked 
| 141|0x000000070ad00000, 0x000000070ad00000, 0x000000070ae00000|  0%| F|  |TAMS 0x000000070ad00000, 0x000000070ad00000| Untracked 
| 142|0x000000070ae00000, 0x000000070ae00000, 0x000000070af00000|  0%| F|  |TAMS 0x000000070ae00000, 0x000000070ae00000| Untracked 
| 143|0x000000070af00000, 0x000000070af00000, 0x000000070b000000|  0%| F|  |TAMS 0x000000070af00000, 0x000000070af00000| Untracked 
| 144|0x000000070b000000, 0x000000070b000000, 0x000000070b100000|  0%| F|  |TAMS 0x000000070b000000, 0x000000070b000000| Untracked 
| 145|0x000000070b100000, 0x000000070b100000, 0x000000070b200000|  0%| F|  |TAMS 0x000000070b100000, 0x000000070b100000| Untracked 
| 146|0x000000070b200000, 0x000000070b200000, 0x000000070b300000|  0%| F|  |TAMS 0x000000070b200000, 0x000000070b200000| Untracked 
| 147|0x000000070b300000, 0x000000070b300000, 0x000000070b400000|  0%| F|  |TAMS 0x000000070b300000, 0x000000070b300000| Untracked 
| 148|0x000000070b400000, 0x000000070b400000, 0x000000070b500000|  0%| F|  |TAMS 0x000000070b400000, 0x000000070b400000| Untracked 
| 149|0x000000070b500000, 0x000000070b500000, 0x000000070b600000|  0%| F|  |TAMS 0x000000070b500000, 0x000000070b500000| Untracked 
| 150|0x000000070b600000, 0x000000070b600000, 0x000000070b700000|  0%| F|  |TAMS 0x000000070b600000, 0x000000070b600000| Untracked 
| 151|0x000000070b700000, 0x000000070b700000, 0x000000070b800000|  0%| F|  |TAMS 0x000000070b700000, 0x000000070b700000| Untracked 
| 152|0x000000070b800000, 0x000000070b800000, 0x000000070b900000|  0%| F|  |TAMS 0x000000070b800000, 0x000000070b800000| Untracked 
| 153|0x000000070b900000, 0x000000070b900000, 0x000000070ba00000|  0%| F|  |TAMS 0x000000070b900000, 0x000000070b900000| Untracked 
| 154|0x000000070ba00000, 0x000000070ba00000, 0x000000070bb00000|  0%| F|  |TAMS 0x000000070ba00000, 0x000000070ba00000| Untracked 
| 155|0x000000070bb00000, 0x000000070bb00000, 0x000000070bc00000|  0%| F|  |TAMS 0x000000070bb00000, 0x000000070bb00000| Untracked 
| 156|0x000000070bc00000, 0x000000070bc00000, 0x000000070bd00000|  0%| F|  |TAMS 0x000000070bc00000, 0x000000070bc00000| Untracked 
| 157|0x000000070bd00000, 0x000000070bd00000, 0x000000070be00000|  0%| F|  |TAMS 0x000000070bd00000, 0x000000070bd00000| Untracked 
| 158|0x000000070be00000, 0x000000070be00000, 0x000000070bf00000|  0%| F|  |TAMS 0x000000070be00000, 0x000000070be00000| Untracked 
| 159|0x000000070bf00000, 0x000000070bf00000, 0x000000070c000000|  0%| F|  |TAMS 0x000000070bf00000, 0x000000070bf00000| Untracked 
| 160|0x000000070c000000, 0x000000070c000000, 0x000000070c100000|  0%| F|  |TAMS 0x000000070c000000, 0x000000070c000000| Untracked 
| 161|0x000000070c100000, 0x000000070c100000, 0x000000070c200000|  0%| F|  |TAMS 0x000000070c100000, 0x000000070c100000| Untracked 
| 162|0x000000070c200000, 0x000000070c200000, 0x000000070c300000|  0%| F|  |TAMS 0x000000070c200000, 0x000000070c200000| Untracked 
| 163|0x000000070c300000, 0x000000070c300000, 0x000000070c400000|  0%| F|  |TAMS 0x000000070c300000, 0x000000070c300000| Untracked 
| 164|0x000000070c400000, 0x000000070c400000, 0x000000070c500000|  0%| F|  |TAMS 0x000000070c400000, 0x000000070c400000| Untracked 
| 165|0x000000070c500000, 0x000000070c500000, 0x000000070c600000|  0%| F|  |TAMS 0x000000070c500000, 0x000000070c500000| Untracked 
| 166|0x000000070c600000, 0x000000070c600000, 0x000000070c700000|  0%| F|  |TAMS 0x000000070c600000, 0x000000070c600000| Untracked 
| 167|0x000000070c700000, 0x000000070c700000, 0x000000070c800000|  0%| F|  |TAMS 0x000000070c700000, 0x000000070c700000| Untracked 
| 168|0x000000070c800000, 0x000000070c800000, 0x000000070c900000|  0%| F|  |TAMS 0x000000070c800000, 0x000000070c800000| Untracked 
| 169|0x000000070c900000, 0x000000070c900000, 0x000000070ca00000|  0%| F|  |TAMS 0x000000070c900000, 0x000000070c900000| Untracked 
| 170|0x000000070ca00000, 0x000000070ca00000, 0x000000070cb00000|  0%| F|  |TAMS 0x000000070ca00000, 0x000000070ca00000| Untracked 
| 171|0x000000070cb00000, 0x000000070cb00000, 0x000000070cc00000|  0%| F|  |TAMS 0x000000070cb00000, 0x000000070cb00000| Untracked 
| 172|0x000000070cc00000, 0x000000070cc00000, 0x000000070cd00000|  0%| F|  |TAMS 0x000000070cc00000, 0x000000070cc00000| Untracked 
| 173|0x000000070cd00000, 0x000000070cd00000, 0x000000070ce00000|  0%| F|  |TAMS 0x000000070cd00000, 0x000000070cd00000| Untracked 
| 174|0x000000070ce00000, 0x000000070ce00000, 0x000000070cf00000|  0%| F|  |TAMS 0x000000070ce00000, 0x000000070ce00000| Untracked 
| 175|0x000000070cf00000, 0x000000070cf00000, 0x000000070d000000|  0%| F|  |TAMS 0x000000070cf00000, 0x000000070cf00000| Untracked 
| 176|0x000000070d000000, 0x000000070d000000, 0x000000070d100000|  0%| F|  |TAMS 0x000000070d000000, 0x000000070d000000| Untracked 
| 177|0x000000070d100000, 0x000000070d100000, 0x000000070d200000|  0%| F|  |TAMS 0x000000070d100000, 0x000000070d100000| Untracked 
| 178|0x000000070d200000, 0x000000070d200000, 0x000000070d300000|  0%| F|  |TAMS 0x000000070d200000, 0x000000070d200000| Untracked 
| 179|0x000000070d300000, 0x000000070d300000, 0x000000070d400000|  0%| F|  |TAMS 0x000000070d300000, 0x000000070d300000| Untracked 
| 180|0x000000070d400000, 0x000000070d400000, 0x000000070d500000|  0%| F|  |TAMS 0x000000070d400000, 0x000000070d400000| Untracked 
| 181|0x000000070d500000, 0x000000070d500000, 0x000000070d600000|  0%| F|  |TAMS 0x000000070d500000, 0x000000070d500000| Untracked 
| 182|0x000000070d600000, 0x000000070d600000, 0x000000070d700000|  0%| F|  |TAMS 0x000000070d600000, 0x000000070d600000| Untracked 
| 183|0x000000070d700000, 0x000000070d700000, 0x000000070d800000|  0%| F|  |TAMS 0x000000070d700000, 0x000000070d700000| Untracked 
| 184|0x000000070d800000, 0x000000070d800000, 0x000000070d900000|  0%| F|  |TAMS 0x000000070d800000, 0x000000070d800000| Untracked 
| 185|0x000000070d900000, 0x000000070d900000, 0x000000070da00000|  0%| F|  |TAMS 0x000000070d900000, 0x000000070d900000| Untracked 
| 186|0x000000070da00000, 0x000000070da00000, 0x000000070db00000|  0%| F|  |TAMS 0x000000070da00000, 0x000000070da00000| Untracked 
| 187|0x000000070db00000, 0x000000070db00000, 0x000000070dc00000|  0%| F|  |TAMS 0x000000070db00000, 0x000000070db00000| Untracked 
| 188|0x000000070dc00000, 0x000000070dc00000, 0x000000070dd00000|  0%| F|  |TAMS 0x000000070dc00000, 0x000000070dc00000| Untracked 
| 189|0x000000070dd00000, 0x000000070dd00000, 0x000000070de00000|  0%| F|  |TAMS 0x000000070dd00000, 0x000000070dd00000| Untracked 
| 190|0x000000070de00000, 0x000000070de00000, 0x000000070df00000|  0%| F|  |TAMS 0x000000070de00000, 0x000000070de00000| Untracked 
| 191|0x000000070df00000, 0x000000070df00000, 0x000000070e000000|  0%| F|  |TAMS 0x000000070df00000, 0x000000070df00000| Untracked 
| 192|0x000000070e000000, 0x000000070e000000, 0x000000070e100000|  0%| F|  |TAMS 0x000000070e000000, 0x000000070e000000| Untracked 
| 193|0x000000070e100000, 0x000000070e100000, 0x000000070e200000|  0%| F|  |TAMS 0x000000070e100000, 0x000000070e100000| Untracked 
| 194|0x000000070e200000, 0x000000070e200000, 0x000000070e300000|  0%| F|  |TAMS 0x000000070e200000, 0x000000070e200000| Untracked 
| 195|0x000000070e300000, 0x000000070e300000, 0x000000070e400000|  0%| F|  |TAMS 0x000000070e300000, 0x000000070e300000| Untracked 
| 196|0x000000070e400000, 0x000000070e400000, 0x000000070e500000|  0%| F|  |TAMS 0x000000070e400000, 0x000000070e400000| Untracked 
| 197|0x000000070e500000, 0x000000070e500000, 0x000000070e600000|  0%| F|  |TAMS 0x000000070e500000, 0x000000070e500000| Untracked 
| 198|0x000000070e600000, 0x000000070e600000, 0x000000070e700000|  0%| F|  |TAMS 0x000000070e600000, 0x000000070e600000| Untracked 
| 199|0x000000070e700000, 0x000000070e700000, 0x000000070e800000|  0%| F|  |TAMS 0x000000070e700000, 0x000000070e700000| Untracked 
| 200|0x000000070e800000, 0x000000070e800000, 0x000000070e900000|  0%| F|  |TAMS 0x000000070e800000, 0x000000070e800000| Untracked 
| 201|0x000000070e900000, 0x000000070e900000, 0x000000070ea00000|  0%| F|  |TAMS 0x000000070e900000, 0x000000070e900000| Untracked 
| 202|0x000000070ea00000, 0x000000070ea00000, 0x000000070eb00000|  0%| F|  |TAMS 0x000000070ea00000, 0x000000070ea00000| Untracked 
| 203|0x000000070eb00000, 0x000000070eb00000, 0x000000070ec00000|  0%| F|  |TAMS 0x000000070eb00000, 0x000000070eb00000| Untracked 
| 204|0x000000070ec00000, 0x000000070ec00000, 0x000000070ed00000|  0%| F|  |TAMS 0x000000070ec00000, 0x000000070ec00000| Untracked 
| 205|0x000000070ed00000, 0x000000070ed00000, 0x000000070ee00000|  0%| F|  |TAMS 0x000000070ed00000, 0x000000070ed00000| Untracked 
| 206|0x000000070ee00000, 0x000000070ee00000, 0x000000070ef00000|  0%| F|  |TAMS 0x000000070ee00000, 0x000000070ee00000| Untracked 
| 207|0x000000070ef00000, 0x000000070ef00000, 0x000000070f000000|  0%| F|  |TAMS 0x000000070ef00000, 0x000000070ef00000| Untracked 
| 208|0x000000070f000000, 0x000000070f000000, 0x000000070f100000|  0%| F|  |TAMS 0x000000070f000000, 0x000000070f000000| Untracked 
| 209|0x000000070f100000, 0x000000070f100000, 0x000000070f200000|  0%| F|  |TAMS 0x000000070f100000, 0x000000070f100000| Untracked 
| 210|0x000000070f200000, 0x000000070f200000, 0x000000070f300000|  0%| F|  |TAMS 0x000000070f200000, 0x000000070f200000| Untracked 
| 211|0x000000070f300000, 0x000000070f300000, 0x000000070f400000|  0%| F|  |TAMS 0x000000070f300000, 0x000000070f300000| Untracked 
| 212|0x000000070f400000, 0x000000070f400000, 0x000000070f500000|  0%| F|  |TAMS 0x000000070f400000, 0x000000070f400000| Untracked 
| 213|0x000000070f500000, 0x000000070f500000, 0x000000070f600000|  0%| F|  |TAMS 0x000000070f500000, 0x000000070f500000| Untracked 
| 214|0x000000070f600000, 0x000000070f600000, 0x000000070f700000|  0%| F|  |TAMS 0x000000070f600000, 0x000000070f600000| Untracked 
| 215|0x000000070f700000, 0x000000070f700000, 0x000000070f800000|  0%| F|  |TAMS 0x000000070f700000, 0x000000070f700000| Untracked 
| 216|0x000000070f800000, 0x000000070f800000, 0x000000070f900000|  0%| F|  |TAMS 0x000000070f800000, 0x000000070f800000| Untracked 
| 217|0x000000070f900000, 0x000000070f900000, 0x000000070fa00000|  0%| F|  |TAMS 0x000000070f900000, 0x000000070f900000| Untracked 
| 218|0x000000070fa00000, 0x000000070fa00000, 0x000000070fb00000|  0%| F|  |TAMS 0x000000070fa00000, 0x000000070fa00000| Untracked 
| 219|0x000000070fb00000, 0x000000070fb00000, 0x000000070fc00000|  0%| F|  |TAMS 0x000000070fb00000, 0x000000070fb00000| Untracked 
| 220|0x000000070fc00000, 0x000000070fc00000, 0x000000070fd00000|  0%| F|  |TAMS 0x000000070fc00000, 0x000000070fc00000| Untracked 
| 221|0x000000070fd00000, 0x000000070fd00000, 0x000000070fe00000|  0%| F|  |TAMS 0x000000070fd00000, 0x000000070fd00000| Untracked 
| 222|0x000000070fe00000, 0x000000070fe00000, 0x000000070ff00000|  0%| F|  |TAMS 0x000000070fe00000, 0x000000070fe00000| Untracked 
| 223|0x000000070ff00000, 0x000000070ff00000, 0x0000000710000000|  0%| F|  |TAMS 0x000000070ff00000, 0x000000070ff00000| Untracked 
| 224|0x0000000710000000, 0x0000000710000000, 0x0000000710100000|  0%| F|  |TAMS 0x0000000710000000, 0x0000000710000000| Untracked 
| 225|0x0000000710100000, 0x0000000710100000, 0x0000000710200000|  0%| F|  |TAMS 0x0000000710100000, 0x0000000710100000| Untracked 
| 226|0x0000000710200000, 0x0000000710200000, 0x0000000710300000|  0%| F|  |TAMS 0x0000000710200000, 0x0000000710200000| Untracked 
| 227|0x0000000710300000, 0x0000000710300000, 0x0000000710400000|  0%| F|  |TAMS 0x0000000710300000, 0x0000000710300000| Untracked 
| 228|0x0000000710400000, 0x0000000710400000, 0x0000000710500000|  0%| F|  |TAMS 0x0000000710400000, 0x0000000710400000| Untracked 
| 229|0x0000000710500000, 0x0000000710500000, 0x0000000710600000|  0%| F|  |TAMS 0x0000000710500000, 0x0000000710500000| Untracked 
| 230|0x0000000710600000, 0x0000000710600000, 0x0000000710700000|  0%| F|  |TAMS 0x0000000710600000, 0x0000000710600000| Untracked 
| 231|0x0000000710700000, 0x0000000710700000, 0x0000000710800000|  0%| F|  |TAMS 0x0000000710700000, 0x0000000710700000| Untracked 
| 232|0x0000000710800000, 0x0000000710800000, 0x0000000710900000|  0%| F|  |TAMS 0x0000000710800000, 0x0000000710800000| Untracked 
| 233|0x0000000710900000, 0x0000000710900000, 0x0000000710a00000|  0%| F|  |TAMS 0x0000000710900000, 0x0000000710900000| Untracked 
| 234|0x0000000710a00000, 0x0000000710a00000, 0x0000000710b00000|  0%| F|  |TAMS 0x0000000710a00000, 0x0000000710a00000| Untracked 
| 235|0x0000000710b00000, 0x0000000710b00000, 0x0000000710c00000|  0%| F|  |TAMS 0x0000000710b00000, 0x0000000710b00000| Untracked 
| 236|0x0000000710c00000, 0x0000000710c00000, 0x0000000710d00000|  0%| F|  |TAMS 0x0000000710c00000, 0x0000000710c00000| Untracked 
| 237|0x0000000710d00000, 0x0000000710d00000, 0x0000000710e00000|  0%| F|  |TAMS 0x0000000710d00000, 0x0000000710d00000| Untracked 
| 238|0x0000000710e00000, 0x0000000710e00000, 0x0000000710f00000|  0%| F|  |TAMS 0x0000000710e00000, 0x0000000710e00000| Untracked 
| 239|0x0000000710f00000, 0x0000000710f9ae38, 0x0000000711000000| 60%| S|CS|TAMS 0x0000000710f00000, 0x0000000710f00000| Complete 
| 240|0x0000000711000000, 0x0000000711100000, 0x0000000711100000|100%| S|CS|TAMS 0x0000000711000000, 0x0000000711000000| Complete 
| 241|0x0000000711100000, 0x0000000711100000, 0x0000000711200000|  0%| F|  |TAMS 0x0000000711100000, 0x0000000711100000| Untracked 
| 242|0x0000000711200000, 0x0000000711200000, 0x0000000711300000|  0%| F|  |TAMS 0x0000000711200000, 0x0000000711200000| Untracked 
| 243|0x0000000711300000, 0x0000000711300000, 0x0000000711400000|  0%| F|  |TAMS 0x0000000711300000, 0x0000000711300000| Untracked 
| 244|0x0000000711400000, 0x0000000711400000, 0x0000000711500000|  0%| F|  |TAMS 0x0000000711400000, 0x0000000711400000| Untracked 
| 245|0x0000000711500000, 0x0000000711500000, 0x0000000711600000|  0%| F|  |TAMS 0x0000000711500000, 0x0000000711500000| Untracked 
| 246|0x0000000711600000, 0x0000000711600000, 0x0000000711700000|  0%| F|  |TAMS 0x0000000711600000, 0x0000000711600000| Untracked 
| 247|0x0000000711700000, 0x0000000711700000, 0x0000000711800000|  0%| F|  |TAMS 0x0000000711700000, 0x0000000711700000| Untracked 
| 248|0x0000000711800000, 0x00000007118ac8b0, 0x0000000711900000| 67%| E|  |TAMS 0x0000000711800000, 0x0000000711800000| Complete 
| 249|0x0000000711900000, 0x0000000711a00000, 0x0000000711a00000|100%| E|CS|TAMS 0x0000000711900000, 0x0000000711900000| Complete 
| 250|0x0000000711a00000, 0x0000000711b00000, 0x0000000711b00000|100%| E|CS|TAMS 0x0000000711a00000, 0x0000000711a00000| Complete 
| 251|0x0000000711b00000, 0x0000000711c00000, 0x0000000711c00000|100%| E|CS|TAMS 0x0000000711b00000, 0x0000000711b00000| Complete 
| 252|0x0000000711c00000, 0x0000000711d00000, 0x0000000711d00000|100%| E|CS|TAMS 0x0000000711c00000, 0x0000000711c00000| Complete 
| 253|0x0000000711d00000, 0x0000000711e00000, 0x0000000711e00000|100%| E|CS|TAMS 0x0000000711d00000, 0x0000000711d00000| Complete 

Card table byte_map: [0x00000227ba7d0000,0x00000227bafc0000] _byte_map_base: 0x00000227b6fc0000

Marking Bits (Prev, Next): (CMBitMap*) 0x00000227a2894aa8, (CMBitMap*) 0x00000227a2894ae8
 Prev Bits: [0x00000227bb7b0000, 0x00000227bf730000)
 Next Bits: [0x00000227bf730000, 0x00000227c36b0000)

Polling page: 0x00000227a0770000

Metaspace:

Usage:
  Non-class:      7.95 MB capacity,     5.28 MB ( 66%) used,     2.67 MB ( 34%) free+waste,     8.94 KB ( <1%) overhead. 
      Class:    601.00 KB capacity,   279.98 KB ( 47%) used,   317.33 KB ( 53%) free+waste,     3.69 KB ( <1%) overhead. 
       Both:      8.54 MB capacity,     5.55 MB ( 65%) used,     2.98 MB ( 35%) free+waste,    12.63 KB ( <1%) overhead. 

Virtual space:
  Non-class space:       10.00 MB reserved,       8.25 MB ( 83%) committed 
      Class space:        1.00 GB reserved,     640.00 KB ( <1%) committed 
             Both:        1.01 GB reserved,       8.88 MB ( <1%) committed 

Chunk freelists:
   Non-Class:  112.00 KB
       Class:  7.00 KB
        Both:  119.00 KB

MaxMetaspaceSize: 17179869184.00 GB
CompressedClassSpaceSize: 1.00 GB

CodeHeap 'non-profiled nmethods': size=120000Kb used=222Kb max_used=222Kb free=119778Kb
 bounds [0x00000227b2ab0000, 0x00000227b2d20000, 0x00000227b9fe0000]
CodeHeap 'profiled nmethods': size=120000Kb used=1231Kb max_used=1231Kb free=118768Kb
 bounds [0x00000227ab580000, 0x00000227ab7f0000, 0x00000227b2ab0000]
CodeHeap 'non-nmethods': size=5760Kb used=1600Kb max_used=1613Kb free=4159Kb
 bounds [0x00000227aafe0000, 0x00000227ab250000, 0x00000227ab580000]
 total_blobs=1704 nmethods=721 adapters=896
 compilation: enabled
              stopped_count=0, restarted_count=0
 full_count=0

Compilation events (20 events):
Event: 0.994 Thread 0x00000227c646a800  712       4       java.nio.Buffer::remaining (10 bytes)
Event: 0.994 Thread 0x00000227c5bd9000  713       3       sun.nio.ch.Util::isBufferTooLarge (15 bytes)
Event: 0.994 Thread 0x00000227c5bd9000 nmethod 713 0x00000227ab6b0990 code [0x00000227ab6b0b20, 0x00000227ab6b0c78]
Event: 0.995 Thread 0x00000227c5bd9000  714       3       java.nio.HeapByteBuffer::ix (7 bytes)
Event: 0.995 Thread 0x00000227c646a800 nmethod 712 0x00000227b2ae7510 code [0x00000227b2ae7680, 0x00000227b2ae76f8]
Event: 0.995 Thread 0x00000227c5bd9000 nmethod 714 0x00000227ab6b0d10 code [0x00000227ab6b0ea0, 0x00000227ab6b0fb8]
Event: 0.995 Thread 0x00000227c5bd9000  715       3       java.nio.ByteBuffer::flip (7 bytes)
Event: 0.995 Thread 0x00000227c5bd9000 nmethod 715 0x00000227ab6b1090 code [0x00000227ab6b1220, 0x00000227ab6b13b8]
Event: 0.995 Thread 0x00000227c5bd9000  716       3       java.nio.Buffer::flip (20 bytes)
Event: 0.995 Thread 0x00000227c5bd9000 nmethod 716 0x00000227ab6b1490 code [0x00000227ab6b1620, 0x00000227ab6b1758]
Event: 0.995 Thread 0x00000227c5bd9000  717       3       jdk.internal.misc.Unsafe::checkNativeAddress (28 bytes)
Event: 0.995 Thread 0x00000227c5bd9000 nmethod 717 0x00000227ab6b1810 code [0x00000227ab6b19a0, 0x00000227ab6b1ad8]
Event: 0.995 Thread 0x00000227c5bd9000  718       3       sun.nio.ch.FileChannelImpl::ensureOpen (16 bytes)
Event: 0.995 Thread 0x00000227c5bd9000 nmethod 718 0x00000227ab6b1b90 code [0x00000227ab6b1d40, 0x00000227ab6b1fc8]
Event: 0.995 Thread 0x00000227c5bd9000  719   !   3       sun.nio.ch.NativeThreadSet::add (155 bytes)
Event: 0.996 Thread 0x00000227c5bd9000 nmethod 719 0x00000227ab6b2110 code [0x00000227ab6b22e0, 0x00000227ab6b2a08]
Event: 0.996 Thread 0x00000227c5bd9000  720   !   3       sun.nio.ch.NativeThreadSet::remove (50 bytes)
Event: 0.996 Thread 0x00000227c5bd9000 nmethod 720 0x00000227ab6b2c90 code [0x00000227ab6b2e40, 0x00000227ab6b3208]
Event: 0.997 Thread 0x00000227c5bd9000  721       3       jdk.internal.module.SystemModuleFinders$SystemModuleReader::findImageLocation (42 bytes)
Event: 0.998 Thread 0x00000227c5bd9000 nmethod 721 0x00000227ab6b3390 code [0x00000227ab6b35a0, 0x00000227ab6b3c98]

GC Heap History (2 events):
Event: 0.860 GC heap before
{Heap before GC invocations=0 (full 0):
 garbage-first heap   total 260096K, used 12288K [0x0000000702000000, 0x0000000800000000)
  region size 1024K, 13 young (13312K), 0 survivors (0K)
 Metaspace       used 4087K, capacity 7198K, committed 7552K, reserved 1056768K
  class space    used 224K, capacity 533K, committed 640K, reserved 1048576K
}
Event: 0.867 GC heap after
{Heap after GC invocations=1 (full 0):
 garbage-first heap   total 260096K, used 1643K [0x0000000702000000, 0x0000000800000000)
  region size 1024K, 2 young (2048K), 2 survivors (2048K)
 Metaspace       used 4087K, capacity 7198K, committed 7552K, reserved 1056768K
  class space    used 224K, capacity 533K, committed 640K, reserved 1048576K
}

Deoptimization events (20 events):
Event: 0.076 Thread 0x00000227a064a000 Uncommon trap: trap_request=0xffffff45 fr.pc=0x00000227b2ab48ac relative=0x000000000000024c
Event: 0.076 Thread 0x00000227a064a000 Uncommon trap: reason=unstable_if action=reinterpret pc=0x00000227b2ab48ac method=java.lang.String.hashCode()I @ 13 c2
Event: 0.076 Thread 0x00000227a064a000 DEOPT PACKING pc=0x00000227b2ab48ac sp=0x0000006333efe310
Event: 0.076 Thread 0x00000227a064a000 DEOPT UNPACKING pc=0x00000227ab02912f sp=0x0000006333efe2a0 mode 2
Event: 0.132 Thread 0x00000227a064a000 DEOPT PACKING pc=0x00000227ab5ba5b2 sp=0x0000006333efa870
Event: 0.132 Thread 0x00000227a064a000 DEOPT UNPACKING pc=0x00000227ab02964e sp=0x0000006333ef9cd8 mode 0
Event: 0.132 Thread 0x00000227a064a000 DEOPT PACKING pc=0x00000227ab5b9174 sp=0x0000006333ef8d80
Event: 0.132 Thread 0x00000227a064a000 DEOPT UNPACKING pc=0x00000227ab02964e sp=0x0000006333ef81d8 mode 0
Event: 0.731 Thread 0x00000227a064a000 Uncommon trap: trap_request=0xffffff54 fr.pc=0x00000227b2adbe90 relative=0x0000000000000070
Event: 0.731 Thread 0x00000227a064a000 Uncommon trap: reason=speculate_null_assert action=make_not_entrant pc=0x00000227b2adbe90 method=sun.misc.Unsafe.putLong(Ljava/lang/Object;JJ)V @ 7 c2
Event: 0.731 Thread 0x00000227a064a000 DEOPT PACKING pc=0x00000227b2adbe90 sp=0x0000006333eff0a0
Event: 0.731 Thread 0x00000227a064a000 DEOPT UNPACKING pc=0x00000227ab02912f sp=0x0000006333eff018 mode 2
Event: 0.738 Thread 0x00000227a064a000 Uncommon trap: trap_request=0xffffff54 fr.pc=0x00000227b2adcf88 relative=0x0000000000000068
Event: 0.738 Thread 0x00000227a064a000 Uncommon trap: reason=speculate_null_assert action=make_not_entrant pc=0x00000227b2adcf88 method=sun.misc.Unsafe.getLong(Ljava/lang/Object;J)J @ 5 c2
Event: 0.738 Thread 0x00000227a064a000 DEOPT PACKING pc=0x00000227b2adcf88 sp=0x0000006333eff0e0
Event: 0.738 Thread 0x00000227a064a000 DEOPT UNPACKING pc=0x00000227ab02912f sp=0x0000006333eff068 mode 2
Event: 0.991 Thread 0x00000227a064a000 Uncommon trap: trap_request=0xffffffde fr.pc=0x00000227b2ae2fa8 relative=0x0000000000000408
Event: 0.991 Thread 0x00000227a064a000 Uncommon trap: reason=class_check action=maybe_recompile pc=0x00000227b2ae2fa8 method=java.util.HashMap.getNode(ILjava/lang/Object;)Ljava/util/HashMap$Node; @ 126 c2
Event: 0.991 Thread 0x00000227a064a000 DEOPT PACKING pc=0x00000227b2ae2fa8 sp=0x0000006333efd240
Event: 0.991 Thread 0x00000227a064a000 DEOPT UNPACKING pc=0x00000227ab02912f sp=0x0000006333efd1b8 mode 2

Classes unloaded (0 events):
No events

Classes redefined (0 events):
No events

Internal exceptions (15 events):
Event: 0.167 Thread 0x00000227a064a000 Exception <a 'java/lang/NoSuchMethodError'{0x0000000711afaae8}: 'void java.lang.invoke.DelegatingMethodHandle$Holder.delegate(java.lang.Object, java.lang.Object, int, java.lang.Object)'> (0x0000000711afaae8) 
thrown [./open/src/hotspot/share/interpreter/linkResolver.cpp, line 766]
Event: 0.168 Thread 0x00000227a064a000 Exception <a 'java/lang/NoSuchMethodError'{0x0000000711901e80}: 'java.lang.Object java.lang.invoke.DirectMethodHandle$Holder.invokeStaticInit(java.lang.Object, java.lang.Object, java.lang.Object)'> (0x0000000711901e80) 
thrown [./open/src/hotspot/share/interpreter/linkResolver.cpp, line 766]
Event: 0.200 Thread 0x00000227a064a000 Exception <a 'sun/nio/fs/WindowsException'{0x0000000711972618}> (0x0000000711972618) 
thrown [./open/src/hotspot/share/prims/jni.cpp, line 599]
Event: 0.201 Thread 0x00000227a064a000 Exception <a 'sun/nio/fs/WindowsException'{0x0000000711972b68}> (0x0000000711972b68) 
thrown [./open/src/hotspot/share/prims/jni.cpp, line 599]
Event: 0.233 Thread 0x00000227a064a000 Exception <a 'sun/nio/fs/WindowsException'{0x00000007118f6d00}> (0x00000007118f6d00) 
thrown [./open/src/hotspot/share/prims/jni.cpp, line 599]
Event: 0.233 Thread 0x00000227a064a000 Exception <a 'sun/nio/fs/WindowsException'{0x00000007118f7060}> (0x00000007118f7060) 
thrown [./open/src/hotspot/share/prims/jni.cpp, line 599]
Event: 0.591 Thread 0x00000227a064a000 Exception <a 'java/lang/NoSuchMethodError'{0x0000000711784618}: 'void java.lang.invoke.DirectMethodHandle$Holder.invokeStaticInit(java.lang.Object, long, double, double)'> (0x0000000711784618) 
thrown [./open/src/hotspot/share/interpreter/linkResolver.cpp, line 766]
Event: 0.594 Thread 0x00000227a064a000 Exception <a 'java/lang/NoSuchMethodError'{0x0000000711799600}: 'void java.lang.invoke.DirectMethodHandle$Holder.invokeStaticInit(java.lang.Object, long, int, int, int)'> (0x0000000711799600) 
thrown [./open/src/hotspot/share/interpreter/linkResolver.cpp, line 766]
Event: 0.600 Thread 0x00000227a064a000 Exception <a 'java/lang/NoSuchMethodError'{0x00000007117be228}: 'void java.lang.invoke.DirectMethodHandle$Holder.invokeStaticInit(java.lang.Object, long, int, int, int, int)'> (0x00000007117be228) 
thrown [./open/src/hotspot/share/interpreter/linkResolver.cpp, line 766]
Event: 0.649 Thread 0x00000227a064a000 Exception <a 'sun/nio/fs/WindowsException'{0x0000000711619168}> (0x0000000711619168) 
thrown [./open/src/hotspot/share/prims/jni.cpp, line 599]
Event: 0.649 Thread 0x00000227a064a000 Exception <a 'sun/nio/fs/WindowsException'{0x0000000711619508}> (0x0000000711619508) 
thrown [./open/src/hotspot/share/prims/jni.cpp, line 599]
Event: 0.656 Thread 0x00000227a064a000 Exception <a 'sun/nio/fs/WindowsException'{0x000000071163ab30}> (0x000000071163ab30) 
thrown [./open/src/hotspot/share/prims/jni.cpp, line 599]
Event: 0.656 Thread 0x00000227a064a000 Exception <a 'sun/nio/fs/WindowsException'{0x000000071163ae00}> (0x000000071163ae00) 
thrown [./open/src/hotspot/share/prims/jni.cpp, line 599]
Event: 0.996 Thread 0x00000227a064a000 Exception <a 'sun/nio/fs/WindowsException'{0x0000000711898bb0}> (0x0000000711898bb0) 
thrown [./open/src/hotspot/share/prims/jni.cpp, line 599]
Event: 0.996 Thread 0x00000227a064a000 Exception <a 'sun/nio/fs/WindowsException'{0x0000000711898f30}> (0x0000000711898f30) 
thrown [./open/src/hotspot/share/prims/jni.cpp, line 599]

Events (20 events):
Event: 0.871 Executing VM operation: HandshakeOneThread
Event: 0.871 Executing VM operation: HandshakeOneThread done
Event: 0.871 Executing VM operation: HandshakeOneThread
Event: 0.871 Executing VM operation: HandshakeOneThread done
Event: 0.871 Executing VM operation: HandshakeOneThread
Event: 0.871 Executing VM operation: HandshakeOneThread done
Event: 0.871 Executing VM operation: HandshakeOneThread
Event: 0.871 Executing VM operation: HandshakeOneThread done
Event: 0.871 Executing VM operation: HandshakeOneThread
Event: 0.871 Executing VM operation: HandshakeOneThread done
Event: 0.871 Executing VM operation: HandshakeOneThread
Event: 0.871 Executing VM operation: HandshakeOneThread done
Event: 0.928 loading class jdk/internal/reflect/UnsafeQualifiedLongFieldAccessorImpl
Event: 0.928 loading class jdk/internal/reflect/UnsafeQualifiedFieldAccessorImpl
Event: 0.929 loading class jdk/internal/reflect/UnsafeQualifiedFieldAccessorImpl done
Event: 0.929 loading class jdk/internal/reflect/UnsafeQualifiedLongFieldAccessorImpl done
Event: 0.949 Loaded shared library C:\Java\jdk-14.0.2\bin\verify.dll
Event: 0.973 loading class java/util/regex/Pattern$GroupCurly
Event: 0.973 loading class java/util/regex/Pattern$GroupCurly done
Event: 0.997 Loaded shared library C:\Users\Alex\AppData\Local\Temp\lwjglAlex\3.2.3-build-13\lwjgl_stb.dll


Dynamic libraries:
0x00007ff628800000 - 0x00007ff62880f000 	C:\Java\jdk-14.0.2\bin\java.exe
0x00007ffe4a8b0000 - 0x00007ffe4aaa6000 	C:\WINDOWS\SYSTEM32\ntdll.dll
0x00007ffe4a270000 - 0x00007ffe4a32d000 	C:\WINDOWS\System32\KERNEL32.DLL
0x00007ffe48150000 - 0x00007ffe48418000 	C:\WINDOWS\System32\KERNELBASE.dll
0x00007ffe48810000 - 0x00007ffe48910000 	C:\WINDOWS\System32\ucrtbase.dll
0x00007ffe3ebd0000 - 0x00007ffe3ebe5000 	C:\Java\jdk-14.0.2\bin\VCRUNTIME140.dll
0x00007ffe3aec0000 - 0x00007ffe3aed8000 	C:\Java\jdk-14.0.2\bin\jli.dll
0x00007ffe4a330000 - 0x00007ffe4a3dc000 	C:\WINDOWS\System32\ADVAPI32.dll
0x00007ffe49650000 - 0x00007ffe496ee000 	C:\WINDOWS\System32\msvcrt.dll
0x00007ffe4a1d0000 - 0x00007ffe4a26b000 	C:\WINDOWS\System32\sechost.dll
0x00007ffe499a0000 - 0x00007ffe49ac4000 	C:\WINDOWS\System32\RPCRT4.dll
0x00007ffe48970000 - 0x00007ffe48b10000 	C:\WINDOWS\System32\USER32.dll
0x00007ffe48020000 - 0x00007ffe48042000 	C:\WINDOWS\System32\win32u.dll
0x00007ffe3c4c0000 - 0x00007ffe3c75b000 	C:\WINDOWS\WinSxS\amd64_microsoft.windows.common-controls_6595b64144ccf1df_6.0.19041.488_none_ca04af081b815d21\COMCTL32.dll
0x00007ffe498d0000 - 0x00007ffe498fa000 	C:\WINDOWS\System32\GDI32.dll
0x00007ffe48420000 - 0x00007ffe48529000 	C:\WINDOWS\System32\gdi32full.dll
0x00007ffe480b0000 - 0x00007ffe4814d000 	C:\WINDOWS\System32\msvcp_win.dll
0x00007ffe40520000 - 0x00007ffe4052a000 	C:\WINDOWS\SYSTEM32\VERSION.dll
0x00007ffe49420000 - 0x00007ffe49450000 	C:\WINDOWS\System32\IMM32.DLL
0x00007ffe20330000 - 0x00007ffe203cb000 	C:\Java\jdk-14.0.2\bin\msvcp140.dll
0x00007ffded090000 - 0x00007ffdedbae000 	C:\Java\jdk-14.0.2\bin\server\jvm.dll
0x00007ffe49640000 - 0x00007ffe49648000 	C:\WINDOWS\System32\PSAPI.DLL
0x00007ffe3bb40000 - 0x00007ffe3bb67000 	C:\WINDOWS\SYSTEM32\WINMM.dll
0x00007ffe2fb80000 - 0x00007ffe2fb89000 	C:\WINDOWS\SYSTEM32\WSOCK32.dll
0x00007ffe496f0000 - 0x00007ffe4975b000 	C:\WINDOWS\System32\WS2_32.dll
0x00007ffe46880000 - 0x00007ffe46892000 	C:\WINDOWS\SYSTEM32\kernel.appcore.dll
0x00007ffe42770000 - 0x00007ffe4277a000 	C:\Java\jdk-14.0.2\bin\jimage.dll
0x00007ffe45c30000 - 0x00007ffe45e14000 	C:\WINDOWS\SYSTEM32\DBGHELP.DLL
0x00007ffe2e620000 - 0x00007ffe2e64c000 	C:\WINDOWS\SYSTEM32\dbgcore.DLL
0x00007ffe48580000 - 0x00007ffe485ff000 	C:\WINDOWS\System32\bcryptPrimitives.dll
0x00007ffe3a110000 - 0x00007ffe3a135000 	C:\Java\jdk-14.0.2\bin\java.dll
0x00007ffe3a990000 - 0x00007ffe3a9a6000 	C:\Java\jdk-14.0.2\bin\zip.dll
0x00007ffe48cd0000 - 0x00007ffe49411000 	C:\WINDOWS\System32\SHELL32.dll
0x00007ffe460e0000 - 0x00007ffe46875000 	C:\WINDOWS\SYSTEM32\windows.storage.dll
0x00007ffe49ad0000 - 0x00007ffe49e25000 	C:\WINDOWS\System32\combase.dll
0x00007ffe47920000 - 0x00007ffe4794c000 	C:\WINDOWS\SYSTEM32\Wldp.dll
0x00007ffe48b70000 - 0x00007ffe48c1e000 	C:\WINDOWS\System32\SHCORE.dll
0x00007ffe4a040000 - 0x00007ffe4a095000 	C:\WINDOWS\System32\shlwapi.dll
0x00007ffe47f20000 - 0x00007ffe47f46000 	C:\WINDOWS\SYSTEM32\profapi.dll
0x00007ffe3a740000 - 0x00007ffe3a759000 	C:\Java\jdk-14.0.2\bin\net.dll
0x00007ffe405a0000 - 0x00007ffe406a0000 	C:\WINDOWS\SYSTEM32\WINHTTP.dll
0x00007ffe476b0000 - 0x00007ffe4771a000 	C:\WINDOWS\system32\mswsock.dll
0x00007ffe3a1a0000 - 0x00007ffe3a1b2000 	C:\Java\jdk-14.0.2\bin\nio.dll
0x00007ffe0f560000 - 0x00007ffe0f5c4000 	C:\Users\Alex\AppData\Local\Temp\lwjglAlex\3.2.3-build-13\lwjgl.dll
0x00007ffe0db50000 - 0x00007ffe0dbb2000 	C:\Users\Alex\AppData\Local\Temp\lwjglAlex\3.2.3-build-13\glfw.dll
0x00007ffe454e0000 - 0x00007ffe4557e000 	C:\WINDOWS\system32\uxtheme.dll
0x00007ffe1ed90000 - 0x00007ffe1edd5000 	C:\WINDOWS\SYSTEM32\dinput8.dll
0x00007ffe39ec0000 - 0x00007ffe39ed1000 	C:\WINDOWS\SYSTEM32\xinput1_4.dll
0x00007ffe48530000 - 0x00007ffe4857e000 	C:\WINDOWS\System32\cfgmgr32.dll
0x00007ffe47da0000 - 0x00007ffe47dcc000 	C:\WINDOWS\SYSTEM32\DEVOBJ.dll
0x00007ffe458a0000 - 0x00007ffe458cf000 	C:\WINDOWS\SYSTEM32\dwmapi.dll
0x00007ffe3b830000 - 0x00007ffe3b982000 	C:\WINDOWS\SYSTEM32\inputhost.dll
0x00007ffe49450000 - 0x00007ffe4951d000 	C:\WINDOWS\System32\OLEAUT32.dll
0x00007ffe43ce0000 - 0x00007ffe43dd2000 	C:\WINDOWS\SYSTEM32\CoreMessaging.dll
0x00007ffe43a10000 - 0x00007ffe43b66000 	C:\WINDOWS\SYSTEM32\wintypes.dll
0x00007ffe45f70000 - 0x00007ffe46067000 	C:\WINDOWS\SYSTEM32\PROPSYS.dll
0x00007ffe44940000 - 0x00007ffe44c9e000 	C:\WINDOWS\SYSTEM32\CoreUIComponents.dll
0x00007ffe46cf0000 - 0x00007ffe46d23000 	C:\WINDOWS\SYSTEM32\ntmarta.dll
0x00007ffe49520000 - 0x00007ffe49635000 	C:\WINDOWS\System32\MSCTF.dll
0x00007ffe468a0000 - 0x00007ffe468ad000 	C:\WINDOWS\SYSTEM32\HID.DLL
0x00007ffe4a400000 - 0x00007ffe4a867000 	C:\WINDOWS\System32\SETUPAPI.DLL
0x00007ffe47ff0000 - 0x00007ffe48017000 	C:\WINDOWS\System32\bcrypt.dll
0x00007ffe48050000 - 0x00007ffe480b0000 	C:\WINDOWS\System32\WINTRUST.dll
0x00007ffe48600000 - 0x00007ffe4875d000 	C:\WINDOWS\System32\CRYPT32.dll
0x00007ffe47b70000 - 0x00007ffe47b82000 	C:\WINDOWS\SYSTEM32\MSASN1.dll
0x00007ffe2e080000 - 0x00007ffe2e1a5000 	C:\WINDOWS\SYSTEM32\opengl32.dll
0x00007ffe2d390000 - 0x00007ffe2d3bc000 	C:\WINDOWS\SYSTEM32\GLU32.dll
0x00007ffe48c20000 - 0x00007ffe48cc9000 	C:\WINDOWS\System32\clbcatq.dll
0x00007ffdec1d0000 - 0x00007ffded08f000 	C:\WINDOWS\System32\DriverStore\FileRepository\k127153.inf_amd64_3f3936d8dec668b8\ig9icd64.dll
0x00007ffe459d0000 - 0x00007ffe459e4000 	C:\WINDOWS\SYSTEM32\WTSAPI32.dll
0x00007ffe46900000 - 0x00007ffe469f3000 	C:\WINDOWS\SYSTEM32\dxgi.dll
0x00007ffe35ca0000 - 0x00007ffe35cdb000 	C:\WINDOWS\SYSTEM32\dxcore.dll
0x00007ffe31690000 - 0x00007ffe33425000 	C:\WINDOWS\System32\DriverStore\FileRepository\k127153.inf_amd64_3f3936d8dec668b8\igc64.dll
0x00007ffe47ac0000 - 0x00007ffe47b0b000 	C:\WINDOWS\SYSTEM32\powrprof.dll
0x00007ffe47aa0000 - 0x00007ffe47ab2000 	C:\WINDOWS\SYSTEM32\UMPDC.dll
0x00007ffe39b60000 - 0x00007ffe39c5c000 	C:\WINDOWS\SYSTEM32\textinputframework.dll
0x00007ffe39d70000 - 0x00007ffe39dd6000 	C:\WINDOWS\system32\Oleacc.dll
0x00007ffe0daf0000 - 0x00007ffe0db49000 	C:\Users\Alex\AppData\Local\Temp\lwjglAlex\3.2.3-build-13\lwjgl_opengl.dll
0x00007ffe3b300000 - 0x00007ffe3b310000 	C:\Java\jdk-14.0.2\bin\verify.dll
0x00007ffe08900000 - 0x00007ffe08977000 	C:\Users\Alex\AppData\Local\Temp\lwjglAlex\3.2.3-build-13\lwjgl_stb.dll

dbghelp: loaded successfully - version: 4.0.5 - missing functions: none
symbol engine: initialized successfully - sym options: 0x614 - pdb path: .;C:\Java\jdk-14.0.2\bin;C:\WINDOWS\SYSTEM32;C:\WINDOWS\WinSxS\amd64_microsoft.windows.common-controls_6595b64144ccf1df_6.0.19041.488_none_ca04af081b815d21;C:\Java\jdk-14.0.2\bin\server;C:\Users\Alex\AppData\Local\Temp\lwjglAlex\3.2.3-build-13;C:\WINDOWS\System32\DriverStore\FileRepository\k127153.inf_amd64_3f3936d8dec668b8

VM Arguments:
jvm_args: -Dfile.encoding=windows-1252 -Duser.country=US -Duser.language=en -Duser.variant 
java_command: Main
java_class_path (initial): C:\iz_only_gaem\game\build\classes\java\main;C:\iz_only_gaem\game\build\resources\main;C:\Users\Alex\.gradle\caches\modules-2\files-2.1\org.lwjgl\lwjgl-assimp\3.2.3\f62aa07a20afbdd3097efc296c4841e0d29700eb\lwjgl-assimp-3.2.3.jar;C:\Users\Alex\.gradle\caches\modules-2\files-2.1\org.lwjgl\lwjgl-assimp\3.2.3\4e60aeb75f0343c4a9ede4ef8b6b32ca702a00a3\lwjgl-assimp-3.2.3-natives-windows.jar;C:\Users\Alex\.gradle\caches\modules-2\files-2.1\org.lwjgl\lwjgl-glfw\3.2.3\5e520d5c290c8b012545a8d34fa5db5ab051ea53\lwjgl-glfw-3.2.3.jar;C:\Users\Alex\.gradle\caches\modules-2\files-2.1\org.lwjgl\lwjgl-glfw\3.2.3\b4d8a3477cdc2edcf7a5f1e822926be846223f54\lwjgl-glfw-3.2.3-natives-windows.jar;C:\Users\Alex\.gradle\caches\modules-2\files-2.1\org.lwjgl\lwjgl-nfd\3.2.3\c44fee1043c022cf6614a28872d44cf114ca7737\lwjgl-nfd-3.2.3.jar;C:\Users\Alex\.gradle\caches\modules-2\files-2.1\org.lwjgl\lwjgl-nfd\3.2.3\32782f5f5c57769efb82af864e70b819c77bc891\lwjgl-nfd-3.2.3-natives-windows.jar;C:\Users\Alex\.gradle\caches\modules-2\files-2.1\org.lwjgl\lwjgl-openal\3.2.3\106742e805803ab9eab8e343f0fb31a3d263903c\lwjgl-openal-3.2.3.jar;C:\Users\Alex\.gradle\caches\modules-2\files-2.1\org.lwjgl\lwjgl-openal\3.2.3\ec898e8ce11b5886f4f532a1536283ef2817758d\lwjgl-openal-3.2.3-natives-windows.jar;C:\Users\Alex\.gradle\caches\modules-2\files-2.1\org.lwjgl\lwjgl-opengl\3.2.3\bdd534a323d0c8f54969b95e424b6ac8984f7d6e\lwjgl-opengl-3.2.3.jar;C:\Users\Alex\.gradle\caches\modules-2\files-2.1\org.lwjgl\lwjgl-opengl\3.2.3\e81cfc73ec8708e5e791ed770e4ec3edfc1bbab1\lwjgl-opengl-3.2.3-natives-windows.jar;C:\Users\Alex\.gradle\caches\modules-2\files-2.1\org.lwjgl\lwjgl-stb\3.2.3\40eccaa4fa86fc815f2e17946a392fb5fdcc286a\lwjgl-stb-3.2.3.jar;C:\Users\Alex\.gradle\caches\modules-2\files-2.1\org.lwjgl\lwjgl-stb\3.2.3\817b21ec286f0ba3dcedb56a3bd275e6a9345be9\lwjgl-stb-3.2.3-natives-windows.jar;C:\Users\Alex\.gradle\caches\modules-2\files-2.1\org.lwjgl\lwjgl\3.2.3\17a59ba0fe8d474ec9dbe0d5db40d2cfe59c4c08\lwjg
Launcher Type: SUN_STANDARD

[Global flags]
     intx CICompilerCount                          = 3                                         {product} {ergonomic}
     uint ConcGCThreads                            = 1                                         {product} {ergonomic}
     uint G1ConcRefinementThreads                  = 4                                         {product} {ergonomic}
   size_t G1HeapRegionSize                         = 1048576                                   {product} {ergonomic}
    uintx GCDrainStackTargetSize                   = 64                                        {product} {ergonomic}
   size_t InitialHeapSize                          = 266338304                                 {product} {ergonomic}
   size_t MarkStackSize                            = 4194304                                   {product} {ergonomic}
   size_t MaxHeapSize                              = 4261412864                                {product} {ergonomic}
   size_t MaxNewSize                               = 2556428288                                {product} {ergonomic}
   size_t MinHeapDeltaBytes                        = 1048576                                   {product} {ergonomic}
   size_t MinHeapSize                              = 8388608                                   {product} {ergonomic}
    uintx NonNMethodCodeHeapSize                   = 5832780                                {pd product} {ergonomic}
    uintx NonProfiledCodeHeapSize                  = 122912730                              {pd product} {ergonomic}
    uintx ProfiledCodeHeapSize                     = 122912730                              {pd product} {ergonomic}
    uintx ReservedCodeCacheSize                    = 251658240                              {pd product} {ergonomic}
     bool SegmentedCodeCache                       = true                                      {product} {ergonomic}
   size_t SoftMaxHeapSize                          = 4261412864                             {manageable} {ergonomic}
     bool UseCompressedClassPointers               = true                                 {lp64_product} {ergonomic}
     bool UseCompressedOops                        = true                                 {lp64_product} {ergonomic}
     bool UseG1GC                                  = true                                      {product} {ergonomic}
     bool UseLargePagesIndividualAllocation        = false                                  {pd product} {ergonomic}

Logging:
Log output configuration:
 #0: stdout all=warning uptime,level,tags
 #1: stderr all=off uptime,level,tags

Environment Variables:
PATH=C:\Windows\system32;C:\Windows;C:\Windows\System32\Wbem;C:\Windows\System32\WindowsPowerShell\v1.0\;C:\Program Files (x86)\NVIDIA Corporation\PhysX\Common;C:\WINDOWS\system32;C:\WINDOWS;C:\WINDOWS\System32\Wbem;C:\WINDOWS\System32\WindowsPowerShell\v1.0\;C:\Program Files (x86)\Quest Software\vWorkspace Client\pntsc.exe;C:\WINDOWS\System32\OpenSSH\;C:\Program Files\NVIDIA Corporation\NVIDIA NvDLISR;C:\Program Files (x86)\Intel\Intel(R) Management Engine Components\DAL;C:\Program Files\Intel\Intel(R) Management Engine Components\DAL;C:\Program Files\Git\cmd;C:\Program Files\nodejs\;C:\\Program Files\MongoDB\Server\4.2\bin\;C:\Program Files\Intel\WiFi\bin\;C:\Program Files\Common Files\Intel\WirelessCommon\;C:\WINDOWS\system32;C:\WINDOWS;C:\WINDOWS\System32\Wbem;C:\WINDOWS\System32\WindowsPowerShell\v1.0\;C:\WINDOWS\System32\OpenSSH\;C:\Gradle\gradle-6.6.1\bin;;C:\Program Files\Docker\Docker\resources\bin;C:\ProgramData\DockerDesktop\version-bin;C:\Users\Alex\AppData\Local\Programs\Python\Python38\Scripts\;C:\Users\Alex\AppData\Local\Programs\Python\Python38\;C:\Users\Alex\AppData\Local\Microsoft\WindowsApps;C:\Program Files\heroku\bin;C:\Users\Alex\AppData\Roaming\npm;C:\Program Files\MySQL\MySQL Server 8.0\bin;C:\Users\Alex\AppData\Local\Programs\Microsoft VS Code\bin;C:\Java\jdk-14.0.2\bin;;C:\Program Files\JetBrains\IntelliJ IDEA Community Edition 2020.2.3\bin;
USERNAME=Alex
OS=Windows_NT
PROCESSOR_IDENTIFIER=Intel64 Family 6 Model 142 Stepping 9, GenuineIntel



---------------  S Y S T E M  ---------------

OS: Windows 10 , 64 bit Build 19041 (10.0.19041.546)
OS uptime: 3 days 22:18 hours
HyperV virtualization detected

CPU:total 4 (initial active 4) (2 cores per cpu, 2 threads per core) family 6 model 142 stepping 9, cmov, cx8, fxsr, mmx, sse, sse2, sse3, ssse3, sse4.1, sse4.2, popcnt, avx, avx2, aes, clmul, erms, 3dnowpref, lzcnt, ht, tsc, tscinvbit, bmi1, bmi2, adx, fma

Memory: 4k page, system-wide physical 16253M (7914M free)
TotalPageFile size 18685M (AvailPageFile size 6737M)
current process WorkingSet (physical memory assigned to process): 120M, peak: 120M
current process commit charge ("private bytes"): 365M, peak: 365M

vm_info: Java HotSpot(TM) 64-Bit Server VM (14.0.2+12-46) for windows-amd64 JRE (14.0.2+12-46), built on Jul  9 2020 00:35:52 by "mach5one" with MS VC++ 15.9 (VS2017)

END.
