#
# A fatal error has been detected by the Java Runtime Environment:
#
#  EXCEPTION_ACCESS_VIOLATION (0xc0000005) at pc=0x00007ffdec292400, pid=8384, tid=18988
#
# JRE version: Java(TM) SE Runtime Environment (14.0.2+12) (build 14.0.2+12-46)
# Java VM: Java HotSpot(TM) 64-Bit Server VM (14.0.2+12-46, mixed mode, sharing, tiered, compressed oops, g1 gc, windows-amd64)
# Problematic frame:
# C  [ig9icd64.dll+0xc2400]
#
# No core dump will be written. Minidumps are not enabled by default on client versions of Windows
#
# If you would like to submit a bug report, please visit:
#   https://bugreport.java.com/bugreport/crash.jsp
# The crash happened outside the Java Virtual Machine in native code.
# See problematic frame for where to report the bug.
#

---------------  S U M M A R Y ------------

Command Line: -Dfile.encoding=windows-1252 -Duser.country=US -Duser.language=en -Duser.variant Main

Host: Intel(R) Core(TM) i7-7500U CPU @ 2.70GHz, 4 cores, 15G,  Windows 10 , 64 bit Build 19041 (10.0.19041.546)
Time: Sun Nov 29 15:09:46 2020 US Mountain Standard Time elapsed time: 1 seconds (0d 0h 0m 1s)

---------------  T H R E A D  ---------------

Current thread (0x0000022b391fa800):  JavaThread "main" [_thread_in_native, id=18988, stack(0x0000007835d00000,0x0000007835e00000)]

Stack: [0x0000007835d00000,0x0000007835e00000],  sp=0x0000007835dfe570,  free space=1017k
Native frames: (J=compiled Java code, j=interpreted, Vv=VM code, C=native code)
C  [ig9icd64.dll+0xc2400]

Java frames: (J=compiled Java code, j=interpreted, Vv=VM code)
j  org.lwjgl.opengl.GL11C.nglTexImage2D(IIIIIIIIJ)V+0
j  org.lwjgl.opengl.GL11C.glTexImage2D(IIIIIIIILjava/nio/ByteBuffer;)V+17
j  org.lwjgl.opengl.GL11.glTexImage2D(IIIIIIIILjava/nio/ByteBuffer;)V+14
j  renderer.Texture.<init>(Ljava/lang/String;)V+132
j  jade.LevelEditorScene.init()V+45
j  jade.Window.changeScene(I)V+41
j  jade.Window.init()V+162
j  jade.Window.run()V+15
j  Main.main([Ljava/lang/String;)V+5
v  ~StubRoutines::call_stub

siginfo: EXCEPTION_ACCESS_VIOLATION (0xc0000005), reading address 0x0000022b667c9000


Register to memory mapping:

RIP=0x00007ffdec292400 ig9icd64.dll
RAX=0x0000000000000006 is an unknown value
RBX=0x0000007835dfe660 is pointing into the stack for thread: 0x0000022b391fa800
RCX=0x0 is NULL
RDX=0x0000022b667c8fa0 points into unknown readable memory: 00 00 00 00 00 00 00 00
RSP=0x0000007835dfe570 is pointing into the stack for thread: 0x0000022b391fa800
RBP=0x0000000000000081 is an unknown value
RSI=0x0000022b60d7b580 points into unknown readable memory: ff 00 00 00 00 00 00 00
RDI=0x0000022b60d7b880 points into unknown readable memory: 00 00 00 00 00 00 00 00
R8 =0x0000000000000e10 is an unknown value
R9 =0x000000000000001c is an unknown value
R10=0x0000000000000007 is an unknown value
R11=0x0000022b5d40bf24 points into unknown readable memory: 00 00 00 00
R12=0x0 is NULL
R13=0x0000007835dfe7f0 is pointing into the stack for thread: 0x0000022b391fa800
R14=0x0000000000000e10 is an unknown value
R15=0x0000000000000001 is an unknown value


Registers:
RAX=0x0000000000000006, RBX=0x0000007835dfe660, RCX=0x0000000000000000, RDX=0x0000022b667c8fa0
RSP=0x0000007835dfe570, RBP=0x0000000000000081, RSI=0x0000022b60d7b580, RDI=0x0000022b60d7b880
R8 =0x0000000000000e10, R9 =0x000000000000001c, R10=0x0000000000000007, R11=0x0000022b5d40bf24
R12=0x0000000000000000, R13=0x0000007835dfe7f0, R14=0x0000000000000e10, R15=0x0000000000000001
RIP=0x00007ffdec292400, EFLAGS=0x0000000000010203

Top of Stack: (sp=0x0000007835dfe570)
0x0000007835dfe570:   0000000000000000 0000000000000000
0x0000007835dfe580:   0000000000000000 0000000000000000
0x0000007835dfe590:   0000022b667c8ca0 00007ffdec643f70
0x0000007835dfe5a0:   0000038400000208 0000000200000031
0x0000007835dfe5b0:   0000007835dfe750 0000000000000001
0x0000007835dfe5c0:   0000000000000000 00007ffdec6467ff
0x0000007835dfe5d0:   0000007835dfe6d0 0000007835dfe7b0
0x0000007835dfe5e0:   0000022b60c20000 00007ffdec644ee0
0x0000007835dfe5f0:   00007ffdec200049 00007ffd00000001
0x0000007835dfe600:   0000022b66672040 0000000100000000
0x0000007835dfe610:   40001ec040000240 0000000000000000
0x0000007835dfe620:   0000022b60c20000 0000000000000000
0x0000007835dfe630:   0000000000000000 00007ffdec1f5518
0x0000007835dfe640:   0000022b5d550a40 0000000000000000
0x0000007835dfe650:   000000005d2b9100 0000000000000000
0x0000007835dfe660:   00007ffdecbd8e70 0000022b5d3f3240 

Instructions: (pc=0x00007ffdec292400)
0x00007ffdec292300:   8b c1 44 8b d1 4c 2b c0 0f 29 74 24 10 4d 8b c8
0x00007ffdec292310:   0f 29 3c 24 49 c1 e9 07 f6 c2 0f 0f 84 af 00 00
0x00007ffdec292320:   00 4d 85 c9 74 6b 66 66 0f 1f 84 00 00 00 00 00
0x00007ffdec292330:   f3 0f 6f 3a 41 ff c2 f3 0f 6f 72 10 41 8b c2 f3
0x00007ffdec292340:   0f 6f 6a 20 f3 0f 6f 62 30 f3 0f 6f 5a 40 f3 0f
0x00007ffdec292350:   6f 52 50 f3 0f 6f 4a 60 f3 0f 6f 42 70 66 0f e7
0x00007ffdec292360:   3f 66 0f e7 77 10 66 0f e7 6f 20 66 0f e7 67 30
0x00007ffdec292370:   66 0f e7 5f 40 66 0f e7 57 50 66 0f e7 4f 60 66
0x00007ffdec292380:   0f e7 47 70 48 83 ef 80 48 83 ea 80 49 3b c1 72
0x00007ffdec292390:   9f 41 83 e0 7f 0f 84 e0 00 00 00 45 8b d0 44 8b
0x00007ffdec2923a0:   c9 49 c1 ea 04 4d 85 d2 0f 84 cd 00 00 00 66 90
0x00007ffdec2923b0:   f3 0f 6f 02 41 ff c1 48 83 c2 10 41 8b c1 66 0f
0x00007ffdec2923c0:   e7 07 48 83 c7 10 49 3b c2 72 e5 e9 ab 00 00 00
0x00007ffdec2923d0:   4d 85 c9 74 6c 66 66 66 0f 1f 84 00 00 00 00 00
0x00007ffdec2923e0:   66 0f 6f 3a 41 ff c2 66 0f 6f 72 10 66 0f 6f 6a
0x00007ffdec2923f0:   20 66 0f 6f 62 30 66 0f 6f 5a 40 66 0f 6f 52 50
0x00007ffdec292400:   66 0f 6f 4a 60 66 0f 6f 42 70 48 83 ea 80 66 0f
0x00007ffdec292410:   e7 3f 66 0f e7 77 10 66 0f e7 6f 20 66 0f e7 67
0x00007ffdec292420:   30 66 0f e7 5f 40 66 0f e7 57 50 66 0f e7 4f 60
0x00007ffdec292430:   66 0f e7 47 70 48 83 ef 80 41 8b c2 49 3b c1 72
0x00007ffdec292440:   9f 41 83 e0 7f 74 34 45 8b d0 44 8b c9 49 c1 ea
0x00007ffdec292450:   04 4d 85 d2 74 25 66 66 0f 1f 84 00 00 00 00 00
0x00007ffdec292460:   66 0f 6f 02 41 ff c1 66 0f e7 07 48 83 c7 10 41
0x00007ffdec292470:   8b c1 48 83 c2 10 49 3b c2 72 e5 0f 28 74 24 10
0x00007ffdec292480:   0f 28 3c 24 41 83 e0 0f 74 49 45 8b d0 44 8b c9
0x00007ffdec292490:   49 c1 ea 02 4d 85 d2 74 1e 0f 1f 80 00 00 00 00
0x00007ffdec2924a0:   8b 02 41 ff c1 89 07 48 83 c2 04 48 83 c7 04 41
0x00007ffdec2924b0:   8b c1 49 3b c2 72 e9 41 83 e0 03 76 16 48 2b d7
0x00007ffdec2924c0:   0f b6 04 3a ff c1 88 07 48 8d 7f 01 8b c1 49 3b
0x00007ffdec2924d0:   c0 72 ed 48 83 c4 20 5f c3 cc cc cc cc cc cc cc
0x00007ffdec2924e0:   8b 01 83 c0 f2 83 f8 1a 77 7f 4c 8d 05 0f db f3
0x00007ffdec2924f0:   ff 48 98 41 0f b6 84 00 90 25 0c 00 41 8b 94 80 


Stack slot to memory mapping:
stack at sp + 0 slots: 0x0 is NULL
stack at sp + 1 slots: 0x0 is NULL
stack at sp + 2 slots: 0x0 is NULL
stack at sp + 3 slots: 0x0 is NULL
stack at sp + 4 slots: 0x0000022b667c8ca0 points into unknown readable memory: ff 00 00 00 00 00 00 00
stack at sp + 5 slots: 0x00007ffdec643f70 ig9icd64.dll
stack at sp + 6 slots: 0x0000038400000208 is an unknown value
stack at sp + 7 slots: 0x0000000200000031 is an unknown value


---------------  P R O C E S S  ---------------

Threads class SMR info:
_java_thread_list=0x0000022b5cf75a70, length=11, elements={
0x0000022b391fa800, 0x0000022b5c576800, 0x0000022b5c578800, 0x0000022b5c59a000,
0x0000022b5c59b800, 0x0000022b5c59c800, 0x0000022b5c5a0800, 0x0000022b5c5aa800,
0x0000022b5c5ad800, 0x0000022b5cf70000, 0x0000022b5cf79800
}

Java Threads: ( => current thread )
=>0x0000022b391fa800 JavaThread "main" [_thread_in_native, id=18988, stack(0x0000007835d00000,0x0000007835e00000)]
  0x0000022b5c576800 JavaThread "Reference Handler" daemon [_thread_blocked, id=4424, stack(0x0000007836400000,0x0000007836500000)]
  0x0000022b5c578800 JavaThread "Finalizer" daemon [_thread_blocked, id=280, stack(0x0000007836500000,0x0000007836600000)]
  0x0000022b5c59a000 JavaThread "Signal Dispatcher" daemon [_thread_blocked, id=5988, stack(0x0000007836600000,0x0000007836700000)]
  0x0000022b5c59b800 JavaThread "Attach Listener" daemon [_thread_blocked, id=13792, stack(0x0000007836700000,0x0000007836800000)]
  0x0000022b5c59c800 JavaThread "Service Thread" daemon [_thread_blocked, id=628, stack(0x0000007836800000,0x0000007836900000)]
  0x0000022b5c5a0800 JavaThread "C2 CompilerThread0" daemon [_thread_blocked, id=11580, stack(0x0000007836900000,0x0000007836a00000)]
  0x0000022b5c5aa800 JavaThread "C1 CompilerThread0" daemon [_thread_blocked, id=18268, stack(0x0000007836a00000,0x0000007836b00000)]
  0x0000022b5c5ad800 JavaThread "Sweeper thread" daemon [_thread_blocked, id=23500, stack(0x0000007836b00000,0x0000007836c00000)]
  0x0000022b5cf70000 JavaThread "Notification Thread" daemon [_thread_blocked, id=23156, stack(0x0000007836c00000,0x0000007836d00000)]
  0x0000022b5cf79800 JavaThread "Common-Cleaner" daemon [_thread_blocked, id=12376, stack(0x0000007836e00000,0x0000007836f00000)]

Other Threads:
  0x0000022b5c575800 VMThread "VM Thread" [stack: 0x0000007836300000,0x0000007836400000] [id=20072]
  0x0000022b5cf74800 WatcherThread [stack: 0x0000007836d00000,0x0000007836e00000] [id=5952]
  0x0000022b39266000 GCTaskThread "GC Thread#0" [stack: 0x0000007835e00000,0x0000007835f00000] [id=13608]
  0x0000022b5daa7800 GCTaskThread "GC Thread#1" [stack: 0x0000007837200000,0x0000007837300000] [id=23436]
  0x0000022b5daa8800 GCTaskThread "GC Thread#2" [stack: 0x0000007837500000,0x0000007837600000] [id=5640]
  0x0000022b5daa9000 GCTaskThread "GC Thread#3" [stack: 0x0000007837600000,0x0000007837700000] [id=16192]
  0x0000022b39288000 ConcurrentGCThread "G1 Main Marker" [stack: 0x0000007835f00000,0x0000007836000000] [id=21972]
  0x0000022b39289800 ConcurrentGCThread "G1 Conc#0" [stack: 0x0000007836000000,0x0000007836100000] [id=9656]
  0x0000022b5c45d800 ConcurrentGCThread "G1 Refine#0" [stack: 0x0000007836100000,0x0000007836200000] [id=672]
  0x0000022b5c45e800 ConcurrentGCThread "G1 Young RemSet Sampling" [stack: 0x0000007836200000,0x0000007836300000] [id=3740]

Threads with active compile tasks:

VM state:not at safepoint (normal execution)

VM Mutex/Monitor currently owned by a thread: None

Heap address: 0x0000000702000000, size: 4064 MB, Compressed Oops mode: Zero based, Oop shift amount: 3
Narrow klass base: 0x0000000800000000, Narrow klass shift: 3
Compressed class space size: 1073741824 Address: 0x0000000800b30000

Heap:
 garbage-first heap   total 260096K, used 6760K [0x0000000702000000, 0x0000000800000000)
  region size 1024K, 8 young (8192K), 2 survivors (2048K)
 Metaspace       used 5701K, capacity 8745K, committed 9088K, reserved 1058816K
  class space    used 281K, capacity 601K, committed 640K, reserved 1048576K
Heap Regions: E=young(eden), S=young(survivor), O=old, HS=humongous(starts), HC=humongous(continues), CS=collection set, F=free, OA=open archive, CA=closed archive, TAMS=top-at-mark-start (previous, next)
|   0|0x0000000702000000, 0x0000000702000000, 0x0000000702100000|  0%| F|  |TAMS 0x0000000702000000, 0x0000000702000000| Untracked 
|   1|0x0000000702100000, 0x0000000702100000, 0x0000000702200000|  0%| F|  |TAMS 0x0000000702100000, 0x0000000702100000| Untracked 
|   2|0x0000000702200000, 0x0000000702200000, 0x0000000702300000|  0%| F|  |TAMS 0x0000000702200000, 0x0000000702200000| Untracked 
|   3|0x0000000702300000, 0x0000000702300000, 0x0000000702400000|  0%| F|  |TAMS 0x0000000702300000, 0x0000000702300000| Untracked 
|   4|0x0000000702400000, 0x0000000702400000, 0x0000000702500000|  0%| F|  |TAMS 0x0000000702400000, 0x0000000702400000| Untracked 
|   5|0x0000000702500000, 0x0000000702500000, 0x0000000702600000|  0%| F|  |TAMS 0x0000000702500000, 0x0000000702500000| Untracked 
|   6|0x0000000702600000, 0x0000000702600000, 0x0000000702700000|  0%| F|  |TAMS 0x0000000702600000, 0x0000000702600000| Untracked 
|   7|0x0000000702700000, 0x0000000702700000, 0x0000000702800000|  0%| F|  |TAMS 0x0000000702700000, 0x0000000702700000| Untracked 
|   8|0x0000000702800000, 0x0000000702800000, 0x0000000702900000|  0%| F|  |TAMS 0x0000000702800000, 0x0000000702800000| Untracked 
|   9|0x0000000702900000, 0x0000000702900000, 0x0000000702a00000|  0%| F|  |TAMS 0x0000000702900000, 0x0000000702900000| Untracked 
|  10|0x0000000702a00000, 0x0000000702a00000, 0x0000000702b00000|  0%| F|  |TAMS 0x0000000702a00000, 0x0000000702a00000| Untracked 
|  11|0x0000000702b00000, 0x0000000702b00000, 0x0000000702c00000|  0%| F|  |TAMS 0x0000000702b00000, 0x0000000702b00000| Untracked 
|  12|0x0000000702c00000, 0x0000000702c00000, 0x0000000702d00000|  0%| F|  |TAMS 0x0000000702c00000, 0x0000000702c00000| Untracked 
|  13|0x0000000702d00000, 0x0000000702d00000, 0x0000000702e00000|  0%| F|  |TAMS 0x0000000702d00000, 0x0000000702d00000| Untracked 
|  14|0x0000000702e00000, 0x0000000702e00000, 0x0000000702f00000|  0%| F|  |TAMS 0x0000000702e00000, 0x0000000702e00000| Untracked 
|  15|0x0000000702f00000, 0x0000000702f00000, 0x0000000703000000|  0%| F|  |TAMS 0x0000000702f00000, 0x0000000702f00000| Untracked 
|  16|0x0000000703000000, 0x0000000703000000, 0x0000000703100000|  0%| F|  |TAMS 0x0000000703000000, 0x0000000703000000| Untracked 
|  17|0x0000000703100000, 0x0000000703100000, 0x0000000703200000|  0%| F|  |TAMS 0x0000000703100000, 0x0000000703100000| Untracked 
|  18|0x0000000703200000, 0x0000000703200000, 0x0000000703300000|  0%| F|  |TAMS 0x0000000703200000, 0x0000000703200000| Untracked 
|  19|0x0000000703300000, 0x0000000703300000, 0x0000000703400000|  0%| F|  |TAMS 0x0000000703300000, 0x0000000703300000| Untracked 
|  20|0x0000000703400000, 0x0000000703400000, 0x0000000703500000|  0%| F|  |TAMS 0x0000000703400000, 0x0000000703400000| Untracked 
|  21|0x0000000703500000, 0x0000000703500000, 0x0000000703600000|  0%| F|  |TAMS 0x0000000703500000, 0x0000000703500000| Untracked 
|  22|0x0000000703600000, 0x0000000703600000, 0x0000000703700000|  0%| F|  |TAMS 0x0000000703600000, 0x0000000703600000| Untracked 
|  23|0x0000000703700000, 0x0000000703700000, 0x0000000703800000|  0%| F|  |TAMS 0x0000000703700000, 0x0000000703700000| Untracked 
|  24|0x0000000703800000, 0x0000000703800000, 0x0000000703900000|  0%| F|  |TAMS 0x0000000703800000, 0x0000000703800000| Untracked 
|  25|0x0000000703900000, 0x0000000703900000, 0x0000000703a00000|  0%| F|  |TAMS 0x0000000703900000, 0x0000000703900000| Untracked 
|  26|0x0000000703a00000, 0x0000000703a00000, 0x0000000703b00000|  0%| F|  |TAMS 0x0000000703a00000, 0x0000000703a00000| Untracked 
|  27|0x0000000703b00000, 0x0000000703b00000, 0x0000000703c00000|  0%| F|  |TAMS 0x0000000703b00000, 0x0000000703b00000| Untracked 
|  28|0x0000000703c00000, 0x0000000703c00000, 0x0000000703d00000|  0%| F|  |TAMS 0x0000000703c00000, 0x0000000703c00000| Untracked 
|  29|0x0000000703d00000, 0x0000000703d00000, 0x0000000703e00000|  0%| F|  |TAMS 0x0000000703d00000, 0x0000000703d00000| Untracked 
|  30|0x0000000703e00000, 0x0000000703e00000, 0x0000000703f00000|  0%| F|  |TAMS 0x0000000703e00000, 0x0000000703e00000| Untracked 
|  31|0x0000000703f00000, 0x0000000703f00000, 0x0000000704000000|  0%| F|  |TAMS 0x0000000703f00000, 0x0000000703f00000| Untracked 
|  32|0x0000000704000000, 0x0000000704000000, 0x0000000704100000|  0%| F|  |TAMS 0x0000000704000000, 0x0000000704000000| Untracked 
|  33|0x0000000704100000, 0x0000000704100000, 0x0000000704200000|  0%| F|  |TAMS 0x0000000704100000, 0x0000000704100000| Untracked 
|  34|0x0000000704200000, 0x0000000704200000, 0x0000000704300000|  0%| F|  |TAMS 0x0000000704200000, 0x0000000704200000| Untracked 
|  35|0x0000000704300000, 0x0000000704300000, 0x0000000704400000|  0%| F|  |TAMS 0x0000000704300000, 0x0000000704300000| Untracked 
|  36|0x0000000704400000, 0x0000000704400000, 0x0000000704500000|  0%| F|  |TAMS 0x0000000704400000, 0x0000000704400000| Untracked 
|  37|0x0000000704500000, 0x0000000704500000, 0x0000000704600000|  0%| F|  |TAMS 0x0000000704500000, 0x0000000704500000| Untracked 
|  38|0x0000000704600000, 0x0000000704600000, 0x0000000704700000|  0%| F|  |TAMS 0x0000000704600000, 0x0000000704600000| Untracked 
|  39|0x0000000704700000, 0x0000000704700000, 0x0000000704800000|  0%| F|  |TAMS 0x0000000704700000, 0x0000000704700000| Untracked 
|  40|0x0000000704800000, 0x0000000704800000, 0x0000000704900000|  0%| F|  |TAMS 0x0000000704800000, 0x0000000704800000| Untracked 
|  41|0x0000000704900000, 0x0000000704900000, 0x0000000704a00000|  0%| F|  |TAMS 0x0000000704900000, 0x0000000704900000| Untracked 
|  42|0x0000000704a00000, 0x0000000704a00000, 0x0000000704b00000|  0%| F|  |TAMS 0x0000000704a00000, 0x0000000704a00000| Untracked 
|  43|0x0000000704b00000, 0x0000000704b00000, 0x0000000704c00000|  0%| F|  |TAMS 0x0000000704b00000, 0x0000000704b00000| Untracked 
|  44|0x0000000704c00000, 0x0000000704c00000, 0x0000000704d00000|  0%| F|  |TAMS 0x0000000704c00000, 0x0000000704c00000| Untracked 
|  45|0x0000000704d00000, 0x0000000704d00000, 0x0000000704e00000|  0%| F|  |TAMS 0x0000000704d00000, 0x0000000704d00000| Untracked 
|  46|0x0000000704e00000, 0x0000000704e00000, 0x0000000704f00000|  0%| F|  |TAMS 0x0000000704e00000, 0x0000000704e00000| Untracked 
|  47|0x0000000704f00000, 0x0000000704f00000, 0x0000000705000000|  0%| F|  |TAMS 0x0000000704f00000, 0x0000000704f00000| Untracked 
|  48|0x0000000705000000, 0x0000000705000000, 0x0000000705100000|  0%| F|  |TAMS 0x0000000705000000, 0x0000000705000000| Untracked 
|  49|0x0000000705100000, 0x0000000705100000, 0x0000000705200000|  0%| F|  |TAMS 0x0000000705100000, 0x0000000705100000| Untracked 
|  50|0x0000000705200000, 0x0000000705200000, 0x0000000705300000|  0%| F|  |TAMS 0x0000000705200000, 0x0000000705200000| Untracked 
|  51|0x0000000705300000, 0x0000000705300000, 0x0000000705400000|  0%| F|  |TAMS 0x0000000705300000, 0x0000000705300000| Untracked 
|  52|0x0000000705400000, 0x0000000705400000, 0x0000000705500000|  0%| F|  |TAMS 0x0000000705400000, 0x0000000705400000| Untracked 
|  53|0x0000000705500000, 0x0000000705500000, 0x0000000705600000|  0%| F|  |TAMS 0x0000000705500000, 0x0000000705500000| Untracked 
|  54|0x0000000705600000, 0x0000000705600000, 0x0000000705700000|  0%| F|  |TAMS 0x0000000705600000, 0x0000000705600000| Untracked 
|  55|0x0000000705700000, 0x0000000705700000, 0x0000000705800000|  0%| F|  |TAMS 0x0000000705700000, 0x0000000705700000| Untracked 
|  56|0x0000000705800000, 0x0000000705800000, 0x0000000705900000|  0%| F|  |TAMS 0x0000000705800000, 0x0000000705800000| Untracked 
|  57|0x0000000705900000, 0x0000000705900000, 0x0000000705a00000|  0%| F|  |TAMS 0x0000000705900000, 0x0000000705900000| Untracked 
|  58|0x0000000705a00000, 0x0000000705a00000, 0x0000000705b00000|  0%| F|  |TAMS 0x0000000705a00000, 0x0000000705a00000| Untracked 
|  59|0x0000000705b00000, 0x0000000705b00000, 0x0000000705c00000|  0%| F|  |TAMS 0x0000000705b00000, 0x0000000705b00000| Untracked 
|  60|0x0000000705c00000, 0x0000000705c00000, 0x0000000705d00000|  0%| F|  |TAMS 0x0000000705c00000, 0x0000000705c00000| Untracked 
|  61|0x0000000705d00000, 0x0000000705d00000, 0x0000000705e00000|  0%| F|  |TAMS 0x0000000705d00000, 0x0000000705d00000| Untracked 
|  62|0x0000000705e00000, 0x0000000705e00000, 0x0000000705f00000|  0%| F|  |TAMS 0x0000000705e00000, 0x0000000705e00000| Untracked 
|  63|0x0000000705f00000, 0x0000000705f00000, 0x0000000706000000|  0%| F|  |TAMS 0x0000000705f00000, 0x0000000705f00000| Untracked 
|  64|0x0000000706000000, 0x0000000706000000, 0x0000000706100000|  0%| F|  |TAMS 0x0000000706000000, 0x0000000706000000| Untracked 
|  65|0x0000000706100000, 0x0000000706100000, 0x0000000706200000|  0%| F|  |TAMS 0x0000000706100000, 0x0000000706100000| Untracked 
|  66|0x0000000706200000, 0x0000000706200000, 0x0000000706300000|  0%| F|  |TAMS 0x0000000706200000, 0x0000000706200000| Untracked 
|  67|0x0000000706300000, 0x0000000706300000, 0x0000000706400000|  0%| F|  |TAMS 0x0000000706300000, 0x0000000706300000| Untracked 
|  68|0x0000000706400000, 0x0000000706400000, 0x0000000706500000|  0%| F|  |TAMS 0x0000000706400000, 0x0000000706400000| Untracked 
|  69|0x0000000706500000, 0x0000000706500000, 0x0000000706600000|  0%| F|  |TAMS 0x0000000706500000, 0x0000000706500000| Untracked 
|  70|0x0000000706600000, 0x0000000706600000, 0x0000000706700000|  0%| F|  |TAMS 0x0000000706600000, 0x0000000706600000| Untracked 
|  71|0x0000000706700000, 0x0000000706700000, 0x0000000706800000|  0%| F|  |TAMS 0x0000000706700000, 0x0000000706700000| Untracked 
|  72|0x0000000706800000, 0x0000000706800000, 0x0000000706900000|  0%| F|  |TAMS 0x0000000706800000, 0x0000000706800000| Untracked 
|  73|0x0000000706900000, 0x0000000706900000, 0x0000000706a00000|  0%| F|  |TAMS 0x0000000706900000, 0x0000000706900000| Untracked 
|  74|0x0000000706a00000, 0x0000000706a00000, 0x0000000706b00000|  0%| F|  |TAMS 0x0000000706a00000, 0x0000000706a00000| Untracked 
|  75|0x0000000706b00000, 0x0000000706b00000, 0x0000000706c00000|  0%| F|  |TAMS 0x0000000706b00000, 0x0000000706b00000| Untracked 
|  76|0x0000000706c00000, 0x0000000706c00000, 0x0000000706d00000|  0%| F|  |TAMS 0x0000000706c00000, 0x0000000706c00000| Untracked 
|  77|0x0000000706d00000, 0x0000000706d00000, 0x0000000706e00000|  0%| F|  |TAMS 0x0000000706d00000, 0x0000000706d00000| Untracked 
|  78|0x0000000706e00000, 0x0000000706e00000, 0x0000000706f00000|  0%| F|  |TAMS 0x0000000706e00000, 0x0000000706e00000| Untracked 
|  79|0x0000000706f00000, 0x0000000706f00000, 0x0000000707000000|  0%| F|  |TAMS 0x0000000706f00000, 0x0000000706f00000| Untracked 
|  80|0x0000000707000000, 0x0000000707000000, 0x0000000707100000|  0%| F|  |TAMS 0x0000000707000000, 0x0000000707000000| Untracked 
|  81|0x0000000707100000, 0x0000000707100000, 0x0000000707200000|  0%| F|  |TAMS 0x0000000707100000, 0x0000000707100000| Untracked 
|  82|0x0000000707200000, 0x0000000707200000, 0x0000000707300000|  0%| F|  |TAMS 0x0000000707200000, 0x0000000707200000| Untracked 
|  83|0x0000000707300000, 0x0000000707300000, 0x0000000707400000|  0%| F|  |TAMS 0x0000000707300000, 0x0000000707300000| Untracked 
|  84|0x0000000707400000, 0x0000000707400000, 0x0000000707500000|  0%| F|  |TAMS 0x0000000707400000, 0x0000000707400000| Untracked 
|  85|0x0000000707500000, 0x0000000707500000, 0x0000000707600000|  0%| F|  |TAMS 0x0000000707500000, 0x0000000707500000| Untracked 
|  86|0x0000000707600000, 0x0000000707600000, 0x0000000707700000|  0%| F|  |TAMS 0x0000000707600000, 0x0000000707600000| Untracked 
|  87|0x0000000707700000, 0x0000000707700000, 0x0000000707800000|  0%| F|  |TAMS 0x0000000707700000, 0x0000000707700000| Untracked 
|  88|0x0000000707800000, 0x0000000707800000, 0x0000000707900000|  0%| F|  |TAMS 0x0000000707800000, 0x0000000707800000| Untracked 
|  89|0x0000000707900000, 0x0000000707900000, 0x0000000707a00000|  0%| F|  |TAMS 0x0000000707900000, 0x0000000707900000| Untracked 
|  90|0x0000000707a00000, 0x0000000707a00000, 0x0000000707b00000|  0%| F|  |TAMS 0x0000000707a00000, 0x0000000707a00000| Untracked 
|  91|0x0000000707b00000, 0x0000000707b00000, 0x0000000707c00000|  0%| F|  |TAMS 0x0000000707b00000, 0x0000000707b00000| Untracked 
|  92|0x0000000707c00000, 0x0000000707c00000, 0x0000000707d00000|  0%| F|  |TAMS 0x0000000707c00000, 0x0000000707c00000| Untracked 
|  93|0x0000000707d00000, 0x0000000707d00000, 0x0000000707e00000|  0%| F|  |TAMS 0x0000000707d00000, 0x0000000707d00000| Untracked 
|  94|0x0000000707e00000, 0x0000000707e00000, 0x0000000707f00000|  0%| F|  |TAMS 0x0000000707e00000, 0x0000000707e00000| Untracked 
|  95|0x0000000707f00000, 0x0000000707f00000, 0x0000000708000000|  0%| F|  |TAMS 0x0000000707f00000, 0x0000000707f00000| Untracked 
|  96|0x0000000708000000, 0x0000000708000000, 0x0000000708100000|  0%| F|  |TAMS 0x0000000708000000, 0x0000000708000000| Untracked 
|  97|0x0000000708100000, 0x0000000708100000, 0x0000000708200000|  0%| F|  |TAMS 0x0000000708100000, 0x0000000708100000| Untracked 
|  98|0x0000000708200000, 0x0000000708200000, 0x0000000708300000|  0%| F|  |TAMS 0x0000000708200000, 0x0000000708200000| Untracked 
|  99|0x0000000708300000, 0x0000000708300000, 0x0000000708400000|  0%| F|  |TAMS 0x0000000708300000, 0x0000000708300000| Untracked 
| 100|0x0000000708400000, 0x0000000708400000, 0x0000000708500000|  0%| F|  |TAMS 0x0000000708400000, 0x0000000708400000| Untracked 
| 101|0x0000000708500000, 0x0000000708500000, 0x0000000708600000|  0%| F|  |TAMS 0x0000000708500000, 0x0000000708500000| Untracked 
| 102|0x0000000708600000, 0x0000000708600000, 0x0000000708700000|  0%| F|  |TAMS 0x0000000708600000, 0x0000000708600000| Untracked 
| 103|0x0000000708700000, 0x0000000708700000, 0x0000000708800000|  0%| F|  |TAMS 0x0000000708700000, 0x0000000708700000| Untracked 
| 104|0x0000000708800000, 0x0000000708800000, 0x0000000708900000|  0%| F|  |TAMS 0x0000000708800000, 0x0000000708800000| Untracked 
| 105|0x0000000708900000, 0x0000000708900000, 0x0000000708a00000|  0%| F|  |TAMS 0x0000000708900000, 0x0000000708900000| Untracked 
| 106|0x0000000708a00000, 0x0000000708a00000, 0x0000000708b00000|  0%| F|  |TAMS 0x0000000708a00000, 0x0000000708a00000| Untracked 
| 107|0x0000000708b00000, 0x0000000708b00000, 0x0000000708c00000|  0%| F|  |TAMS 0x0000000708b00000, 0x0000000708b00000| Untracked 
| 108|0x0000000708c00000, 0x0000000708c00000, 0x0000000708d00000|  0%| F|  |TAMS 0x0000000708c00000, 0x0000000708c00000| Untracked 
| 109|0x0000000708d00000, 0x0000000708d00000, 0x0000000708e00000|  0%| F|  |TAMS 0x0000000708d00000, 0x0000000708d00000| Untracked 
| 110|0x0000000708e00000, 0x0000000708e00000, 0x0000000708f00000|  0%| F|  |TAMS 0x0000000708e00000, 0x0000000708e00000| Untracked 
| 111|0x0000000708f00000, 0x0000000708f00000, 0x0000000709000000|  0%| F|  |TAMS 0x0000000708f00000, 0x0000000708f00000| Untracked 
| 112|0x0000000709000000, 0x0000000709000000, 0x0000000709100000|  0%| F|  |TAMS 0x0000000709000000, 0x0000000709000000| Untracked 
| 113|0x0000000709100000, 0x0000000709100000, 0x0000000709200000|  0%| F|  |TAMS 0x0000000709100000, 0x0000000709100000| Untracked 
| 114|0x0000000709200000, 0x0000000709200000, 0x0000000709300000|  0%| F|  |TAMS 0x0000000709200000, 0x0000000709200000| Untracked 
| 115|0x0000000709300000, 0x0000000709300000, 0x0000000709400000|  0%| F|  |TAMS 0x0000000709300000, 0x0000000709300000| Untracked 
| 116|0x0000000709400000, 0x0000000709400000, 0x0000000709500000|  0%| F|  |TAMS 0x0000000709400000, 0x0000000709400000| Untracked 
| 117|0x0000000709500000, 0x0000000709500000, 0x0000000709600000|  0%| F|  |TAMS 0x0000000709500000, 0x0000000709500000| Untracked 
| 118|0x0000000709600000, 0x0000000709600000, 0x0000000709700000|  0%| F|  |TAMS 0x0000000709600000, 0x0000000709600000| Untracked 
| 119|0x0000000709700000, 0x0000000709700000, 0x0000000709800000|  0%| F|  |TAMS 0x0000000709700000, 0x0000000709700000| Untracked 
| 120|0x0000000709800000, 0x0000000709800000, 0x0000000709900000|  0%| F|  |TAMS 0x0000000709800000, 0x0000000709800000| Untracked 
| 121|0x0000000709900000, 0x0000000709900000, 0x0000000709a00000|  0%| F|  |TAMS 0x0000000709900000, 0x0000000709900000| Untracked 
| 122|0x0000000709a00000, 0x0000000709a00000, 0x0000000709b00000|  0%| F|  |TAMS 0x0000000709a00000, 0x0000000709a00000| Untracked 
| 123|0x0000000709b00000, 0x0000000709b00000, 0x0000000709c00000|  0%| F|  |TAMS 0x0000000709b00000, 0x0000000709b00000| Untracked 
| 124|0x0000000709c00000, 0x0000000709c00000, 0x0000000709d00000|  0%| F|  |TAMS 0x0000000709c00000, 0x0000000709c00000| Untracked 
| 125|0x0000000709d00000, 0x0000000709d00000, 0x0000000709e00000|  0%| F|  |TAMS 0x0000000709d00000, 0x0000000709d00000| Untracked 
| 126|0x0000000709e00000, 0x0000000709e00000, 0x0000000709f00000|  0%| F|  |TAMS 0x0000000709e00000, 0x0000000709e00000| Untracked 
| 127|0x0000000709f00000, 0x0000000709f00000, 0x000000070a000000|  0%| F|  |TAMS 0x0000000709f00000, 0x0000000709f00000| Untracked 
| 128|0x000000070a000000, 0x000000070a000000, 0x000000070a100000|  0%| F|  |TAMS 0x000000070a000000, 0x000000070a000000| Untracked 
| 129|0x000000070a100000, 0x000000070a100000, 0x000000070a200000|  0%| F|  |TAMS 0x000000070a100000, 0x000000070a100000| Untracked 
| 130|0x000000070a200000, 0x000000070a200000, 0x000000070a300000|  0%| F|  |TAMS 0x000000070a200000, 0x000000070a200000| Untracked 
| 131|0x000000070a300000, 0x000000070a300000, 0x000000070a400000|  0%| F|  |TAMS 0x000000070a300000, 0x000000070a300000| Untracked 
| 132|0x000000070a400000, 0x000000070a400000, 0x000000070a500000|  0%| F|  |TAMS 0x000000070a400000, 0x000000070a400000| Untracked 
| 133|0x000000070a500000, 0x000000070a500000, 0x000000070a600000|  0%| F|  |TAMS 0x000000070a500000, 0x000000070a500000| Untracked 
| 134|0x000000070a600000, 0x000000070a600000, 0x000000070a700000|  0%| F|  |TAMS 0x000000070a600000, 0x000000070a600000| Untracked 
| 135|0x000000070a700000, 0x000000070a700000, 0x000000070a800000|  0%| F|  |TAMS 0x000000070a700000, 0x000000070a700000| Untracked 
| 136|0x000000070a800000, 0x000000070a800000, 0x000000070a900000|  0%| F|  |TAMS 0x000000070a800000, 0x000000070a800000| Untracked 
| 137|0x000000070a900000, 0x000000070a900000, 0x000000070aa00000|  0%| F|  |TAMS 0x000000070a900000, 0x000000070a900000| Untracked 
| 138|0x000000070aa00000, 0x000000070aa00000, 0x000000070ab00000|  0%| F|  |TAMS 0x000000070aa00000, 0x000000070aa00000| Untracked 
| 139|0x000000070ab00000, 0x000000070ab00000, 0x000000070ac00000|  0%| F|  |TAMS 0x000000070ab00000, 0x000000070ab00000| Untracked 
| 140|0x000000070ac00000, 0x000000070ac00000, 0x000000070ad00000|  0%| F|  |TAMS 0x000000070ac00000, 0x000000070ac00000| Untracked 
| 141|0x000000070ad00000, 0x000000070ad00000, 0x000000070ae00000|  0%| F|  |TAMS 0x000000070ad00000, 0x000000070ad00000| Untracked 
| 142|0x000000070ae00000, 0x000000070ae00000, 0x000000070af00000|  0%| F|  |TAMS 0x000000070ae00000, 0x000000070ae00000| Untracked 
| 143|0x000000070af00000, 0x000000070af00000, 0x000000070b000000|  0%| F|  |TAMS 0x000000070af00000, 0x000000070af00000| Untracked 
| 144|0x000000070b000000, 0x000000070b000000, 0x000000070b100000|  0%| F|  |TAMS 0x000000070b000000, 0x000000070b000000| Untracked 
| 145|0x000000070b100000, 0x000000070b100000, 0x000000070b200000|  0%| F|  |TAMS 0x000000070b100000, 0x000000070b100000| Untracked 
| 146|0x000000070b200000, 0x000000070b200000, 0x000000070b300000|  0%| F|  |TAMS 0x000000070b200000, 0x000000070b200000| Untracked 
| 147|0x000000070b300000, 0x000000070b300000, 0x000000070b400000|  0%| F|  |TAMS 0x000000070b300000, 0x000000070b300000| Untracked 
| 148|0x000000070b400000, 0x000000070b400000, 0x000000070b500000|  0%| F|  |TAMS 0x000000070b400000, 0x000000070b400000| Untracked 
| 149|0x000000070b500000, 0x000000070b500000, 0x000000070b600000|  0%| F|  |TAMS 0x000000070b500000, 0x000000070b500000| Untracked 
| 150|0x000000070b600000, 0x000000070b600000, 0x000000070b700000|  0%| F|  |TAMS 0x000000070b600000, 0x000000070b600000| Untracked 
| 151|0x000000070b700000, 0x000000070b700000, 0x000000070b800000|  0%| F|  |TAMS 0x000000070b700000, 0x000000070b700000| Untracked 
| 152|0x000000070b800000, 0x000000070b800000, 0x000000070b900000|  0%| F|  |TAMS 0x000000070b800000, 0x000000070b800000| Untracked 
| 153|0x000000070b900000, 0x000000070b900000, 0x000000070ba00000|  0%| F|  |TAMS 0x000000070b900000, 0x000000070b900000| Untracked 
| 154|0x000000070ba00000, 0x000000070ba00000, 0x000000070bb00000|  0%| F|  |TAMS 0x000000070ba00000, 0x000000070ba00000| Untracked 
| 155|0x000000070bb00000, 0x000000070bb00000, 0x000000070bc00000|  0%| F|  |TAMS 0x000000070bb00000, 0x000000070bb00000| Untracked 
| 156|0x000000070bc00000, 0x000000070bc00000, 0x000000070bd00000|  0%| F|  |TAMS 0x000000070bc00000, 0x000000070bc00000| Untracked 
| 157|0x000000070bd00000, 0x000000070bd00000, 0x000000070be00000|  0%| F|  |TAMS 0x000000070bd00000, 0x000000070bd00000| Untracked 
| 158|0x000000070be00000, 0x000000070be00000, 0x000000070bf00000|  0%| F|  |TAMS 0x000000070be00000, 0x000000070be00000| Untracked 
| 159|0x000000070bf00000, 0x000000070bf00000, 0x000000070c000000|  0%| F|  |TAMS 0x000000070bf00000, 0x000000070bf00000| Untracked 
| 160|0x000000070c000000, 0x000000070c000000, 0x000000070c100000|  0%| F|  |TAMS 0x000000070c000000, 0x000000070c000000| Untracked 
| 161|0x000000070c100000, 0x000000070c100000, 0x000000070c200000|  0%| F|  |TAMS 0x000000070c100000, 0x000000070c100000| Untracked 
| 162|0x000000070c200000, 0x000000070c200000, 0x000000070c300000|  0%| F|  |TAMS 0x000000070c200000, 0x000000070c200000| Untracked 
| 163|0x000000070c300000, 0x000000070c300000, 0x000000070c400000|  0%| F|  |TAMS 0x000000070c300000, 0x000000070c300000| Untracked 
| 164|0x000000070c400000, 0x000000070c400000, 0x000000070c500000|  0%| F|  |TAMS 0x000000070c400000, 0x000000070c400000| Untracked 
| 165|0x000000070c500000, 0x000000070c500000, 0x000000070c600000|  0%| F|  |TAMS 0x000000070c500000, 0x000000070c500000| Untracked 
| 166|0x000000070c600000, 0x000000070c600000, 0x000000070c700000|  0%| F|  |TAMS 0x000000070c600000, 0x000000070c600000| Untracked 
| 167|0x000000070c700000, 0x000000070c700000, 0x000000070c800000|  0%| F|  |TAMS 0x000000070c700000, 0x000000070c700000| Untracked 
| 168|0x000000070c800000, 0x000000070c800000, 0x000000070c900000|  0%| F|  |TAMS 0x000000070c800000, 0x000000070c800000| Untracked 
| 169|0x000000070c900000, 0x000000070c900000, 0x000000070ca00000|  0%| F|  |TAMS 0x000000070c900000, 0x000000070c900000| Untracked 
| 170|0x000000070ca00000, 0x000000070ca00000, 0x000000070cb00000|  0%| F|  |TAMS 0x000000070ca00000, 0x000000070ca00000| Untracked 
| 171|0x000000070cb00000, 0x000000070cb00000, 0x000000070cc00000|  0%| F|  |TAMS 0x000000070cb00000, 0x000000070cb00000| Untracked 
| 172|0x000000070cc00000, 0x000000070cc00000, 0x000000070cd00000|  0%| F|  |TAMS 0x000000070cc00000, 0x000000070cc00000| Untracked 
| 173|0x000000070cd00000, 0x000000070cd00000, 0x000000070ce00000|  0%| F|  |TAMS 0x000000070cd00000, 0x000000070cd00000| Untracked 
| 174|0x000000070ce00000, 0x000000070ce00000, 0x000000070cf00000|  0%| F|  |TAMS 0x000000070ce00000, 0x000000070ce00000| Untracked 
| 175|0x000000070cf00000, 0x000000070cf00000, 0x000000070d000000|  0%| F|  |TAMS 0x000000070cf00000, 0x000000070cf00000| Untracked 
| 176|0x000000070d000000, 0x000000070d000000, 0x000000070d100000|  0%| F|  |TAMS 0x000000070d000000, 0x000000070d000000| Untracked 
| 177|0x000000070d100000, 0x000000070d100000, 0x000000070d200000|  0%| F|  |TAMS 0x000000070d100000, 0x000000070d100000| Untracked 
| 178|0x000000070d200000, 0x000000070d200000, 0x000000070d300000|  0%| F|  |TAMS 0x000000070d200000, 0x000000070d200000| Untracked 
| 179|0x000000070d300000, 0x000000070d300000, 0x000000070d400000|  0%| F|  |TAMS 0x000000070d300000, 0x000000070d300000| Untracked 
| 180|0x000000070d400000, 0x000000070d400000, 0x000000070d500000|  0%| F|  |TAMS 0x000000070d400000, 0x000000070d400000| Untracked 
| 181|0x000000070d500000, 0x000000070d500000, 0x000000070d600000|  0%| F|  |TAMS 0x000000070d500000, 0x000000070d500000| Untracked 
| 182|0x000000070d600000, 0x000000070d600000, 0x000000070d700000|  0%| F|  |TAMS 0x000000070d600000, 0x000000070d600000| Untracked 
| 183|0x000000070d700000, 0x000000070d700000, 0x000000070d800000|  0%| F|  |TAMS 0x000000070d700000, 0x000000070d700000| Untracked 
| 184|0x000000070d800000, 0x000000070d800000, 0x000000070d900000|  0%| F|  |TAMS 0x000000070d800000, 0x000000070d800000| Untracked 
| 185|0x000000070d900000, 0x000000070d900000, 0x000000070da00000|  0%| F|  |TAMS 0x000000070d900000, 0x000000070d900000| Untracked 
| 186|0x000000070da00000, 0x000000070da00000, 0x000000070db00000|  0%| F|  |TAMS 0x000000070da00000, 0x000000070da00000| Untracked 
| 187|0x000000070db00000, 0x000000070db00000, 0x000000070dc00000|  0%| F|  |TAMS 0x000000070db00000, 0x000000070db00000| Untracked 
| 188|0x000000070dc00000, 0x000000070dc00000, 0x000000070dd00000|  0%| F|  |TAMS 0x000000070dc00000, 0x000000070dc00000| Untracked 
| 189|0x000000070dd00000, 0x000000070dd00000, 0x000000070de00000|  0%| F|  |TAMS 0x000000070dd00000, 0x000000070dd00000| Untracked 
| 190|0x000000070de00000, 0x000000070de00000, 0x000000070df00000|  0%| F|  |TAMS 0x000000070de00000, 0x000000070de00000| Untracked 
| 191|0x000000070df00000, 0x000000070df00000, 0x000000070e000000|  0%| F|  |TAMS 0x000000070df00000, 0x000000070df00000| Untracked 
| 192|0x000000070e000000, 0x000000070e000000, 0x000000070e100000|  0%| F|  |TAMS 0x000000070e000000, 0x000000070e000000| Untracked 
| 193|0x000000070e100000, 0x000000070e100000, 0x000000070e200000|  0%| F|  |TAMS 0x000000070e100000, 0x000000070e100000| Untracked 
| 194|0x000000070e200000, 0x000000070e200000, 0x000000070e300000|  0%| F|  |TAMS 0x000000070e200000, 0x000000070e200000| Untracked 
| 195|0x000000070e300000, 0x000000070e300000, 0x000000070e400000|  0%| F|  |TAMS 0x000000070e300000, 0x000000070e300000| Untracked 
| 196|0x000000070e400000, 0x000000070e400000, 0x000000070e500000|  0%| F|  |TAMS 0x000000070e400000, 0x000000070e400000| Untracked 
| 197|0x000000070e500000, 0x000000070e500000, 0x000000070e600000|  0%| F|  |TAMS 0x000000070e500000, 0x000000070e500000| Untracked 
| 198|0x000000070e600000, 0x000000070e600000, 0x000000070e700000|  0%| F|  |TAMS 0x000000070e600000, 0x000000070e600000| Untracked 
| 199|0x000000070e700000, 0x000000070e700000, 0x000000070e800000|  0%| F|  |TAMS 0x000000070e700000, 0x000000070e700000| Untracked 
| 200|0x000000070e800000, 0x000000070e800000, 0x000000070e900000|  0%| F|  |TAMS 0x000000070e800000, 0x000000070e800000| Untracked 
| 201|0x000000070e900000, 0x000000070e900000, 0x000000070ea00000|  0%| F|  |TAMS 0x000000070e900000, 0x000000070e900000| Untracked 
| 202|0x000000070ea00000, 0x000000070ea00000, 0x000000070eb00000|  0%| F|  |TAMS 0x000000070ea00000, 0x000000070ea00000| Untracked 
| 203|0x000000070eb00000, 0x000000070eb00000, 0x000000070ec00000|  0%| F|  |TAMS 0x000000070eb00000, 0x000000070eb00000| Untracked 
| 204|0x000000070ec00000, 0x000000070ec00000, 0x000000070ed00000|  0%| F|  |TAMS 0x000000070ec00000, 0x000000070ec00000| Untracked 
| 205|0x000000070ed00000, 0x000000070ed00000, 0x000000070ee00000|  0%| F|  |TAMS 0x000000070ed00000, 0x000000070ed00000| Untracked 
| 206|0x000000070ee00000, 0x000000070ee00000, 0x000000070ef00000|  0%| F|  |TAMS 0x000000070ee00000, 0x000000070ee00000| Untracked 
| 207|0x000000070ef00000, 0x000000070ef00000, 0x000000070f000000|  0%| F|  |TAMS 0x000000070ef00000, 0x000000070ef00000| Untracked 
| 208|0x000000070f000000, 0x000000070f000000, 0x000000070f100000|  0%| F|  |TAMS 0x000000070f000000, 0x000000070f000000| Untracked 
| 209|0x000000070f100000, 0x000000070f100000, 0x000000070f200000|  0%| F|  |TAMS 0x000000070f100000, 0x000000070f100000| Untracked 
| 210|0x000000070f200000, 0x000000070f200000, 0x000000070f300000|  0%| F|  |TAMS 0x000000070f200000, 0x000000070f200000| Untracked 
| 211|0x000000070f300000, 0x000000070f300000, 0x000000070f400000|  0%| F|  |TAMS 0x000000070f300000, 0x000000070f300000| Untracked 
| 212|0x000000070f400000, 0x000000070f400000, 0x000000070f500000|  0%| F|  |TAMS 0x000000070f400000, 0x000000070f400000| Untracked 
| 213|0x000000070f500000, 0x000000070f500000, 0x000000070f600000|  0%| F|  |TAMS 0x000000070f500000, 0x000000070f500000| Untracked 
| 214|0x000000070f600000, 0x000000070f600000, 0x000000070f700000|  0%| F|  |TAMS 0x000000070f600000, 0x000000070f600000| Untracked 
| 215|0x000000070f700000, 0x000000070f700000, 0x000000070f800000|  0%| F|  |TAMS 0x000000070f700000, 0x000000070f700000| Untracked 
| 216|0x000000070f800000, 0x000000070f800000, 0x000000070f900000|  0%| F|  |TAMS 0x000000070f800000, 0x000000070f800000| Untracked 
| 217|0x000000070f900000, 0x000000070f900000, 0x000000070fa00000|  0%| F|  |TAMS 0x000000070f900000, 0x000000070f900000| Untracked 
| 218|0x000000070fa00000, 0x000000070fa00000, 0x000000070fb00000|  0%| F|  |TAMS 0x000000070fa00000, 0x000000070fa00000| Untracked 
| 219|0x000000070fb00000, 0x000000070fb00000, 0x000000070fc00000|  0%| F|  |TAMS 0x000000070fb00000, 0x000000070fb00000| Untracked 
| 220|0x000000070fc00000, 0x000000070fc00000, 0x000000070fd00000|  0%| F|  |TAMS 0x000000070fc00000, 0x000000070fc00000| Untracked 
| 221|0x000000070fd00000, 0x000000070fd00000, 0x000000070fe00000|  0%| F|  |TAMS 0x000000070fd00000, 0x000000070fd00000| Untracked 
| 222|0x000000070fe00000, 0x000000070fe00000, 0x000000070ff00000|  0%| F|  |TAMS 0x000000070fe00000, 0x000000070fe00000| Untracked 
| 223|0x000000070ff00000, 0x000000070ff00000, 0x0000000710000000|  0%| F|  |TAMS 0x000000070ff00000, 0x000000070ff00000| Untracked 
| 224|0x0000000710000000, 0x0000000710000000, 0x0000000710100000|  0%| F|  |TAMS 0x0000000710000000, 0x0000000710000000| Untracked 
| 225|0x0000000710100000, 0x0000000710100000, 0x0000000710200000|  0%| F|  |TAMS 0x0000000710100000, 0x0000000710100000| Untracked 
| 226|0x0000000710200000, 0x0000000710200000, 0x0000000710300000|  0%| F|  |TAMS 0x0000000710200000, 0x0000000710200000| Untracked 
| 227|0x0000000710300000, 0x0000000710300000, 0x0000000710400000|  0%| F|  |TAMS 0x0000000710300000, 0x0000000710300000| Untracked 
| 228|0x0000000710400000, 0x0000000710400000, 0x0000000710500000|  0%| F|  |TAMS 0x0000000710400000, 0x0000000710400000| Untracked 
| 229|0x0000000710500000, 0x0000000710500000, 0x0000000710600000|  0%| F|  |TAMS 0x0000000710500000, 0x0000000710500000| Untracked 
| 230|0x0000000710600000, 0x0000000710600000, 0x0000000710700000|  0%| F|  |TAMS 0x0000000710600000, 0x0000000710600000| Untracked 
| 231|0x0000000710700000, 0x0000000710700000, 0x0000000710800000|  0%| F|  |TAMS 0x0000000710700000, 0x0000000710700000| Untracked 
| 232|0x0000000710800000, 0x0000000710800000, 0x0000000710900000|  0%| F|  |TAMS 0x0000000710800000, 0x0000000710800000| Untracked 
| 233|0x0000000710900000, 0x0000000710900000, 0x0000000710a00000|  0%| F|  |TAMS 0x0000000710900000, 0x0000000710900000| Untracked 
| 234|0x0000000710a00000, 0x0000000710a00000, 0x0000000710b00000|  0%| F|  |TAMS 0x0000000710a00000, 0x0000000710a00000| Untracked 
| 235|0x0000000710b00000, 0x0000000710b00000, 0x0000000710c00000|  0%| F|  |TAMS 0x0000000710b00000, 0x0000000710b00000| Untracked 
| 236|0x0000000710c00000, 0x0000000710c00000, 0x0000000710d00000|  0%| F|  |TAMS 0x0000000710c00000, 0x0000000710c00000| Untracked 
| 237|0x0000000710d00000, 0x0000000710d00000, 0x0000000710e00000|  0%| F|  |TAMS 0x0000000710d00000, 0x0000000710d00000| Untracked 
| 238|0x0000000710e00000, 0x0000000710e00000, 0x0000000710f00000|  0%| F|  |TAMS 0x0000000710e00000, 0x0000000710e00000| Untracked 
| 239|0x0000000710f00000, 0x0000000710f9a2c0, 0x0000000711000000| 60%| S|CS|TAMS 0x0000000710f00000, 0x0000000710f00000| Complete 
| 240|0x0000000711000000, 0x0000000711100000, 0x0000000711100000|100%| S|CS|TAMS 0x0000000711000000, 0x0000000711000000| Complete 
| 241|0x0000000711100000, 0x0000000711100000, 0x0000000711200000|  0%| F|  |TAMS 0x0000000711100000, 0x0000000711100000| Untracked 
| 242|0x0000000711200000, 0x0000000711200000, 0x0000000711300000|  0%| F|  |TAMS 0x0000000711200000, 0x0000000711200000| Untracked 
| 243|0x0000000711300000, 0x0000000711300000, 0x0000000711400000|  0%| F|  |TAMS 0x0000000711300000, 0x0000000711300000| Untracked 
| 244|0x0000000711400000, 0x0000000711400000, 0x0000000711500000|  0%| F|  |TAMS 0x0000000711400000, 0x0000000711400000| Untracked 
| 245|0x0000000711500000, 0x0000000711500000, 0x0000000711600000|  0%| F|  |TAMS 0x0000000711500000, 0x0000000711500000| Untracked 
| 246|0x0000000711600000, 0x0000000711600000, 0x0000000711700000|  0%| F|  |TAMS 0x0000000711600000, 0x0000000711600000| Untracked 
| 247|0x0000000711700000, 0x0000000711700000, 0x0000000711800000|  0%| F|  |TAMS 0x0000000711700000, 0x0000000711700000| Untracked 
| 248|0x0000000711800000, 0x00000007118ac8c0, 0x0000000711900000| 67%| E|  |TAMS 0x0000000711800000, 0x0000000711800000| Complete 
| 249|0x0000000711900000, 0x0000000711a00000, 0x0000000711a00000|100%| E|CS|TAMS 0x0000000711900000, 0x0000000711900000| Complete 
| 250|0x0000000711a00000, 0x0000000711b00000, 0x0000000711b00000|100%| E|CS|TAMS 0x0000000711a00000, 0x0000000711a00000| Complete 
| 251|0x0000000711b00000, 0x0000000711c00000, 0x0000000711c00000|100%| E|CS|TAMS 0x0000000711b00000, 0x0000000711b00000| Complete 
| 252|0x0000000711c00000, 0x0000000711d00000, 0x0000000711d00000|100%| E|CS|TAMS 0x0000000711c00000, 0x0000000711c00000| Complete 
| 253|0x0000000711d00000, 0x0000000711e00000, 0x0000000711e00000|100%| E|CS|TAMS 0x0000000711d00000, 0x0000000711d00000| Complete 

Card table byte_map: [0x0000022b511a0000,0x0000022b51990000] _byte_map_base: 0x0000022b4d990000

Marking Bits (Prev, Next): (CMBitMap*) 0x0000022b392678e8, (CMBitMap*) 0x0000022b39267928
 Prev Bits: [0x0000022b52180000, 0x0000022b56100000)
 Next Bits: [0x0000022b56100000, 0x0000022b5a080000)

Polling page: 0x0000022b371c0000

Metaspace:

Usage:
  Non-class:      7.95 MB capacity,     5.29 MB ( 67%) used,     2.65 MB ( 33%) free+waste,     8.94 KB ( <1%) overhead. 
      Class:    601.00 KB capacity,   281.72 KB ( 47%) used,   315.59 KB ( 53%) free+waste,     3.69 KB ( <1%) overhead. 
       Both:      8.54 MB capacity,     5.57 MB ( 65%) used,     2.96 MB ( 35%) free+waste,    12.63 KB ( <1%) overhead. 

Virtual space:
  Non-class space:       10.00 MB reserved,       8.25 MB ( 83%) committed 
      Class space:        1.00 GB reserved,     640.00 KB ( <1%) committed 
             Both:        1.01 GB reserved,       8.88 MB ( <1%) committed 

Chunk freelists:
   Non-Class:  112.00 KB
       Class:  7.00 KB
        Both:  119.00 KB

MaxMetaspaceSize: 17179869184.00 GB
CompressedClassSpaceSize: 1.00 GB

CodeHeap 'non-profiled nmethods': size=120000Kb used=220Kb max_used=220Kb free=119779Kb
 bounds [0x0000022b49480000, 0x0000022b496f0000, 0x0000022b509b0000]
CodeHeap 'profiled nmethods': size=120000Kb used=1244Kb max_used=1244Kb free=118755Kb
 bounds [0x0000022b41f50000, 0x0000022b421c0000, 0x0000022b49480000]
CodeHeap 'non-nmethods': size=5760Kb used=1598Kb max_used=1612Kb free=4161Kb
 bounds [0x0000022b419b0000, 0x0000022b41c20000, 0x0000022b41f50000]
 total_blobs=1711 nmethods=728 adapters=896
 compilation: enabled
              stopped_count=0, restarted_count=0
 full_count=0

Compilation events (20 events):
Event: 1.128 Thread 0x0000022b5c5aa800  719       3       jdk.internal.misc.Unsafe::checkSize (32 bytes)
Event: 1.128 Thread 0x0000022b5c5aa800 nmethod 719 0x0000022b42081910 code [0x0000022b42081ac0, 0x0000022b42081d68]
Event: 1.128 Thread 0x0000022b5c5aa800  720       3       sun.nio.ch.FileChannelImpl::ensureOpen (16 bytes)
Event: 1.129 Thread 0x0000022b5c5aa800 nmethod 720 0x0000022b42081e90 code [0x0000022b42082040, 0x0000022b420822c8]
Event: 1.129 Thread 0x0000022b5c5aa800  721   !   3       sun.nio.ch.NativeThreadSet::add (155 bytes)
Event: 1.129 Thread 0x0000022b5c5aa800 nmethod 721 0x0000022b42082410 code [0x0000022b420825e0, 0x0000022b42082d08]
Event: 1.129 Thread 0x0000022b5c5aa800  722   !   3       sun.nio.ch.NativeThreadSet::remove (50 bytes)
Event: 1.129 Thread 0x0000022b5c5aa800 nmethod 722 0x0000022b42082f90 code [0x0000022b42083140, 0x0000022b42083508]
Event: 1.129 Thread 0x0000022b5c5aa800  723       3       sun.nio.ch.FileChannelImpl::beginBlocking (12 bytes)
Event: 1.129 Thread 0x0000022b5c5aa800 nmethod 723 0x0000022b42083690 code [0x0000022b42083840, 0x0000022b420839c8]
Event: 1.129 Thread 0x0000022b5c5aa800  724       3       sun.nio.ch.FileChannelImpl::endBlocking (13 bytes)
Event: 1.130 Thread 0x0000022b5c5aa800 nmethod 724 0x0000022b42083a90 code [0x0000022b42083c40, 0x0000022b42083dc8]
Event: 1.130 Thread 0x0000022b5c5aa800  725       3       sun.nio.ch.Util::getTemporaryDirectBuffer (55 bytes)
Event: 1.130 Thread 0x0000022b5c5aa800 nmethod 725 0x0000022b42083e90 code [0x0000022b420840e0, 0x0000022b42084b48]
Event: 1.295 Thread 0x0000022b5c5aa800  726       3       java.lang.StringBuilder::append (10 bytes)
Event: 1.295 Thread 0x0000022b5c5aa800 nmethod 726 0x0000022b42084e10 code [0x0000022b42084fc0, 0x0000022b42085128]
Event: 1.295 Thread 0x0000022b5c5aa800  727       3       java.lang.AbstractStringBuilder::append (63 bytes)
Event: 1.296 Thread 0x0000022b5c5aa800 nmethod 727 0x0000022b42085210 code [0x0000022b42085400, 0x0000022b420859a8]
Event: 1.296 Thread 0x0000022b5c5aa800  728       3       java.lang.AbstractStringBuilder::appendChars (207 bytes)
Event: 1.296 Thread 0x0000022b5c5aa800 nmethod 728 0x0000022b42085b10 code [0x0000022b42085dc0, 0x0000022b42086d68]

GC Heap History (2 events):
Event: 0.898 GC heap before
{Heap before GC invocations=0 (full 0):
 garbage-first heap   total 260096K, used 12288K [0x0000000702000000, 0x0000000800000000)
  region size 1024K, 13 young (13312K), 0 survivors (0K)
 Metaspace       used 4091K, capacity 7198K, committed 7552K, reserved 1056768K
  class space    used 224K, capacity 533K, committed 640K, reserved 1048576K
}
Event: 0.905 GC heap after
{Heap after GC invocations=1 (full 0):
 garbage-first heap   total 260096K, used 1640K [0x0000000702000000, 0x0000000800000000)
  region size 1024K, 2 young (2048K), 2 survivors (2048K)
 Metaspace       used 4091K, capacity 7198K, committed 7552K, reserved 1056768K
  class space    used 224K, capacity 533K, committed 640K, reserved 1048576K
}

Deoptimization events (20 events):
Event: 0.078 Thread 0x0000022b391fa800 Uncommon trap: trap_request=0xffffff45 fr.pc=0x0000022b494848ac relative=0x000000000000024c
Event: 0.078 Thread 0x0000022b391fa800 Uncommon trap: reason=unstable_if action=reinterpret pc=0x0000022b494848ac method=java.lang.String.hashCode()I @ 13 c2
Event: 0.079 Thread 0x0000022b391fa800 DEOPT PACKING pc=0x0000022b494848ac sp=0x0000007835dfe0b0
Event: 0.079 Thread 0x0000022b391fa800 DEOPT UNPACKING pc=0x0000022b419f912f sp=0x0000007835dfe040 mode 2
Event: 0.135 Thread 0x0000022b391fa800 DEOPT PACKING pc=0x0000022b41f8d332 sp=0x0000007835dfdff0
Event: 0.135 Thread 0x0000022b391fa800 DEOPT UNPACKING pc=0x0000022b419f964e sp=0x0000007835dfd458 mode 0
Event: 0.143 Thread 0x0000022b391fa800 DEOPT PACKING pc=0x0000022b41f8abf4 sp=0x0000007835dfc1b0
Event: 0.143 Thread 0x0000022b391fa800 DEOPT UNPACKING pc=0x0000022b419f964e sp=0x0000007835dfb608 mode 0
Event: 0.144 Thread 0x0000022b391fa800 DEOPT PACKING pc=0x0000022b41f78050 sp=0x0000007835dfa590
Event: 0.144 Thread 0x0000022b391fa800 DEOPT UNPACKING pc=0x0000022b419f964e sp=0x0000007835df9a18 mode 0
Event: 0.146 Thread 0x0000022b391fa800 DEOPT PACKING pc=0x0000022b41f78050 sp=0x0000007835dfc400
Event: 0.146 Thread 0x0000022b391fa800 DEOPT UNPACKING pc=0x0000022b419f964e sp=0x0000007835dfb888 mode 0
Event: 0.771 Thread 0x0000022b391fa800 Uncommon trap: trap_request=0xffffff54 fr.pc=0x0000022b494abf90 relative=0x0000000000000070
Event: 0.771 Thread 0x0000022b391fa800 Uncommon trap: reason=speculate_null_assert action=make_not_entrant pc=0x0000022b494abf90 method=sun.misc.Unsafe.putLong(Ljava/lang/Object;JJ)V @ 7 c2
Event: 0.771 Thread 0x0000022b391fa800 DEOPT PACKING pc=0x0000022b494abf90 sp=0x0000007835dfee40
Event: 0.771 Thread 0x0000022b391fa800 DEOPT UNPACKING pc=0x0000022b419f912f sp=0x0000007835dfedb8 mode 2
Event: 1.123 Thread 0x0000022b391fa800 Uncommon trap: trap_request=0xffffffde fr.pc=0x0000022b494b667c relative=0x00000000000004dc
Event: 1.123 Thread 0x0000022b391fa800 Uncommon trap: reason=class_check action=maybe_recompile pc=0x0000022b494b667c method=java.util.HashMap.getNode(ILjava/lang/Object;)Ljava/util/HashMap$Node; @ 126 c2
Event: 1.123 Thread 0x0000022b391fa800 DEOPT PACKING pc=0x0000022b494b667c sp=0x0000007835dfd050
Event: 1.123 Thread 0x0000022b391fa800 DEOPT UNPACKING pc=0x0000022b419f912f sp=0x0000007835dfcf68 mode 2

Classes unloaded (0 events):
No events

Classes redefined (0 events):
No events

Internal exceptions (19 events):
Event: 0.182 Thread 0x0000022b391fa800 Exception <a 'java/lang/NoSuchMethodError'{0x0000000711afaab0}: 'void java.lang.invoke.DelegatingMethodHandle$Holder.delegate(java.lang.Object, java.lang.Object, int, java.lang.Object)'> (0x0000000711afaab0) 
thrown [./open/src/hotspot/share/interpreter/linkResolver.cpp, line 766]
Event: 0.184 Thread 0x0000022b391fa800 Exception <a 'java/lang/NoSuchMethodError'{0x0000000711901e80}: 'java.lang.Object java.lang.invoke.DirectMethodHandle$Holder.invokeStaticInit(java.lang.Object, java.lang.Object, java.lang.Object)'> (0x0000000711901e80) 
thrown [./open/src/hotspot/share/interpreter/linkResolver.cpp, line 766]
Event: 0.216 Thread 0x0000022b391fa800 Exception <a 'sun/nio/fs/WindowsException'{0x0000000711972618}> (0x0000000711972618) 
thrown [./open/src/hotspot/share/prims/jni.cpp, line 599]
Event: 0.216 Thread 0x0000022b391fa800 Exception <a 'sun/nio/fs/WindowsException'{0x0000000711972b68}> (0x0000000711972b68) 
thrown [./open/src/hotspot/share/prims/jni.cpp, line 599]
Event: 0.251 Thread 0x0000022b391fa800 Exception <a 'sun/nio/fs/WindowsException'{0x00000007118f6d00}> (0x00000007118f6d00) 
thrown [./open/src/hotspot/share/prims/jni.cpp, line 599]
Event: 0.251 Thread 0x0000022b391fa800 Exception <a 'sun/nio/fs/WindowsException'{0x00000007118f7060}> (0x00000007118f7060) 
thrown [./open/src/hotspot/share/prims/jni.cpp, line 599]
Event: 0.628 Thread 0x0000022b391fa800 Exception <a 'java/lang/NoSuchMethodError'{0x00000007117846d0}: 'void java.lang.invoke.DirectMethodHandle$Holder.invokeStaticInit(java.lang.Object, long, double, double)'> (0x00000007117846d0) 
thrown [./open/src/hotspot/share/interpreter/linkResolver.cpp, line 766]
Event: 0.631 Thread 0x0000022b391fa800 Exception <a 'java/lang/NoSuchMethodError'{0x0000000711799a48}: 'void java.lang.invoke.DirectMethodHandle$Holder.invokeStaticInit(java.lang.Object, long, int, int, int)'> (0x0000000711799a48) 
thrown [./open/src/hotspot/share/interpreter/linkResolver.cpp, line 766]
Event: 0.635 Thread 0x0000022b391fa800 Exception <a 'java/lang/NoSuchMethodError'{0x00000007117be670}: 'void java.lang.invoke.DirectMethodHandle$Holder.invokeStaticInit(java.lang.Object, long, int, int, int, int)'> (0x00000007117be670) 
thrown [./open/src/hotspot/share/interpreter/linkResolver.cpp, line 766]
Event: 0.691 Thread 0x0000022b391fa800 Exception <a 'sun/nio/fs/WindowsException'{0x00000007116196c8}> (0x00000007116196c8) 
thrown [./open/src/hotspot/share/prims/jni.cpp, line 599]
Event: 0.691 Thread 0x0000022b391fa800 Exception <a 'sun/nio/fs/WindowsException'{0x0000000711619a68}> (0x0000000711619a68) 
thrown [./open/src/hotspot/share/prims/jni.cpp, line 599]
Event: 0.697 Thread 0x0000022b391fa800 Exception <a 'sun/nio/fs/WindowsException'{0x000000071163b090}> (0x000000071163b090) 
thrown [./open/src/hotspot/share/prims/jni.cpp, line 599]
Event: 0.697 Thread 0x0000022b391fa800 Exception <a 'sun/nio/fs/WindowsException'{0x000000071163b360}> (0x000000071163b360) 
thrown [./open/src/hotspot/share/prims/jni.cpp, line 599]
Event: 1.122 Thread 0x0000022b391fa800 Exception <a 'sun/nio/fs/WindowsException'{0x000000071188d078}> (0x000000071188d078) 
thrown [./open/src/hotspot/share/prims/jni.cpp, line 599]
Event: 1.122 Thread 0x0000022b391fa800 Exception <a 'sun/nio/fs/WindowsException'{0x000000071188d358}> (0x000000071188d358) 
thrown [./open/src/hotspot/share/prims/jni.cpp, line 599]
Event: 1.122 Thread 0x0000022b391fa800 Exception <a 'sun/nio/fs/WindowsException'{0x000000071188e070}> (0x000000071188e070) 
thrown [./open/src/hotspot/share/prims/jni.cpp, line 599]
Event: 1.123 Thread 0x0000022b391fa800 Exception <a 'sun/nio/fs/WindowsException'{0x00000007118956e8}> (0x00000007118956e8) 
thrown [./open/src/hotspot/share/prims/jni.cpp, line 599]
Event: 1.289 Thread 0x0000022b391fa800 Exception <a 'sun/nio/fs/WindowsException'{0x0000000711898548}> (0x0000000711898548) 
thrown [./open/src/hotspot/share/prims/jni.cpp, line 599]
Event: 1.290 Thread 0x0000022b391fa800 Exception <a 'sun/nio/fs/WindowsException'{0x00000007118988c8}> (0x00000007118988c8) 
thrown [./open/src/hotspot/share/prims/jni.cpp, line 599]

Events (20 events):
Event: 0.910 Executing VM operation: HandshakeOneThread
Event: 0.910 Executing VM operation: HandshakeOneThread done
Event: 0.910 Executing VM operation: HandshakeOneThread
Event: 0.910 Executing VM operation: HandshakeOneThread done
Event: 0.910 Executing VM operation: HandshakeOneThread
Event: 0.910 Executing VM operation: HandshakeOneThread done
Event: 0.910 Executing VM operation: HandshakeOneThread
Event: 0.910 Executing VM operation: HandshakeOneThread done
Event: 0.971 loading class jdk/internal/reflect/UnsafeQualifiedLongFieldAccessorImpl
Event: 0.971 loading class jdk/internal/reflect/UnsafeQualifiedFieldAccessorImpl
Event: 0.971 loading class jdk/internal/reflect/UnsafeQualifiedFieldAccessorImpl done
Event: 0.971 loading class jdk/internal/reflect/UnsafeQualifiedLongFieldAccessorImpl done
Event: 0.986 Loaded shared library C:\Java\jdk-14.0.2\bin\verify.dll
Event: 1.010 loading class java/util/regex/Pattern$GroupCurly
Event: 1.010 loading class java/util/regex/Pattern$GroupCurly done
Event: 1.122 loading class java/nio/file/FileAlreadyExistsException
Event: 1.122 loading class java/nio/file/FileAlreadyExistsException done
Event: 1.123 loading class java/nio/file/StandardCopyOption
Event: 1.123 loading class java/nio/file/StandardCopyOption done
Event: 1.295 Loaded shared library C:\Users\Alex\AppData\Local\Temp\lwjglAlex\3.2.3-build-13\lwjgl_stb.dll


Dynamic libraries:
0x00007ff628800000 - 0x00007ff62880f000 	C:\Java\jdk-14.0.2\bin\java.exe
0x00007ffe4a8b0000 - 0x00007ffe4aaa6000 	C:\WINDOWS\SYSTEM32\ntdll.dll
0x00007ffe4a270000 - 0x00007ffe4a32d000 	C:\WINDOWS\System32\KERNEL32.DLL
0x00007ffe48150000 - 0x00007ffe48418000 	C:\WINDOWS\System32\KERNELBASE.dll
0x00007ffe48810000 - 0x00007ffe48910000 	C:\WINDOWS\System32\ucrtbase.dll
0x00007ffe3ebd0000 - 0x00007ffe3ebe5000 	C:\Java\jdk-14.0.2\bin\VCRUNTIME140.dll
0x00007ffe3aec0000 - 0x00007ffe3aed8000 	C:\Java\jdk-14.0.2\bin\jli.dll
0x00007ffe4a330000 - 0x00007ffe4a3dc000 	C:\WINDOWS\System32\ADVAPI32.dll
0x00007ffe49650000 - 0x00007ffe496ee000 	C:\WINDOWS\System32\msvcrt.dll
0x00007ffe4a1d0000 - 0x00007ffe4a26b000 	C:\WINDOWS\System32\sechost.dll
0x00007ffe499a0000 - 0x00007ffe49ac4000 	C:\WINDOWS\System32\RPCRT4.dll
0x00007ffe48970000 - 0x00007ffe48b10000 	C:\WINDOWS\System32\USER32.dll
0x00007ffe48020000 - 0x00007ffe48042000 	C:\WINDOWS\System32\win32u.dll
0x00007ffe3c4c0000 - 0x00007ffe3c75b000 	C:\WINDOWS\WinSxS\amd64_microsoft.windows.common-controls_6595b64144ccf1df_6.0.19041.488_none_ca04af081b815d21\COMCTL32.dll
0x00007ffe498d0000 - 0x00007ffe498fa000 	C:\WINDOWS\System32\GDI32.dll
0x00007ffe48420000 - 0x00007ffe48529000 	C:\WINDOWS\System32\gdi32full.dll
0x00007ffe480b0000 - 0x00007ffe4814d000 	C:\WINDOWS\System32\msvcp_win.dll
0x00007ffe40520000 - 0x00007ffe4052a000 	C:\WINDOWS\SYSTEM32\VERSION.dll
0x00007ffe49420000 - 0x00007ffe49450000 	C:\WINDOWS\System32\IMM32.DLL
0x00007ffe20330000 - 0x00007ffe203cb000 	C:\Java\jdk-14.0.2\bin\msvcp140.dll
0x00007ffded090000 - 0x00007ffdedbae000 	C:\Java\jdk-14.0.2\bin\server\jvm.dll
0x00007ffe49640000 - 0x00007ffe49648000 	C:\WINDOWS\System32\PSAPI.DLL
0x00007ffe2fb80000 - 0x00007ffe2fb89000 	C:\WINDOWS\SYSTEM32\WSOCK32.dll
0x00007ffe496f0000 - 0x00007ffe4975b000 	C:\WINDOWS\System32\WS2_32.dll
0x00007ffe3bb40000 - 0x00007ffe3bb67000 	C:\WINDOWS\SYSTEM32\WINMM.dll
0x00007ffe46880000 - 0x00007ffe46892000 	C:\WINDOWS\SYSTEM32\kernel.appcore.dll
0x00007ffe42770000 - 0x00007ffe4277a000 	C:\Java\jdk-14.0.2\bin\jimage.dll
0x00007ffe45c30000 - 0x00007ffe45e14000 	C:\WINDOWS\SYSTEM32\DBGHELP.DLL
0x00007ffe2e620000 - 0x00007ffe2e64c000 	C:\WINDOWS\SYSTEM32\dbgcore.DLL
0x00007ffe48580000 - 0x00007ffe485ff000 	C:\WINDOWS\System32\bcryptPrimitives.dll
0x00007ffe3a110000 - 0x00007ffe3a135000 	C:\Java\jdk-14.0.2\bin\java.dll
0x00007ffe3a990000 - 0x00007ffe3a9a6000 	C:\Java\jdk-14.0.2\bin\zip.dll
0x00007ffe48cd0000 - 0x00007ffe49411000 	C:\WINDOWS\System32\SHELL32.dll
0x00007ffe460e0000 - 0x00007ffe46875000 	C:\WINDOWS\SYSTEM32\windows.storage.dll
0x00007ffe49ad0000 - 0x00007ffe49e25000 	C:\WINDOWS\System32\combase.dll
0x00007ffe47920000 - 0x00007ffe4794c000 	C:\WINDOWS\SYSTEM32\Wldp.dll
0x00007ffe48b70000 - 0x00007ffe48c1e000 	C:\WINDOWS\System32\SHCORE.dll
0x00007ffe4a040000 - 0x00007ffe4a095000 	C:\WINDOWS\System32\shlwapi.dll
0x00007ffe47f20000 - 0x00007ffe47f46000 	C:\WINDOWS\SYSTEM32\profapi.dll
0x00007ffe3a740000 - 0x00007ffe3a759000 	C:\Java\jdk-14.0.2\bin\net.dll
0x00007ffe405a0000 - 0x00007ffe406a0000 	C:\WINDOWS\SYSTEM32\WINHTTP.dll
0x00007ffe476b0000 - 0x00007ffe4771a000 	C:\WINDOWS\system32\mswsock.dll
0x00007ffe3a1a0000 - 0x00007ffe3a1b2000 	C:\Java\jdk-14.0.2\bin\nio.dll
0x00007ffe1df10000 - 0x00007ffe1df74000 	C:\Users\Alex\AppData\Local\Temp\lwjglAlex\3.2.3-build-13\lwjgl.dll
0x00007ffe1dea0000 - 0x00007ffe1df02000 	C:\Users\Alex\AppData\Local\Temp\lwjglAlex\3.2.3-build-13\glfw.dll
0x00007ffe454e0000 - 0x00007ffe4557e000 	C:\WINDOWS\system32\uxtheme.dll
0x00007ffe1ed90000 - 0x00007ffe1edd5000 	C:\WINDOWS\SYSTEM32\dinput8.dll
0x00007ffe3a1d0000 - 0x00007ffe3a1e1000 	C:\WINDOWS\SYSTEM32\xinput1_4.dll
0x00007ffe48530000 - 0x00007ffe4857e000 	C:\WINDOWS\System32\cfgmgr32.dll
0x00007ffe47da0000 - 0x00007ffe47dcc000 	C:\WINDOWS\SYSTEM32\DEVOBJ.dll
0x00007ffe458a0000 - 0x00007ffe458cf000 	C:\WINDOWS\SYSTEM32\dwmapi.dll
0x00007ffe3b830000 - 0x00007ffe3b982000 	C:\WINDOWS\SYSTEM32\inputhost.dll
0x00007ffe49450000 - 0x00007ffe4951d000 	C:\WINDOWS\System32\OLEAUT32.dll
0x00007ffe43ce0000 - 0x00007ffe43dd2000 	C:\WINDOWS\SYSTEM32\CoreMessaging.dll
0x00007ffe43a10000 - 0x00007ffe43b66000 	C:\WINDOWS\SYSTEM32\wintypes.dll
0x00007ffe45f70000 - 0x00007ffe46067000 	C:\WINDOWS\SYSTEM32\PROPSYS.dll
0x00007ffe44940000 - 0x00007ffe44c9e000 	C:\WINDOWS\SYSTEM32\CoreUIComponents.dll
0x00007ffe46cf0000 - 0x00007ffe46d23000 	C:\WINDOWS\SYSTEM32\ntmarta.dll
0x00007ffe49520000 - 0x00007ffe49635000 	C:\WINDOWS\System32\MSCTF.dll
0x00007ffe468a0000 - 0x00007ffe468ad000 	C:\WINDOWS\SYSTEM32\HID.DLL
0x00007ffe4a400000 - 0x00007ffe4a867000 	C:\WINDOWS\System32\SETUPAPI.DLL
0x00007ffe47ff0000 - 0x00007ffe48017000 	C:\WINDOWS\System32\bcrypt.dll
0x00007ffe48050000 - 0x00007ffe480b0000 	C:\WINDOWS\System32\WINTRUST.dll
0x00007ffe48600000 - 0x00007ffe4875d000 	C:\WINDOWS\System32\CRYPT32.dll
0x00007ffe47b70000 - 0x00007ffe47b82000 	C:\WINDOWS\SYSTEM32\MSASN1.dll
0x00007ffe2e080000 - 0x00007ffe2e1a5000 	C:\WINDOWS\SYSTEM32\opengl32.dll
0x00007ffe2d390000 - 0x00007ffe2d3bc000 	C:\WINDOWS\SYSTEM32\GLU32.dll
0x00007ffe48c20000 - 0x00007ffe48cc9000 	C:\WINDOWS\System32\clbcatq.dll
0x00007ffdec1d0000 - 0x00007ffded08f000 	C:\WINDOWS\System32\DriverStore\FileRepository\k127153.inf_amd64_3f3936d8dec668b8\ig9icd64.dll
0x00007ffe459d0000 - 0x00007ffe459e4000 	C:\WINDOWS\SYSTEM32\WTSAPI32.dll
0x00007ffe46900000 - 0x00007ffe469f3000 	C:\WINDOWS\SYSTEM32\dxgi.dll
0x00007ffe35ca0000 - 0x00007ffe35cdb000 	C:\WINDOWS\SYSTEM32\dxcore.dll
0x00007ffe31690000 - 0x00007ffe33425000 	C:\WINDOWS\System32\DriverStore\FileRepository\k127153.inf_amd64_3f3936d8dec668b8\igc64.dll
0x00007ffe47ac0000 - 0x00007ffe47b0b000 	C:\WINDOWS\SYSTEM32\powrprof.dll
0x00007ffe47aa0000 - 0x00007ffe47ab2000 	C:\WINDOWS\SYSTEM32\UMPDC.dll
0x00007ffe39b60000 - 0x00007ffe39c5c000 	C:\WINDOWS\SYSTEM32\textinputframework.dll
0x00007ffe39d70000 - 0x00007ffe39dd6000 	C:\WINDOWS\system32\Oleacc.dll
0x00007ffe16ae0000 - 0x00007ffe16b39000 	C:\Users\Alex\AppData\Local\Temp\lwjglAlex\3.2.3-build-13\lwjgl_opengl.dll
0x00007ffe3b300000 - 0x00007ffe3b310000 	C:\Java\jdk-14.0.2\bin\verify.dll
0x00007ffe16a60000 - 0x00007ffe16ad7000 	C:\Users\Alex\AppData\Local\Temp\lwjglAlex\3.2.3-build-13\lwjgl_stb.dll

dbghelp: loaded successfully - version: 4.0.5 - missing functions: none
symbol engine: initialized successfully - sym options: 0x614 - pdb path: .;C:\Java\jdk-14.0.2\bin;C:\WINDOWS\SYSTEM32;C:\WINDOWS\WinSxS\amd64_microsoft.windows.common-controls_6595b64144ccf1df_6.0.19041.488_none_ca04af081b815d21;C:\Java\jdk-14.0.2\bin\server;C:\Users\Alex\AppData\Local\Temp\lwjglAlex\3.2.3-build-13;C:\WINDOWS\System32\DriverStore\FileRepository\k127153.inf_amd64_3f3936d8dec668b8

VM Arguments:
jvm_args: -Dfile.encoding=windows-1252 -Duser.country=US -Duser.language=en -Duser.variant 
java_command: Main
java_class_path (initial): C:\iz_only_gaem\game\build\classes\java\main;C:\iz_only_gaem\game\build\resources\main;C:\Users\Alex\.gradle\caches\modules-2\files-2.1\org.lwjgl\lwjgl-assimp\3.2.3\f62aa07a20afbdd3097efc296c4841e0d29700eb\lwjgl-assimp-3.2.3.jar;C:\Users\Alex\.gradle\caches\modules-2\files-2.1\org.lwjgl\lwjgl-assimp\3.2.3\4e60aeb75f0343c4a9ede4ef8b6b32ca702a00a3\lwjgl-assimp-3.2.3-natives-windows.jar;C:\Users\Alex\.gradle\caches\modules-2\files-2.1\org.lwjgl\lwjgl-glfw\3.2.3\5e520d5c290c8b012545a8d34fa5db5ab051ea53\lwjgl-glfw-3.2.3.jar;C:\Users\Alex\.gradle\caches\modules-2\files-2.1\org.lwjgl\lwjgl-glfw\3.2.3\b4d8a3477cdc2edcf7a5f1e822926be846223f54\lwjgl-glfw-3.2.3-natives-windows.jar;C:\Users\Alex\.gradle\caches\modules-2\files-2.1\org.lwjgl\lwjgl-nfd\3.2.3\c44fee1043c022cf6614a28872d44cf114ca7737\lwjgl-nfd-3.2.3.jar;C:\Users\Alex\.gradle\caches\modules-2\files-2.1\org.lwjgl\lwjgl-nfd\3.2.3\32782f5f5c57769efb82af864e70b819c77bc891\lwjgl-nfd-3.2.3-natives-windows.jar;C:\Users\Alex\.gradle\caches\modules-2\files-2.1\org.lwjgl\lwjgl-openal\3.2.3\106742e805803ab9eab8e343f0fb31a3d263903c\lwjgl-openal-3.2.3.jar;C:\Users\Alex\.gradle\caches\modules-2\files-2.1\org.lwjgl\lwjgl-openal\3.2.3\ec898e8ce11b5886f4f532a1536283ef2817758d\lwjgl-openal-3.2.3-natives-windows.jar;C:\Users\Alex\.gradle\caches\modules-2\files-2.1\org.lwjgl\lwjgl-opengl\3.2.3\bdd534a323d0c8f54969b95e424b6ac8984f7d6e\lwjgl-opengl-3.2.3.jar;C:\Users\Alex\.gradle\caches\modules-2\files-2.1\org.lwjgl\lwjgl-opengl\3.2.3\e81cfc73ec8708e5e791ed770e4ec3edfc1bbab1\lwjgl-opengl-3.2.3-natives-windows.jar;C:\Users\Alex\.gradle\caches\modules-2\files-2.1\org.lwjgl\lwjgl-stb\3.2.3\40eccaa4fa86fc815f2e17946a392fb5fdcc286a\lwjgl-stb-3.2.3.jar;C:\Users\Alex\.gradle\caches\modules-2\files-2.1\org.lwjgl\lwjgl-stb\3.2.3\817b21ec286f0ba3dcedb56a3bd275e6a9345be9\lwjgl-stb-3.2.3-natives-windows.jar;C:\Users\Alex\.gradle\caches\modules-2\files-2.1\org.lwjgl\lwjgl\3.2.3\17a59ba0fe8d474ec9dbe0d5db40d2cfe59c4c08\lwjg
Launcher Type: SUN_STANDARD

[Global flags]
     intx CICompilerCount                          = 3                                         {product} {ergonomic}
     uint ConcGCThreads                            = 1                                         {product} {ergonomic}
     uint G1ConcRefinementThreads                  = 4                                         {product} {ergonomic}
   size_t G1HeapRegionSize                         = 1048576                                   {product} {ergonomic}
    uintx GCDrainStackTargetSize                   = 64                                        {product} {ergonomic}
   size_t InitialHeapSize                          = 266338304                                 {product} {ergonomic}
   size_t MarkStackSize                            = 4194304                                   {product} {ergonomic}
   size_t MaxHeapSize                              = 4261412864                                {product} {ergonomic}
   size_t MaxNewSize                               = 2556428288                                {product} {ergonomic}
   size_t MinHeapDeltaBytes                        = 1048576                                   {product} {ergonomic}
   size_t MinHeapSize                              = 8388608                                   {product} {ergonomic}
    uintx NonNMethodCodeHeapSize                   = 5832780                                {pd product} {ergonomic}
    uintx NonProfiledCodeHeapSize                  = 122912730                              {pd product} {ergonomic}
    uintx ProfiledCodeHeapSize                     = 122912730                              {pd product} {ergonomic}
    uintx ReservedCodeCacheSize                    = 251658240                              {pd product} {ergonomic}
     bool SegmentedCodeCache                       = true                                      {product} {ergonomic}
   size_t SoftMaxHeapSize                          = 4261412864                             {manageable} {ergonomic}
     bool UseCompressedClassPointers               = true                                 {lp64_product} {ergonomic}
     bool UseCompressedOops                        = true                                 {lp64_product} {ergonomic}
     bool UseG1GC                                  = true                                      {product} {ergonomic}
     bool UseLargePagesIndividualAllocation        = false                                  {pd product} {ergonomic}

Logging:
Log output configuration:
 #0: stdout all=warning uptime,level,tags
 #1: stderr all=off uptime,level,tags

Environment Variables:
PATH=C:\Windows\system32;C:\Windows;C:\Windows\System32\Wbem;C:\Windows\System32\WindowsPowerShell\v1.0\;C:\Program Files (x86)\NVIDIA Corporation\PhysX\Common;C:\WINDOWS\system32;C:\WINDOWS;C:\WINDOWS\System32\Wbem;C:\WINDOWS\System32\WindowsPowerShell\v1.0\;C:\Program Files (x86)\Quest Software\vWorkspace Client\pntsc.exe;C:\WINDOWS\System32\OpenSSH\;C:\Program Files\NVIDIA Corporation\NVIDIA NvDLISR;C:\Program Files (x86)\Intel\Intel(R) Management Engine Components\DAL;C:\Program Files\Intel\Intel(R) Management Engine Components\DAL;C:\Program Files\Git\cmd;C:\Program Files\nodejs\;C:\\Program Files\MongoDB\Server\4.2\bin\;C:\Program Files\Intel\WiFi\bin\;C:\Program Files\Common Files\Intel\WirelessCommon\;C:\WINDOWS\system32;C:\WINDOWS;C:\WINDOWS\System32\Wbem;C:\WINDOWS\System32\WindowsPowerShell\v1.0\;C:\WINDOWS\System32\OpenSSH\;C:\Gradle\gradle-6.6.1\bin;;C:\Program Files\Docker\Docker\resources\bin;C:\ProgramData\DockerDesktop\version-bin;C:\Users\Alex\AppData\Local\Programs\Python\Python38\Scripts\;C:\Users\Alex\AppData\Local\Programs\Python\Python38\;C:\Users\Alex\AppData\Local\Microsoft\WindowsApps;C:\Program Files\heroku\bin;C:\Users\Alex\AppData\Roaming\npm;C:\Program Files\MySQL\MySQL Server 8.0\bin;C:\Users\Alex\AppData\Local\Programs\Microsoft VS Code\bin;C:\Java\jdk-14.0.2\bin;;C:\Program Files\JetBrains\IntelliJ IDEA Community Edition 2020.2.3\bin;
USERNAME=Alex
OS=Windows_NT
PROCESSOR_IDENTIFIER=Intel64 Family 6 Model 142 Stepping 9, GenuineIntel



---------------  S Y S T E M  ---------------

OS: Windows 10 , 64 bit Build 19041 (10.0.19041.546)
OS uptime: 3 days 22:16 hours
HyperV virtualization detected

CPU:total 4 (initial active 4) (2 cores per cpu, 2 threads per core) family 6 model 142 stepping 9, cmov, cx8, fxsr, mmx, sse, sse2, sse3, ssse3, sse4.1, sse4.2, popcnt, avx, avx2, aes, clmul, erms, 3dnowpref, lzcnt, ht, tsc, tscinvbit, bmi1, bmi2, adx, fma

Memory: 4k page, system-wide physical 16253M (8079M free)
TotalPageFile size 18685M (AvailPageFile size 6903M)
current process WorkingSet (physical memory assigned to process): 120M, peak: 120M
current process commit charge ("private bytes"): 365M, peak: 365M

vm_info: Java HotSpot(TM) 64-Bit Server VM (14.0.2+12-46) for windows-amd64 JRE (14.0.2+12-46), built on Jul  9 2020 00:35:52 by "mach5one" with MS VC++ 15.9 (VS2017)

END.
